#
# There is insufficient memory for the Java Runtime Environment to continue.
# Native memory allocation (malloc) failed to allocate 1048576 bytes. Error detail: AllocateHeap
# Possible reasons:
#   The system is out of physical RAM or swap space
#   This process is running with CompressedOops enabled, and the Java Heap may be blocking the growth of the native heap
# Possible solutions:
#   Reduce memory load on the system
#   Increase physical memory or swap space
#   Check if swap backing store is full
#   Decrease Java heap size (-Xmx/-Xms)
#   Decrease number of Java threads
#   Decrease Java thread stack sizes (-Xss)
#   Set larger code cache with -XX:ReservedCodeCacheSize=
#   JVM is running with Unscaled Compressed Oops mode in which the Java heap is
#     placed in the first 4GB address space. The Java Heap base address is the
#     maximum limit for the native heap growth. Please use -XX:HeapBaseMinAddress
#     to set the Java Heap base and to place the Java Heap above 4GB virtual address.
# This output file may be truncated or incomplete.
#
#  Out of Memory Error (allocation.cpp:44), pid=21456, tid=20652
#
# JRE version: OpenJDK Runtime Environment Temurin-21.0.10+7 (21.0.10+7) (build 21.0.10+7-LTS)
# Java VM: OpenJDK 64-Bit Server VM Temurin-21.0.10+7 (21.0.10+7-LTS, mixed mode, sharing, tiered, compressed oops, compressed class ptrs, parallel gc, windows-amd64)
# No core dump will be written. Minidumps are not enabled by default on client versions of Windows
#

---------------  S U M M A R Y ------------

Command Line: --add-modules=ALL-SYSTEM --add-opens=java.base/java.util=ALL-UNNAMED --add-opens=java.base/java.lang=ALL-UNNAMED --add-opens=java.base/sun.nio.fs=ALL-UNNAMED -Declipse.application=org.eclipse.jdt.ls.core.id1 -Dosgi.bundles.defaultStartLevel=4 -Declipse.product=org.eclipse.jdt.ls.core.product -Djava.import.generatesMetadataFilesAtProjectRoot=false -DDetectVMInstallationsJob.disabled=true -Dfile.encoding=utf8 -XX:+UseParallelGC -XX:GCTimeRatio=4 -XX:AdaptiveSizePolicyWeight=90 -Dsun.zip.disableMemoryMapping=true -Xmx2G -Xms100m -Xlog:disable -javaagent:c:\Users\Administrator\.vscode\extensions\redhat.java-1.54.0-win32-x64\lombok\lombok-1.18.39-4050.jar -XX:+HeapDumpOnOutOfMemoryError -XX:HeapDumpPath=c:\Users\Administrator\AppData\Roaming\Code\User\workspaceStorage\95c1adef3cf8799405aa5a7bc42a61d4\redhat.java -Daether.dependencyCollector.impl=bf c:\Users\Administrator\.vscode\extensions\redhat.java-1.54.0-win32-x64\server\plugins\org.eclipse.equinox.launcher_1.7.100.v20251111-0406.jar -configuration c:\Users\Administrator\AppData\Roaming\Code\User\globalStorage\redhat.java\1.54.0\config_win -data c:\Users\Administrator\AppData\Roaming\Code\User\workspaceStorage\95c1adef3cf8799405aa5a7bc42a61d4\redhat.java\jdt_ws --pipe=\\.\pipe\lsp-c34748b8ff6028ab14a930584c81a70f-sock

Host: AMD Ryzen 5 7535HS with Radeon Graphics        , 12 cores, 15G,  Windows 11 , 64 bit Build 26100 (10.0.26100.7920)
Time: Wed Jun 10 13:46:50 2026 elapsed time: 4916.810913 seconds (0d 1h 21m 56s)

---------------  T H R E A D  ---------------

Current thread (0x00000220450386e0):  JavaThread "Attach Listener" daemon [_thread_in_vm, id=20652, stack(0x000000fed0100000,0x000000fed0200000) (1024K)]

Stack: [0x000000fed0100000,0x000000fed0200000]
Native frames: (J=compiled Java code, j=interpreted, Vv=VM code, C=native code)
V  [jvm.dll+0x6d7a39]
V  [jvm.dll+0x8b4b26]
V  [jvm.dll+0x8b70de]
V  [jvm.dll+0x8b77c3]
V  [jvm.dll+0x284346]
V  [jvm.dll+0xc1277]
V  [jvm.dll+0x6d82e9]
V  [jvm.dll+0x1334a6]
V  [jvm.dll+0x3f857e]
V  [jvm.dll+0x85f59d]
V  [jvm.dll+0x6d626d]
C  [ucrtbase.dll+0x37b0]
C  [KERNEL32.DLL+0x2e8d7]
C  [ntdll.dll+0x8c48c]


---------------  P R O C E S S  ---------------

Threads class SMR info:
_java_thread_list=0x0000022048f8c4a0, length=47, elements={
0x00000220627ba870, 0x0000022079269590, 0x0000022045035c30, 0x00000220450367c0,
0x00000220450386e0, 0x00000220450393a0, 0x000002207926a230, 0x000002207926d080,
0x00000220450af120, 0x0000022045338ef0, 0x00000220453848f0, 0x0000022045b8efd0,
0x0000022045e3b9f0, 0x0000022045af8490, 0x0000022045af9e30, 0x0000022046114a40,
0x0000022046319720, 0x0000022045267df0, 0x00000220456ec360, 0x00000220456e9570,
0x0000022048726760, 0x0000022048727b10, 0x00000220487253b0, 0x0000022048728ec0,
0x0000022048726df0, 0x0000022048727480, 0x0000022048728830, 0x0000022048725a40,
0x00000220487281a0, 0x0000022048729550, 0x00000220487260d0, 0x000002204872af90,
0x0000022048729be0, 0x000002204872a270, 0x000002204872bcb0, 0x000002204872b620,
0x000002204692caa0, 0x000002204692b060, 0x00000220466dccd0, 0x00000220456ec9f0,
0x00000220466dd9f0, 0x00000220466e07e0, 0x0000022046928270, 0x0000022046a06890,
0x0000022046a05b70, 0x0000022046a09680, 0x0000022046a075b0
}

Java Threads: ( => current thread )
  0x00000220627ba870 JavaThread "main"                              [_thread_blocked, id=20464, stack(0x000000fecfa00000,0x000000fecfb00000) (1024K)]
  0x0000022079269590 JavaThread "Reference Handler"          daemon [_thread_blocked, id=20524, stack(0x000000fecfe00000,0x000000fecff00000) (1024K)]
  0x0000022045035c30 JavaThread "Finalizer"                  daemon [_thread_blocked, id=20680, stack(0x000000fecff00000,0x000000fed0000000) (1024K)]
  0x00000220450367c0 JavaThread "Signal Dispatcher"          daemon [_thread_blocked, id=20684, stack(0x000000fed0000000,0x000000fed0100000) (1024K)]
=>0x00000220450386e0 JavaThread "Attach Listener"            daemon [_thread_in_vm, id=20652, stack(0x000000fed0100000,0x000000fed0200000) (1024K)]
  0x00000220450393a0 JavaThread "Service Thread"             daemon [_thread_blocked, id=16664, stack(0x000000fed0200000,0x000000fed0300000) (1024K)]
  0x000002207926a230 JavaThread "Monitor Deflation Thread"   daemon [_thread_blocked, id=21420, stack(0x000000fed0300000,0x000000fed0400000) (1024K)]
  0x000002207926d080 JavaThread "C2 CompilerThread0"         daemon [_thread_blocked, id=21408, stack(0x000000fed0400000,0x000000fed0500000) (1024K)]
  0x00000220450af120 JavaThread "C1 CompilerThread0"         daemon [_thread_blocked, id=19968, stack(0x000000fed0500000,0x000000fed0600000) (1024K)]
  0x0000022045338ef0 JavaThread "Common-Cleaner"             daemon [_thread_blocked, id=17256, stack(0x000000fed0700000,0x000000fed0800000) (1024K)]
  0x00000220453848f0 JavaThread "Notification Thread"        daemon [_thread_blocked, id=21340, stack(0x000000fed0800000,0x000000fed0900000) (1024K)]
  0x0000022045b8efd0 JavaThread "Active Thread: Equinox Container: a6dcbc21-adb7-4805-a5c8-d1d9ec97b21b"        [_thread_blocked, id=4772, stack(0x000000fed1000000,0x000000fed1100000) (1024K)]
  0x0000022045e3b9f0 JavaThread "Refresh Thread: Equinox Container: a6dcbc21-adb7-4805-a5c8-d1d9ec97b21b" daemon [_thread_blocked, id=21352, stack(0x000000fed1200000,0x000000fed1300000) (1024K)]
  0x0000022045af8490 JavaThread "Framework Event Dispatcher: Equinox Container: a6dcbc21-adb7-4805-a5c8-d1d9ec97b21b" daemon [_thread_blocked, id=21088, stack(0x000000fed1300000,0x000000fed1400000) (1024K)]
  0x0000022045af9e30 JavaThread "Start Level: Equinox Container: a6dcbc21-adb7-4805-a5c8-d1d9ec97b21b" daemon [_thread_blocked, id=21400, stack(0x000000fed1400000,0x000000fed1500000) (1024K)]
  0x0000022046114a40 JavaThread "Bundle File Closer"         daemon [_thread_blocked, id=19908, stack(0x000000fed1700000,0x000000fed1800000) (1024K)]
  0x0000022046319720 JavaThread "SCR Component Actor"        daemon [_thread_blocked, id=21132, stack(0x000000fed0600000,0x000000fed0700000) (1024K)]
  0x0000022045267df0 JavaThread "Worker-JM"                         [_thread_blocked, id=20716, stack(0x000000fed0900000,0x000000fed0a00000) (1024K)]
  0x00000220456ec360 JavaThread "JNA Cleaner"                daemon [_thread_blocked, id=19712, stack(0x000000fed1800000,0x000000fed1900000) (1024K)]
  0x00000220456e9570 JavaThread "Java indexing"              daemon [_thread_blocked, id=22152, stack(0x000000fed1f00000,0x000000fed2000000) (1024K)]
  0x0000022048726760 JavaThread "Thread-1"                   daemon [_thread_in_native, id=22496, stack(0x000000fed2400000,0x000000fed2500000) (1024K)]
  0x0000022048727b10 JavaThread "Thread-2"                   daemon [_thread_in_native, id=22500, stack(0x000000fed2500000,0x000000fed2600000) (1024K)]
  0x00000220487253b0 JavaThread "Thread-3"                   daemon [_thread_in_native, id=22504, stack(0x000000fed2600000,0x000000fed2700000) (1024K)]
  0x0000022048728ec0 JavaThread "Thread-4"                   daemon [_thread_in_native, id=22508, stack(0x000000fed2700000,0x000000fed2800000) (1024K)]
  0x0000022048726df0 JavaThread "Thread-5"                   daemon [_thread_in_native, id=22512, stack(0x000000fed2800000,0x000000fed2900000) (1024K)]
  0x0000022048727480 JavaThread "Thread-6"                   daemon [_thread_in_native, id=22516, stack(0x000000fed2900000,0x000000fed2a00000) (1024K)]
  0x0000022048728830 JavaThread "Thread-7"                   daemon [_thread_in_native, id=22520, stack(0x000000fed2a00000,0x000000fed2b00000) (1024K)]
  0x0000022048725a40 JavaThread "Thread-8"                   daemon [_thread_in_native, id=22524, stack(0x000000fed2b00000,0x000000fed2c00000) (1024K)]
  0x00000220487281a0 JavaThread "Thread-9"                   daemon [_thread_in_native, id=21508, stack(0x000000fed2c00000,0x000000fed2d00000) (1024K)]
  0x0000022048729550 JavaThread "Thread-10"                  daemon [_thread_in_native, id=21484, stack(0x000000fed2d00000,0x000000fed2e00000) (1024K)]
  0x00000220487260d0 JavaThread "Thread-11"                  daemon [_thread_in_native, id=21608, stack(0x000000fed2e00000,0x000000fed2f00000) (1024K)]
  0x000002204872af90 JavaThread "Thread-12"                  daemon [_thread_in_native, id=21612, stack(0x000000fed2f00000,0x000000fed3000000) (1024K)]
  0x0000022048729be0 JavaThread "Thread-13"                  daemon [_thread_in_native, id=20220, stack(0x000000fed3000000,0x000000fed3100000) (1024K)]
  0x000002204872a270 JavaThread "pool-2-thread-1"                   [_thread_blocked, id=21280, stack(0x000000fed3100000,0x000000fed3200000) (1024K)]
  0x000002204872bcb0 JavaThread "WorkspaceEventsHandler"            [_thread_blocked, id=7780, stack(0x000000fed3200000,0x000000fed3300000) (1024K)]
  0x000002204872b620 JavaThread "pool-1-thread-1"                   [_thread_blocked, id=21444, stack(0x000000fed3300000,0x000000fed3400000) (1024K)]
  0x000002204692caa0 JavaThread "Timer-0"                           [_thread_blocked, id=22244, stack(0x000000fed4100000,0x000000fed4200000) (1024K)]
  0x000002204692b060 JavaThread "Cleaner-0"                  daemon [_thread_blocked, id=11956, stack(0x000000fecf700000,0x000000fecf800000) (1024K)]
  0x00000220466dccd0 JavaThread "Worker-6"                          [_thread_blocked, id=22688, stack(0x000000fecf900000,0x000000fecfa00000) (1024K)]
  0x00000220456ec9f0 JavaThread "ForkJoinPool.commonPool-worker-32" daemon [_thread_blocked, id=2412, stack(0x000000fecf800000,0x000000fecf900000) (1024K)]
  0x00000220466dd9f0 JavaThread "ForkJoinPool.commonPool-worker-35" daemon [_thread_blocked, id=20088, stack(0x000000fed1b00000,0x000000fed1c00000) (1024K)]
  0x00000220466e07e0 JavaThread "ForkJoinPool.commonPool-worker-39" daemon [_thread_blocked, id=17096, stack(0x000000fed2100000,0x000000fed2200000) (1024K)]
  0x0000022046928270 JavaThread "ForkJoinPool.commonPool-worker-42" daemon [_thread_blocked, id=2612, stack(0x000000fed3400000,0x000000fed3500000) (1024K)]
  0x0000022046a06890 JavaThread "Compiler Source File Reader" daemon [_thread_blocked, id=11408, stack(0x000000fed3a00000,0x000000fed3b00000) (1024K)]
  0x0000022046a05b70 JavaThread "Compiler Source File Reader" daemon [_thread_blocked, id=19812, stack(0x000000fed1900000,0x000000fed1a00000) (1024K)]
  0x0000022046a09680 JavaThread "Worker-17"                         [_thread_blocked, id=18236, stack(0x000000fed1a00000,0x000000fed1b00000) (1024K)]
  0x0000022046a075b0 JavaThread "Compiler Source File Reader" daemon [_thread_blocked, id=20816, stack(0x000000fed1c00000,0x000000fed1d00000) (1024K)]
Total: 47

Other Threads:
  0x0000022079254890 VMThread "VM Thread"                           [id=19720, stack(0x000000fecfd00000,0x000000fecfe00000) (1024K)]
  0x000002207914cb20 WatcherThread "VM Periodic Task Thread"        [id=20532, stack(0x000000fecfc00000,0x000000fecfd00000) (1024K)]
  0x00000220627d8dc0 WorkerThread "GC Thread#0"                     [id=20248, stack(0x000000fecfb00000,0x000000fecfc00000) (1024K)]
  0x0000022045b55300 WorkerThread "GC Thread#1"                     [id=21212, stack(0x000000fed0a00000,0x000000fed0b00000) (1024K)]
  0x0000022045ad0b40 WorkerThread "GC Thread#2"                     [id=20552, stack(0x000000fed0b00000,0x000000fed0c00000) (1024K)]
  0x0000022045ad0ef0 WorkerThread "GC Thread#3"                     [id=20620, stack(0x000000fed0c00000,0x000000fed0d00000) (1024K)]
  0x0000022045ad12a0 WorkerThread "GC Thread#4"                     [id=19980, stack(0x000000fed0d00000,0x000000fed0e00000) (1024K)]
  0x0000022045ad1650 WorkerThread "GC Thread#5"                     [id=21404, stack(0x000000fed0e00000,0x000000fed0f00000) (1024K)]
  0x00000220456780c0 WorkerThread "GC Thread#6"                     [id=20380, stack(0x000000fed0f00000,0x000000fed1000000) (1024K)]
  0x0000022045bca800 WorkerThread "GC Thread#7"                     [id=3956, stack(0x000000fed1100000,0x000000fed1200000) (1024K)]
  0x0000022046078f00 WorkerThread "GC Thread#8"                     [id=21184, stack(0x000000fed1500000,0x000000fed1600000) (1024K)]
  0x0000022046068aa0 WorkerThread "GC Thread#9"                     [id=20528, stack(0x000000fed1600000,0x000000fed1700000) (1024K)]
Total: 12

Threads with active compile tasks:
Total: 0

VM state: not at safepoint (normal execution)

VM Mutex/Monitor currently owned by a thread: None

Heap address: 0x0000000080000000, size: 2048 MB, Compressed Oops mode: 32-bit

CDS archive(s) mapped at: [0x0000022000000000-0x0000022000ba0000-0x0000022000ba0000), size 12189696, SharedBaseAddress: 0x0000022000000000, ArchiveRelocationMode: 1.
Compressed class space mapped at: 0x0000022001000000-0x0000022041000000, reserved size: 1073741824
Narrow klass base: 0x0000022000000000, Narrow klass shift: 0, Narrow klass range: 0x100000000

GC Precious Log:
 CardTable entry size: 512
 CPUs: 12 total, 12 available
 Memory: 15688M
 Large Page Support: Disabled
 NUMA Support: Disabled
 Compressed Oops: Enabled (32-bit)
 Alignments: Space 512K, Generation 512K, Heap 2M
 Heap Min Capacity: 100M
 Heap Initial Capacity: 100M
 Heap Max Capacity: 2G
 Pre-touch: Disabled
 Parallel Workers: 10

Heap:
 PSYoungGen      total 5120K, used 2293K [0x00000000d5580000, 0x00000000d5c80000, 0x0000000100000000)
  eden space 4608K, 38% used [0x00000000d5580000,0x00000000d573d5f8,0x00000000d5a00000)
  from space 512K, 100% used [0x00000000d5b00000,0x00000000d5b80000,0x00000000d5b80000)
  to   space 1024K, 0% used [0x00000000d5a00000,0x00000000d5a00000,0x00000000d5b00000)
 ParOldGen       total 1157632K, used 1157197K [0x0000000080000000, 0x00000000c6a80000, 0x00000000d5580000)
  object space 1157632K, 99% used [0x0000000080000000,0x00000000c6a13528,0x00000000c6a80000)
 Metaspace       used 104175K, committed 106240K, reserved 1179648K
  class space    used 11378K, committed 12352K, reserved 1048576K

Card table byte_map: [0x0000022062180000,0x0000022062590000] _byte_map_base: 0x0000022061d80000

Marking Bits: (ParMarkBitMap*) 0x00007ff984253450
 Begin Bits: [0x0000022074c70000, 0x0000022076c70000)
 End Bits:   [0x0000022076c70000, 0x0000022078c70000)

Polling page: 0x00000220604d0000

Metaspace:

Usage:
  Non-class:     90.62 MB used.
      Class:     11.11 MB used.
       Both:    101.73 MB used.

Virtual space:
  Non-class space:      128.00 MB reserved,      91.69 MB ( 72%) committed,  2 nodes.
      Class space:        1.00 GB reserved,      12.06 MB (  1%) committed,  1 nodes.
             Both:        1.12 GB reserved,     103.75 MB (  9%) committed. 

Chunk freelists:
   Non-Class:  4.29 MB
       Class:  3.85 MB
        Both:  8.13 MB

MaxMetaspaceSize: unlimited
CompressedClassSpaceSize: 1.00 GB
Initial GC threshold: 21.00 MB
Current GC threshold: 159.00 MB
CDS: on
 - commit_granule_bytes: 65536.
 - commit_granule_words: 8192.
 - virtual_space_node_default_size: 8388608.
 - enlarge_chunks_in_place: 1.
 - use_allocation_guard: 0.


Internal statistics:

num_allocs_failed_limit: 13.
num_arena_births: 1942.
num_arena_deaths: 18.
num_vsnodes_births: 3.
num_vsnodes_deaths: 0.
num_space_committed: 1659.
num_space_uncommitted: 0.
num_chunks_returned_to_freelist: 32.
num_chunks_taken_from_freelist: 6872.
num_chunk_merges: 14.
num_chunk_splits: 4225.
num_chunks_enlarged: 2480.
num_inconsistent_stats: 0.

CodeHeap 'non-profiled nmethods': size=120000Kb used=26056Kb max_used=26056Kb free=93943Kb
 bounds [0x000002206d490000, 0x000002206ee10000, 0x00000220749c0000]
CodeHeap 'profiled nmethods': size=120000Kb used=53997Kb max_used=53997Kb free=66002Kb
 bounds [0x00000220659c0000, 0x0000022068e80000, 0x000002206cef0000]
CodeHeap 'non-nmethods': size=5760Kb used=1560Kb max_used=1644Kb free=4199Kb
 bounds [0x000002206cef0000, 0x000002206d160000, 0x000002206d490000]
CodeCache: size=245760Kb, used=81613Kb, max_used=81697Kb, free=164144Kb
 total_blobs=22327, nmethods=21440, adapters=789, full_count=0
Compilation: enabled, stopped_count=0, restarted_count=0

Compilation events (20 events):
Event: 4835.759 Thread 0x000002207926d080 25616       4       java.lang.Runtime$Version::isSimpleNumber (49 bytes)
Event: 4835.766 Thread 0x000002207926d080 nmethod 25616 0x000002206edfca10 code [0x000002206edfcba0, 0x000002206edfcd28]
Event: 4835.799 Thread 0x000002207926d080 25617       4       org.eclipse.jdt.internal.compiler.lookup.SourceTypeBinding::setSuperInterfaces (166 bytes)
Event: 4835.803 Thread 0x000002207926d080 nmethod 25617 0x000002206edfce90 code [0x000002206edfd060, 0x000002206edfd330]
Event: 4835.827 Thread 0x000002207926d080 25618       4       org.eclipse.jdt.internal.compiler.ast.TypeReference::isTypeNameVar (42 bytes)
Event: 4835.829 Thread 0x000002207926d080 nmethod 25618 0x000002206edfd590 code [0x000002206edfd720, 0x000002206edfd978]
Event: 4835.850 Thread 0x000002207926d080 25619       4       org.eclipse.jdt.internal.compiler.ast.NameReference::isTypeReference (8 bytes)
Event: 4835.850 Thread 0x000002207926d080 nmethod 25619 0x000002206edfdb10 code [0x000002206edfdca0, 0x000002206edfdd68]
Event: 4835.885 Thread 0x000002207926d080 25620       4       org.eclipse.jdt.internal.compiler.ClassFile::generateRuntimeAnnotations (838 bytes)
Event: 4835.917 Thread 0x000002207926d080 nmethod 25620 0x000002206edfde10 code [0x000002206edfe0a0, 0x000002206edff2d0]
Event: 4835.918 Thread 0x000002207926d080 25622       4       org.eclipse.jdt.core.dom.PrimitiveType::internalAnnotationsProperty (4 bytes)
Event: 4835.918 Thread 0x000002207926d080 nmethod 25622 0x000002206edffe90 code [0x000002206ee00020, 0x000002206ee000b0]
Event: 4835.918 Thread 0x000002207926d080 25621       4       org.eclipse.jdt.internal.compiler.lookup.TypeBinding::wellKnownBaseType (86 bytes)
Event: 4835.919 Thread 0x000002207926d080 nmethod 25621 0x000002206ee00190 code [0x000002206ee00320, 0x000002206ee003e0]
Event: 4835.939 Thread 0x000002207926d080 25623       4       org.eclipse.jdt.internal.compiler.lookup.CompilationUnitScope::findImport (394 bytes)
Event: 4835.972 Thread 0x000002207926d080 nmethod 25623 0x000002206ee00490 code [0x000002206ee00740, 0x000002206ee015a0]
Event: 4835.996 Thread 0x00000220450af120 25624       3       org.eclipse.jdt.internal.compiler.lookup.ImplicitNullAnnotationVerifier::<init> (39 bytes)
Event: 4835.996 Thread 0x00000220450af120 nmethod 25624 0x0000022068e7f010 code [0x0000022068e7f1c0, 0x0000022068e7f4b8]
Event: 4835.997 Thread 0x000002207926d080 25625       4       org.eclipse.jdt.core.dom.SingleMemberAnnotation::internalTypeNameProperty (4 bytes)
Event: 4835.997 Thread 0x000002207926d080 nmethod 25625 0x000002206ee02090 code [0x000002206ee02220, 0x000002206ee022b0]

GC Heap History (20 events):
Event: 4835.813 GC heap before
{Heap before GC invocations=2270 (full 5):
 PSYoungGen      total 4608K, used 4608K [0x00000000d5580000, 0x00000000d5c80000, 0x0000000100000000)
  eden space 4096K, 100% used [0x00000000d5580000,0x00000000d5980000,0x00000000d5980000)
  from space 512K, 100% used [0x00000000d5b80000,0x00000000d5c00000,0x00000000d5c00000)
  to   space 1536K, 0% used [0x00000000d5980000,0x00000000d5980000,0x00000000d5b00000)
 ParOldGen       total 1153024K, used 1152543K [0x0000000080000000, 0x00000000c6600000, 0x00000000d5580000)
  object space 1153024K, 99% used [0x0000000080000000,0x00000000c6587df8,0x00000000c6600000)
 Metaspace       used 104175K, committed 106240K, reserved 1179648K
  class space    used 11378K, committed 12352K, reserved 1048576K
}
Event: 4835.818 GC heap after
{Heap after GC invocations=2270 (full 5):
 PSYoungGen      total 5632K, used 608K [0x00000000d5580000, 0x00000000d5c00000, 0x0000000100000000)
  eden space 4096K, 0% used [0x00000000d5580000,0x00000000d5580000,0x00000000d5980000)
  from space 1536K, 39% used [0x00000000d5980000,0x00000000d5a18020,0x00000000d5b00000)
  to   space 1024K, 0% used [0x00000000d5b00000,0x00000000d5b00000,0x00000000d5c00000)
 ParOldGen       total 1153024K, used 1152903K [0x0000000080000000, 0x00000000c6600000, 0x00000000d5580000)
  object space 1153024K, 99% used [0x0000000080000000,0x00000000c65e1df8,0x00000000c6600000)
 Metaspace       used 104175K, committed 106240K, reserved 1179648K
  class space    used 11378K, committed 12352K, reserved 1048576K
}
Event: 4835.851 GC heap before
{Heap before GC invocations=2271 (full 5):
 PSYoungGen      total 5632K, used 4704K [0x00000000d5580000, 0x00000000d5c00000, 0x0000000100000000)
  eden space 4096K, 100% used [0x00000000d5580000,0x00000000d5980000,0x00000000d5980000)
  from space 1536K, 39% used [0x00000000d5980000,0x00000000d5a18020,0x00000000d5b00000)
  to   space 1024K, 0% used [0x00000000d5b00000,0x00000000d5b00000,0x00000000d5c00000)
 ParOldGen       total 1153024K, used 1152903K [0x0000000080000000, 0x00000000c6600000, 0x00000000d5580000)
  object space 1153024K, 99% used [0x0000000080000000,0x00000000c65e1df8,0x00000000c6600000)
 Metaspace       used 104175K, committed 106240K, reserved 1179648K
  class space    used 11378K, committed 12352K, reserved 1048576K
}
Event: 4835.853 GC heap after
{Heap after GC invocations=2271 (full 5):
 PSYoungGen      total 5120K, used 576K [0x00000000d5580000, 0x00000000d5c00000, 0x0000000100000000)
  eden space 4096K, 0% used [0x00000000d5580000,0x00000000d5580000,0x00000000d5980000)
  from space 1024K, 56% used [0x00000000d5b00000,0x00000000d5b90000,0x00000000d5c00000)
  to   space 1024K, 0% used [0x00000000d5a00000,0x00000000d5a00000,0x00000000d5b00000)
 ParOldGen       total 1153536K, used 1153359K [0x0000000080000000, 0x00000000c6680000, 0x00000000d5580000)
  object space 1153536K, 99% used [0x0000000080000000,0x00000000c6653e38,0x00000000c6680000)
 Metaspace       used 104175K, committed 106240K, reserved 1179648K
  class space    used 11378K, committed 12352K, reserved 1048576K
}
Event: 4835.873 GC heap before
{Heap before GC invocations=2272 (full 5):
 PSYoungGen      total 5120K, used 4672K [0x00000000d5580000, 0x00000000d5c00000, 0x0000000100000000)
  eden space 4096K, 100% used [0x00000000d5580000,0x00000000d5980000,0x00000000d5980000)
  from space 1024K, 56% used [0x00000000d5b00000,0x00000000d5b90000,0x00000000d5c00000)
  to   space 1024K, 0% used [0x00000000d5a00000,0x00000000d5a00000,0x00000000d5b00000)
 ParOldGen       total 1153536K, used 1153359K [0x0000000080000000, 0x00000000c6680000, 0x00000000d5580000)
  object space 1153536K, 99% used [0x0000000080000000,0x00000000c6653e38,0x00000000c6680000)
 Metaspace       used 104175K, committed 106240K, reserved 1179648K
  class space    used 11378K, committed 12352K, reserved 1048576K
}
Event: 4835.875 GC heap after
{Heap after GC invocations=2272 (full 5):
 PSYoungGen      total 5120K, used 544K [0x00000000d5580000, 0x00000000d5b80000, 0x0000000100000000)
  eden space 4096K, 0% used [0x00000000d5580000,0x00000000d5580000,0x00000000d5980000)
  from space 1024K, 53% used [0x00000000d5a00000,0x00000000d5a88000,0x00000000d5b00000)
  to   space 512K, 0% used [0x00000000d5b00000,0x00000000d5b00000,0x00000000d5b80000)
 ParOldGen       total 1154048K, used 1153799K [0x0000000080000000, 0x00000000c6700000, 0x00000000d5580000)
  object space 1154048K, 99% used [0x0000000080000000,0x00000000c66c1e78,0x00000000c6700000)
 Metaspace       used 104175K, committed 106240K, reserved 1179648K
  class space    used 11378K, committed 12352K, reserved 1048576K
}
Event: 4835.894 GC heap before
{Heap before GC invocations=2273 (full 5):
 PSYoungGen      total 5120K, used 4640K [0x00000000d5580000, 0x00000000d5b80000, 0x0000000100000000)
  eden space 4096K, 100% used [0x00000000d5580000,0x00000000d5980000,0x00000000d5980000)
  from space 1024K, 53% used [0x00000000d5a00000,0x00000000d5a88000,0x00000000d5b00000)
  to   space 512K, 0% used [0x00000000d5b00000,0x00000000d5b00000,0x00000000d5b80000)
 ParOldGen       total 1154048K, used 1153799K [0x0000000080000000, 0x00000000c6700000, 0x00000000d5580000)
  object space 1154048K, 99% used [0x0000000080000000,0x00000000c66c1e78,0x00000000c6700000)
 Metaspace       used 104175K, committed 106240K, reserved 1179648K
  class space    used 11378K, committed 12352K, reserved 1048576K
}
Event: 4835.898 GC heap after
{Heap after GC invocations=2273 (full 5):
 PSYoungGen      total 4608K, used 512K [0x00000000d5580000, 0x00000000d5c80000, 0x0000000100000000)
  eden space 4096K, 0% used [0x00000000d5580000,0x00000000d5580000,0x00000000d5980000)
  from space 512K, 100% used [0x00000000d5b00000,0x00000000d5b80000,0x00000000d5b80000)
  to   space 1536K, 0% used [0x00000000d5980000,0x00000000d5980000,0x00000000d5b00000)
 ParOldGen       total 1154560K, used 1154459K [0x0000000080000000, 0x00000000c6780000, 0x00000000d5580000)
  object space 1154560K, 99% used [0x0000000080000000,0x00000000c6766f28,0x00000000c6780000)
 Metaspace       used 104175K, committed 106240K, reserved 1179648K
  class space    used 11378K, committed 12352K, reserved 1048576K
}
Event: 4835.911 GC heap before
{Heap before GC invocations=2274 (full 5):
 PSYoungGen      total 4608K, used 4608K [0x00000000d5580000, 0x00000000d5c80000, 0x0000000100000000)
  eden space 4096K, 100% used [0x00000000d5580000,0x00000000d5980000,0x00000000d5980000)
  from space 512K, 100% used [0x00000000d5b00000,0x00000000d5b80000,0x00000000d5b80000)
  to   space 1536K, 0% used [0x00000000d5980000,0x00000000d5980000,0x00000000d5b00000)
 ParOldGen       total 1154560K, used 1154459K [0x0000000080000000, 0x00000000c6780000, 0x00000000d5580000)
  object space 1154560K, 99% used [0x0000000080000000,0x00000000c6766f28,0x00000000c6780000)
 Metaspace       used 104175K, committed 106240K, reserved 1179648K
  class space    used 11378K, committed 12352K, reserved 1048576K
}
Event: 4835.914 GC heap after
{Heap after GC invocations=2274 (full 5):
 PSYoungGen      total 5120K, used 586K [0x00000000d5580000, 0x00000000d5b80000, 0x0000000100000000)
  eden space 4096K, 0% used [0x00000000d5580000,0x00000000d5580000,0x00000000d5980000)
  from space 1024K, 57% used [0x00000000d5980000,0x00000000d5a12910,0x00000000d5a80000)
  to   space 1024K, 0% used [0x00000000d5a80000,0x00000000d5a80000,0x00000000d5b80000)
 ParOldGen       total 1155072K, used 1154927K [0x0000000080000000, 0x00000000c6800000, 0x00000000d5580000)
  object space 1155072K, 99% used [0x0000000080000000,0x00000000c67dbde8,0x00000000c6800000)
 Metaspace       used 104175K, committed 106240K, reserved 1179648K
  class space    used 11378K, committed 12352K, reserved 1048576K
}
Event: 4835.926 GC heap before
{Heap before GC invocations=2275 (full 5):
 PSYoungGen      total 5120K, used 4682K [0x00000000d5580000, 0x00000000d5b80000, 0x0000000100000000)
  eden space 4096K, 100% used [0x00000000d5580000,0x00000000d5980000,0x00000000d5980000)
  from space 1024K, 57% used [0x00000000d5980000,0x00000000d5a12910,0x00000000d5a80000)
  to   space 1024K, 0% used [0x00000000d5a80000,0x00000000d5a80000,0x00000000d5b80000)
 ParOldGen       total 1155072K, used 1154927K [0x0000000080000000, 0x00000000c6800000, 0x00000000d5580000)
  object space 1155072K, 99% used [0x0000000080000000,0x00000000c67dbde8,0x00000000c6800000)
 Metaspace       used 104175K, committed 106240K, reserved 1179648K
  class space    used 11378K, committed 12352K, reserved 1048576K
}
Event: 4835.931 GC heap after
{Heap after GC invocations=2275 (full 5):
 PSYoungGen      total 5120K, used 672K [0x00000000d5580000, 0x00000000d5b80000, 0x0000000100000000)
  eden space 4096K, 0% used [0x00000000d5580000,0x00000000d5580000,0x00000000d5980000)
  from space 1024K, 65% used [0x00000000d5a80000,0x00000000d5b28000,0x00000000d5b80000)
  to   space 1024K, 0% used [0x00000000d5980000,0x00000000d5980000,0x00000000d5a80000)
 ParOldGen       total 1155584K, used 1155379K [0x0000000080000000, 0x00000000c6880000, 0x00000000d5580000)
  object space 1155584K, 99% used [0x0000000080000000,0x00000000c684cff8,0x00000000c6880000)
 Metaspace       used 104175K, committed 106240K, reserved 1179648K
  class space    used 11378K, committed 12352K, reserved 1048576K
}
Event: 4835.943 GC heap before
{Heap before GC invocations=2276 (full 5):
 PSYoungGen      total 5120K, used 4768K [0x00000000d5580000, 0x00000000d5b80000, 0x0000000100000000)
  eden space 4096K, 100% used [0x00000000d5580000,0x00000000d5980000,0x00000000d5980000)
  from space 1024K, 65% used [0x00000000d5a80000,0x00000000d5b28000,0x00000000d5b80000)
  to   space 1024K, 0% used [0x00000000d5980000,0x00000000d5980000,0x00000000d5a80000)
 ParOldGen       total 1155584K, used 1155379K [0x0000000080000000, 0x00000000c6880000, 0x00000000d5580000)
  object space 1155584K, 99% used [0x0000000080000000,0x00000000c684cff8,0x00000000c6880000)
 Metaspace       used 104175K, committed 106240K, reserved 1179648K
  class space    used 11378K, committed 12352K, reserved 1048576K
}
Event: 4835.945 GC heap after
{Heap after GC invocations=2276 (full 5):
 PSYoungGen      total 5120K, used 592K [0x00000000d5580000, 0x00000000d5b80000, 0x0000000100000000)
  eden space 4096K, 0% used [0x00000000d5580000,0x00000000d5580000,0x00000000d5980000)
  from space 1024K, 57% used [0x00000000d5980000,0x00000000d5a14010,0x00000000d5a80000)
  to   space 1024K, 0% used [0x00000000d5a80000,0x00000000d5a80000,0x00000000d5b80000)
 ParOldGen       total 1156096K, used 1155896K [0x0000000080000000, 0x00000000c6900000, 0x00000000d5580000)
  object space 1156096K, 99% used [0x0000000080000000,0x00000000c68ce028,0x00000000c6900000)
 Metaspace       used 104175K, committed 106240K, reserved 1179648K
  class space    used 11378K, committed 12352K, reserved 1048576K
}
Event: 4835.956 GC heap before
{Heap before GC invocations=2277 (full 5):
 PSYoungGen      total 5120K, used 4688K [0x00000000d5580000, 0x00000000d5b80000, 0x0000000100000000)
  eden space 4096K, 100% used [0x00000000d5580000,0x00000000d5980000,0x00000000d5980000)
  from space 1024K, 57% used [0x00000000d5980000,0x00000000d5a14010,0x00000000d5a80000)
  to   space 1024K, 0% used [0x00000000d5a80000,0x00000000d5a80000,0x00000000d5b80000)
 ParOldGen       total 1156096K, used 1155896K [0x0000000080000000, 0x00000000c6900000, 0x00000000d5580000)
  object space 1156096K, 99% used [0x0000000080000000,0x00000000c68ce028,0x00000000c6900000)
 Metaspace       used 104175K, committed 106240K, reserved 1179648K
  class space    used 11378K, committed 12352K, reserved 1048576K
}
Event: 4835.959 GC heap after
{Heap after GC invocations=2277 (full 5):
 PSYoungGen      total 5120K, used 580K [0x00000000d5580000, 0x00000000d5b80000, 0x0000000100000000)
  eden space 4096K, 0% used [0x00000000d5580000,0x00000000d5580000,0x00000000d5980000)
  from space 1024K, 56% used [0x00000000d5a80000,0x00000000d5b11210,0x00000000d5b80000)
  to   space 1024K, 0% used [0x00000000d5980000,0x00000000d5980000,0x00000000d5a80000)
 ParOldGen       total 1156608K, used 1156336K [0x0000000080000000, 0x00000000c6980000, 0x00000000d5580000)
  object space 1156608K, 99% used [0x0000000080000000,0x00000000c693c068,0x00000000c6980000)
 Metaspace       used 104175K, committed 106240K, reserved 1179648K
  class space    used 11378K, committed 12352K, reserved 1048576K
}
Event: 4835.967 GC heap before
{Heap before GC invocations=2278 (full 5):
 PSYoungGen      total 5120K, used 4676K [0x00000000d5580000, 0x00000000d5b80000, 0x0000000100000000)
  eden space 4096K, 100% used [0x00000000d5580000,0x00000000d5980000,0x00000000d5980000)
  from space 1024K, 56% used [0x00000000d5a80000,0x00000000d5b11210,0x00000000d5b80000)
  to   space 1024K, 0% used [0x00000000d5980000,0x00000000d5980000,0x00000000d5a80000)
 ParOldGen       total 1156608K, used 1156336K [0x0000000080000000, 0x00000000c6980000, 0x00000000d5580000)
  object space 1156608K, 99% used [0x0000000080000000,0x00000000c693c068,0x00000000c6980000)
 Metaspace       used 104175K, committed 106240K, reserved 1179648K
  class space    used 11378K, committed 12352K, reserved 1048576K
}
Event: 4835.971 GC heap after
{Heap after GC invocations=2278 (full 5):
 PSYoungGen      total 5120K, used 416K [0x00000000d5580000, 0x00000000d5b80000, 0x0000000100000000)
  eden space 4096K, 0% used [0x00000000d5580000,0x00000000d5580000,0x00000000d5980000)
  from space 1024K, 40% used [0x00000000d5980000,0x00000000d59e8000,0x00000000d5a80000)
  to   space 512K, 0% used [0x00000000d5b00000,0x00000000d5b00000,0x00000000d5b80000)
 ParOldGen       total 1157120K, used 1156817K [0x0000000080000000, 0x00000000c6a00000, 0x00000000d5580000)
  object space 1157120K, 99% used [0x0000000080000000,0x00000000c69b4508,0x00000000c6a00000)
 Metaspace       used 104175K, committed 106240K, reserved 1179648K
  class space    used 11378K, committed 12352K, reserved 1048576K
}
Event: 4835.990 GC heap before
{Heap before GC invocations=2279 (full 5):
 PSYoungGen      total 5120K, used 4512K [0x00000000d5580000, 0x00000000d5b80000, 0x0000000100000000)
  eden space 4096K, 100% used [0x00000000d5580000,0x00000000d5980000,0x00000000d5980000)
  from space 1024K, 40% used [0x00000000d5980000,0x00000000d59e8000,0x00000000d5a80000)
  to   space 512K, 0% used [0x00000000d5b00000,0x00000000d5b00000,0x00000000d5b80000)
 ParOldGen       total 1157120K, used 1156817K [0x0000000080000000, 0x00000000c6a00000, 0x00000000d5580000)
  object space 1157120K, 99% used [0x0000000080000000,0x00000000c69b4508,0x00000000c6a00000)
 Metaspace       used 104175K, committed 106240K, reserved 1179648K
  class space    used 11378K, committed 12352K, reserved 1048576K
}
Event: 4835.994 GC heap after
{Heap after GC invocations=2279 (full 5):
 PSYoungGen      total 5120K, used 512K [0x00000000d5580000, 0x00000000d5c80000, 0x0000000100000000)
  eden space 4608K, 0% used [0x00000000d5580000,0x00000000d5580000,0x00000000d5a00000)
  from space 512K, 100% used [0x00000000d5b00000,0x00000000d5b80000,0x00000000d5b80000)
  to   space 1024K, 0% used [0x00000000d5a00000,0x00000000d5a00000,0x00000000d5b00000)
 ParOldGen       total 1157632K, used 1157197K [0x0000000080000000, 0x00000000c6a80000, 0x00000000d5580000)
  object space 1157632K, 99% used [0x0000000080000000,0x00000000c6a13528,0x00000000c6a80000)
 Metaspace       used 104175K, committed 106240K, reserved 1179648K
  class space    used 11378K, committed 12352K, reserved 1048576K
}

Dll operation events (15 events):
Event: 0.023 Loaded shared library c:\Users\Administrator\.vscode\extensions\redhat.java-1.54.0-win32-x64\jre\21.0.10-win32-x86_64\bin\java.dll
Event: 0.059 Loaded shared library c:\Users\Administrator\.vscode\extensions\redhat.java-1.54.0-win32-x64\jre\21.0.10-win32-x86_64\bin\zip.dll
Event: 0.142 Loaded shared library C:\Users\Administrator\.vscode\extensions\redhat.java-1.54.0-win32-x64\jre\21.0.10-win32-x86_64\bin\instrument.dll
Event: 0.148 Loaded shared library C:\Users\Administrator\.vscode\extensions\redhat.java-1.54.0-win32-x64\jre\21.0.10-win32-x86_64\bin\net.dll
Event: 0.150 Loaded shared library C:\Users\Administrator\.vscode\extensions\redhat.java-1.54.0-win32-x64\jre\21.0.10-win32-x86_64\bin\nio.dll
Event: 0.154 Loaded shared library C:\Users\Administrator\.vscode\extensions\redhat.java-1.54.0-win32-x64\jre\21.0.10-win32-x86_64\bin\zip.dll
Event: 0.178 Loaded shared library C:\Users\Administrator\.vscode\extensions\redhat.java-1.54.0-win32-x64\jre\21.0.10-win32-x86_64\bin\jimage.dll
Event: 0.294 Loaded shared library c:\Users\Administrator\.vscode\extensions\redhat.java-1.54.0-win32-x64\jre\21.0.10-win32-x86_64\bin\verify.dll
Event: 2.236 Loaded shared library C:\Users\Administrator\AppData\Roaming\Code\User\globalStorage\redhat.java\1.54.0\config_win\org.eclipse.equinox.launcher\org.eclipse.equinox.launcher.win32.win32.x86_64_1.3.0.v20260203-2149\eclipse_11919.dll
Event: 9.722 Loaded shared library C:\Users\Administrator\AppData\Local\Temp\jna-146731693\jna9846652839139127967.dll
Event: 14.786 Loaded shared library C:\Users\Administrator\.vscode\extensions\redhat.java-1.54.0-win32-x64\jre\21.0.10-win32-x86_64\bin\sunmscapi.dll
Event: 17.210 Loaded shared library C:\Users\Administrator\.vscode\extensions\redhat.java-1.54.0-win32-x64\jre\21.0.10-win32-x86_64\bin\extnet.dll
Event: 20.542 Loaded shared library C:\Users\Administrator\.gradle\native\660c5614fbf4a5f2a75b1949f50a0caf5cd603558e7d8a26e50b933a0cfb79d1\windows-amd64\native-platform.dll
Event: 23.759 Loaded shared library C:\Users\Administrator\.vscode\extensions\redhat.java-1.54.0-win32-x64\jre\21.0.10-win32-x86_64\bin\management.dll
Event: 23.763 Loaded shared library C:\Users\Administrator\.vscode\extensions\redhat.java-1.54.0-win32-x64\jre\21.0.10-win32-x86_64\bin\management_ext.dll

Deoptimization events (20 events):
Event: 4616.657 Thread 0x00000220456e9570 Uncommon trap: trap_request=0xffffffc6 fr.pc=0x000002206ec34ebc relative=0x000000000000179c
Event: 4616.657 Thread 0x00000220456e9570 Uncommon trap: reason=bimorphic_or_optimized_type_check action=maybe_recompile pc=0x000002206ec34ebc method=org.eclipse.jdt.internal.compiler.parser.Parser.consumeRule(I)V @ 7516 c2
Event: 4616.657 Thread 0x00000220456e9570 DEOPT PACKING pc=0x000002206ec34ebc sp=0x000000fed1ffeef0
Event: 4616.657 Thread 0x00000220456e9570 DEOPT UNPACKING pc=0x000002206cf43aa2 sp=0x000000fed1ffee78 mode 2
Event: 4616.657 Thread 0x00000220456e9570 Uncommon trap: trap_request=0xffffffc6 fr.pc=0x000002206ec34580 relative=0x0000000000000e60
Event: 4616.657 Thread 0x00000220456e9570 Uncommon trap: reason=bimorphic_or_optimized_type_check action=maybe_recompile pc=0x000002206ec34580 method=org.eclipse.jdt.internal.compiler.parser.Parser.consumeRule(I)V @ 5107 c2
Event: 4616.657 Thread 0x00000220456e9570 DEOPT PACKING pc=0x000002206ec34580 sp=0x000000fed1ffeef0
Event: 4616.657 Thread 0x00000220456e9570 DEOPT UNPACKING pc=0x000002206cf43aa2 sp=0x000000fed1ffee80 mode 2
Event: 4617.122 Thread 0x00000220456e9570 Uncommon trap: trap_request=0xffffff45 fr.pc=0x000002206de5f4a0 relative=0x0000000000001aa0
Event: 4617.122 Thread 0x00000220456e9570 Uncommon trap: reason=unstable_if action=reinterpret pc=0x000002206de5f4a0 method=org.eclipse.jdt.internal.core.index.EntryResult.<init>([CLjava/lang/Object;)V @ 10 c2
Event: 4617.122 Thread 0x00000220456e9570 DEOPT PACKING pc=0x000002206de5f4a0 sp=0x000000fed1fff090
Event: 4617.122 Thread 0x00000220456e9570 DEOPT UNPACKING pc=0x000002206cf43aa2 sp=0x000000fed1ffefc8 mode 2
Event: 4617.122 Thread 0x00000220456e9570 Uncommon trap: trap_request=0xffffff45 fr.pc=0x000002206ecac620 relative=0x0000000000000080
Event: 4617.122 Thread 0x00000220456e9570 Uncommon trap: reason=unstable_if action=reinterpret pc=0x000002206ecac620 method=org.eclipse.jdt.internal.core.index.EntryResult.<init>([CLjava/lang/Object;)V @ 10 c2
Event: 4617.122 Thread 0x00000220456e9570 DEOPT PACKING pc=0x000002206ecac620 sp=0x000000fed1fff020
Event: 4617.122 Thread 0x00000220456e9570 DEOPT UNPACKING pc=0x000002206cf43aa2 sp=0x000000fed1ffefc0 mode 2
Event: 4631.375 Thread 0x00000220466dccd0 DEOPT PACKING pc=0x0000022065ece977 sp=0x000000fecf9fdaf0
Event: 4631.375 Thread 0x00000220466dccd0 DEOPT UNPACKING pc=0x000002206cf44242 sp=0x000000fecf9fcf80 mode 0
Event: 4743.327 Thread 0x00000220456e9570 DEOPT PACKING pc=0x0000022068de7e1c sp=0x000000fed1fff150
Event: 4743.327 Thread 0x00000220456e9570 DEOPT UNPACKING pc=0x000002206cf44242 sp=0x000000fed1ffe6c8 mode 0

Classes loaded (20 events):
Event: 3069.836 Loading class sun/security/ssl/PreSharedKeyExtension$SHPreSharedKeySpec
Event: 3069.836 Loading class sun/security/ssl/PreSharedKeyExtension$SHPreSharedKeySpec done
Event: 3371.304 Loading class jdk/internal/module/IllegalAccessLogger
Event: 3371.304 Loading class jdk/internal/module/IllegalAccessLogger done
Event: 3423.725 Loading class jdk/internal/module/IllegalAccessLogger
Event: 3423.725 Loading class jdk/internal/module/IllegalAccessLogger done
Event: 4343.787 Loading class jdk/internal/module/IllegalAccessLogger
Event: 4343.787 Loading class jdk/internal/module/IllegalAccessLogger done
Event: 4344.459 Loading class jdk/internal/module/IllegalAccessLogger
Event: 4344.459 Loading class jdk/internal/module/IllegalAccessLogger done
Event: 4616.188 Loading class jdk/internal/module/IllegalAccessLogger
Event: 4616.188 Loading class jdk/internal/module/IllegalAccessLogger done
Event: 4616.614 Loading class jdk/internal/module/IllegalAccessLogger
Event: 4616.614 Loading class jdk/internal/module/IllegalAccessLogger done
Event: 4631.352 Loading class jdk/internal/module/IllegalAccessLogger
Event: 4631.353 Loading class jdk/internal/module/IllegalAccessLogger done
Event: 4743.222 Loading class jdk/internal/module/IllegalAccessLogger
Event: 4743.222 Loading class jdk/internal/module/IllegalAccessLogger done
Event: 4835.495 Loading class jdk/internal/module/IllegalAccessLogger
Event: 4835.495 Loading class jdk/internal/module/IllegalAccessLogger done

Classes unloaded (9 events):
Event: 11.300 Thread 0x0000022079254890 Unloading class 0x00000220011aa800 'java/lang/invoke/LambdaForm$MH+0x00000220011aa800'
Event: 11.300 Thread 0x0000022079254890 Unloading class 0x00000220011aa400 'java/lang/invoke/LambdaForm$MH+0x00000220011aa400'
Event: 11.300 Thread 0x0000022079254890 Unloading class 0x00000220011aa000 'java/lang/invoke/LambdaForm$MH+0x00000220011aa000'
Event: 11.300 Thread 0x0000022079254890 Unloading class 0x00000220011a9c00 'java/lang/invoke/LambdaForm$MH+0x00000220011a9c00'
Event: 11.300 Thread 0x0000022079254890 Unloading class 0x00000220011a9800 'java/lang/invoke/LambdaForm$BMH+0x00000220011a9800'
Event: 11.300 Thread 0x0000022079254890 Unloading class 0x00000220011a9400 'java/lang/invoke/LambdaForm$DMH+0x00000220011a9400'
Event: 11.300 Thread 0x0000022079254890 Unloading class 0x00000220011a8400 'java/lang/invoke/LambdaForm$DMH+0x00000220011a8400'
Event: 15.016 Thread 0x0000022079254890 Unloading class 0x0000022001304800 'java/lang/invoke/LambdaForm$MH+0x0000022001304800'
Event: 15.016 Thread 0x0000022079254890 Unloading class 0x0000022001304000 'java/lang/invoke/LambdaForm$MH+0x0000022001304000'

Classes redefined (0 events):
No events

Internal exceptions (20 events):
Event: 3423.539 Thread 0x00000220456e9570 Exception <a 'sun/nio/fs/WindowsException'{0x00000000d55f1f58}> (0x00000000d55f1f58) 
thrown [s\src\hotspot\share\prims\jni.cpp, line 520]
Event: 3423.796 Thread 0x00000220456e9570 Exception <a 'sun/nio/fs/WindowsException'{0x00000000d58d5838}> (0x00000000d58d5838) 
thrown [s\src\hotspot\share\prims\jni.cpp, line 520]
Event: 3671.118 Thread 0x0000022046926ec0 Exception <a 'sun/nio/fs/WindowsException'{0x00000000d5b7b708}> (0x00000000d5b7b708) 
thrown [s\src\hotspot\share\prims\jni.cpp, line 520]
Event: 3671.118 Thread 0x0000022046926ec0 Exception <a 'sun/nio/fs/WindowsException'{0x00000000d5b7c248}> (0x00000000d5b7c248) 
thrown [s\src\hotspot\share\prims\jni.cpp, line 520]
Event: 4343.274 Thread 0x00000220456e9570 Exception <a 'sun/nio/fs/WindowsException'{0x00000000d5be1888}> (0x00000000d5be1888) 
thrown [s\src\hotspot\share\prims\jni.cpp, line 520]
Event: 4343.469 Thread 0x00000220456e9570 Exception <a 'sun/nio/fs/WindowsException'{0x00000000d558d6e8}> (0x00000000d558d6e8) 
thrown [s\src\hotspot\share\prims\jni.cpp, line 520]
Event: 4343.609 Thread 0x0000022046928f90 Implicit null exception at 0x000002206dce311b to 0x000002206dce3998
Event: 4343.694 Thread 0x00000220456e9570 Implicit null exception at 0x000002206ec5de04 to 0x000002206ec5ec38
Event: 4615.943 Thread 0x00000220456e9570 Exception <a 'sun/nio/fs/WindowsException'{0x00000000d5888298}> (0x00000000d5888298) 
thrown [s\src\hotspot\share\prims\jni.cpp, line 520]
Event: 4615.960 Thread 0x00000220456e9570 Exception <a 'sun/nio/fs/WindowsException'{0x00000000d58e7568}> (0x00000000d58e7568) 
thrown [s\src\hotspot\share\prims\jni.cpp, line 520]
Event: 4615.975 Thread 0x00000220456e9570 Exception <a 'sun/nio/fs/WindowsException'{0x00000000d5a74858}> (0x00000000d5a74858) 
thrown [s\src\hotspot\share\prims\jni.cpp, line 520]
Event: 4616.654 Thread 0x00000220456e9570 Exception <a 'sun/nio/fs/WindowsException'{0x00000000d558e128}> (0x00000000d558e128) 
thrown [s\src\hotspot\share\prims\jni.cpp, line 520]
Event: 4631.074 Thread 0x00000220456e9570 Exception <a 'sun/nio/fs/WindowsException'{0x00000000d5733028}> (0x00000000d5733028) 
thrown [s\src\hotspot\share\prims\jni.cpp, line 520]
Event: 4631.523 Thread 0x00000220456e9570 Exception <a 'sun/nio/fs/WindowsException'{0x00000000d5702940}> (0x00000000d5702940) 
thrown [s\src\hotspot\share\prims\jni.cpp, line 520]
Event: 4643.284 Thread 0x0000022046a0c470 Exception <a 'sun/nio/fs/WindowsException'{0x00000000d5686a98}> (0x00000000d5686a98) 
thrown [s\src\hotspot\share\prims\jni.cpp, line 520]
Event: 4643.284 Thread 0x0000022046a0c470 Exception <a 'sun/nio/fs/WindowsException'{0x00000000d5687838}> (0x00000000d5687838) 
thrown [s\src\hotspot\share\prims\jni.cpp, line 520]
Event: 4743.064 Thread 0x00000220456e9570 Exception <a 'sun/nio/fs/WindowsException'{0x00000000d58ed660}> (0x00000000d58ed660) 
thrown [s\src\hotspot\share\prims\jni.cpp, line 520]
Event: 4743.320 Thread 0x00000220456e9570 Exception <a 'sun/nio/fs/WindowsException'{0x00000000d5779110}> (0x00000000d5779110) 
thrown [s\src\hotspot\share\prims\jni.cpp, line 520]
Event: 4835.274 Thread 0x00000220456e9570 Exception <a 'sun/nio/fs/WindowsException'{0x00000000d56d72b0}> (0x00000000d56d72b0) 
thrown [s\src\hotspot\share\prims\jni.cpp, line 520]
Event: 4835.694 Thread 0x00000220456e9570 Exception <a 'sun/nio/fs/WindowsException'{0x00000000d57a7fe0}> (0x00000000d57a7fe0) 
thrown [s\src\hotspot\share\prims\jni.cpp, line 520]

ZGC Phase Switch (0 events):
No events

VM Operations (20 events):
Event: 4835.873 Executing safepoint VM operation: ParallelGCFailedAllocation (Allocation Failure)
Event: 4835.875 Executing safepoint VM operation: ParallelGCFailedAllocation (Allocation Failure) done
Event: 4835.894 Executing safepoint VM operation: ParallelGCFailedAllocation (Allocation Failure)
Event: 4835.898 Executing safepoint VM operation: ParallelGCFailedAllocation (Allocation Failure) done
Event: 4835.911 Executing safepoint VM operation: ParallelGCFailedAllocation (Allocation Failure)
Event: 4835.914 Executing safepoint VM operation: ParallelGCFailedAllocation (Allocation Failure) done
Event: 4835.926 Executing safepoint VM operation: ParallelGCFailedAllocation (Allocation Failure)
Event: 4835.931 Executing safepoint VM operation: ParallelGCFailedAllocation (Allocation Failure) done
Event: 4835.942 Executing safepoint VM operation: ParallelGCFailedAllocation (Allocation Failure)
Event: 4835.945 Executing safepoint VM operation: ParallelGCFailedAllocation (Allocation Failure) done
Event: 4835.956 Executing safepoint VM operation: ParallelGCFailedAllocation (Allocation Failure)
Event: 4835.959 Executing safepoint VM operation: ParallelGCFailedAllocation (Allocation Failure) done
Event: 4835.967 Executing safepoint VM operation: ParallelGCFailedAllocation (Allocation Failure)
Event: 4835.971 Executing safepoint VM operation: ParallelGCFailedAllocation (Allocation Failure) done
Event: 4835.990 Executing safepoint VM operation: ParallelGCFailedAllocation (Allocation Failure)
Event: 4835.994 Executing safepoint VM operation: ParallelGCFailedAllocation (Allocation Failure) done
Event: 4871.506 Executing non-safepoint VM operation: HandshakeAllThreads (HandshakeForDeflation)
Event: 4871.506 Executing non-safepoint VM operation: HandshakeAllThreads (HandshakeForDeflation) done
Event: 4871.507 Executing non-safepoint VM operation: RendezvousGCThreads
Event: 4871.507 Executing non-safepoint VM operation: RendezvousGCThreads done

Memory protections (0 events):
No events

Nmethod flushes (20 events):
Event: 1014.952 Thread 0x0000022079254890 flushing  nmethod 0x00000220678da210
Event: 1014.952 Thread 0x0000022079254890 flushing  nmethod 0x00000220678ec090
Event: 1014.952 Thread 0x0000022079254890 flushing  nmethod 0x000002206790b810
Event: 1014.952 Thread 0x0000022079254890 flushing  nmethod 0x000002206790c110
Event: 1014.952 Thread 0x0000022079254890 flushing  nmethod 0x000002206790d010
Event: 1014.952 Thread 0x0000022079254890 flushing  nmethod 0x000002206790ef10
Event: 1014.952 Thread 0x0000022079254890 flushing  nmethod 0x000002206790f310
Event: 1014.952 Thread 0x0000022079254890 flushing  nmethod 0x000002206791ef90
Event: 1014.952 Thread 0x0000022079254890 flushing  nmethod 0x000002206791f490
Event: 1014.952 Thread 0x0000022079254890 flushing  nmethod 0x000002206792cc90
Event: 1014.952 Thread 0x0000022079254890 flushing  nmethod 0x0000022067971090
Event: 1014.952 Thread 0x0000022079254890 flushing  nmethod 0x0000022067974210
Event: 1014.952 Thread 0x0000022079254890 flushing  nmethod 0x0000022067989010
Event: 1014.952 Thread 0x0000022079254890 flushing  nmethod 0x0000022067997210
Event: 1014.952 Thread 0x0000022079254890 flushing  nmethod 0x00000220679ac090
Event: 1014.952 Thread 0x0000022079254890 flushing  nmethod 0x0000022067a22e10
Event: 1014.952 Thread 0x0000022079254890 flushing  nmethod 0x0000022067a23490
Event: 1014.952 Thread 0x0000022079254890 flushing  nmethod 0x0000022067a5a710
Event: 1014.952 Thread 0x0000022079254890 flushing  nmethod 0x0000022067a91b90
Event: 1014.952 Thread 0x0000022079254890 flushing  nmethod 0x0000022067ac1810

Events (20 events):
Event: 4644.408 Thread 0x0000022046a09d10 Thread exited: 0x0000022046a09d10
Event: 4691.386 Thread 0x0000022046a0aa30 Thread exited: 0x0000022046a0aa30
Event: 4692.243 Thread 0x00000220456ea290 Thread exited: 0x00000220456ea290
Event: 4703.393 Thread 0x0000022046a05b70 Thread exited: 0x0000022046a05b70
Event: 4743.180 Thread 0x0000022046a0c470 Thread added: 0x0000022046a05b70
Event: 4743.224 Thread 0x0000022046a0c470 Thread added: 0x0000022046a09680
Event: 4803.246 Thread 0x0000022046a09680 Thread exited: 0x0000022046a09680
Event: 4803.637 Thread 0x00000220466dc640 Thread exited: 0x00000220466dc640
Event: 4810.083 Thread 0x00000220466dccd0 Thread added: 0x0000022046a09680
Event: 4835.261 Thread 0x0000022046a0c470 Thread exited: 0x0000022046a0c470
Event: 4835.409 Thread 0x00000220466dccd0 Thread added: 0x0000022046a075b0
Event: 4835.497 Thread 0x00000220466dccd0 Thread added: 0x0000022046a09d10
Event: 4895.548 Thread 0x0000022046a09d10 Thread exited: 0x0000022046a09d10
Event: 4896.274 Thread 0x0000022046927be0 Thread exited: 0x0000022046927be0
Event: 4916.806 Thread 0x0000022046a08960 Thread exited: 0x0000022046a08960
Event: 4916.806 Thread 0x0000022046a08ff0 Thread exited: 0x0000022046a08ff0
Event: 4916.806 Thread 0x0000022046a082d0 Thread exited: 0x0000022046a082d0
Event: 4916.806 Thread 0x0000022046a054e0 Thread exited: 0x0000022046a054e0
Event: 4916.807 Thread 0x0000022046a07c40 Thread exited: 0x0000022046a07c40
Event: 4916.807 Thread 0x0000022046a06200 Thread exited: 0x0000022046a06200


Dynamic libraries:
0x00007ff6c7590000 - 0x00007ff6c759e000 	c:\Users\Administrator\.vscode\extensions\redhat.java-1.54.0-win32-x64\jre\21.0.10-win32-x86_64\bin\java.exe
0x00007ff9f8e80000 - 0x00007ff9f90e7000 	C:\WINDOWS\SYSTEM32\ntdll.dll
0x00007ff9f8150000 - 0x00007ff9f8219000 	C:\WINDOWS\System32\KERNEL32.DLL
0x00007ff9f5840000 - 0x00007ff9f5c31000 	C:\WINDOWS\System32\KERNELBASE.dll
0x00007ff9f5c40000 - 0x00007ff9f5d8b000 	C:\WINDOWS\System32\ucrtbase.dll
0x00007ff9d0c30000 - 0x00007ff9d0c48000 	c:\Users\Administrator\.vscode\extensions\redhat.java-1.54.0-win32-x64\jre\21.0.10-win32-x86_64\bin\jli.dll
0x00007ff9f7ac0000 - 0x00007ff9f7c85000 	C:\WINDOWS\System32\USER32.dll
0x00007ff9f5810000 - 0x00007ff9f5837000 	C:\WINDOWS\System32\win32u.dll
0x00007ff9f7c90000 - 0x00007ff9f7cbb000 	C:\WINDOWS\System32\GDI32.dll
0x00007ff9f6980000 - 0x00007ff9f6aab000 	C:\WINDOWS\System32\gdi32full.dll
0x00007ff9f5760000 - 0x00007ff9f5803000 	C:\WINDOWS\System32\msvcp_win.dll
0x00007ff9ce400000 - 0x00007ff9ce41e000 	c:\Users\Administrator\.vscode\extensions\redhat.java-1.54.0-win32-x64\jre\21.0.10-win32-x86_64\bin\VCRUNTIME140.dll
0x00007ff9dac40000 - 0x00007ff9daed3000 	C:\WINDOWS\WinSxS\amd64_microsoft.windows.common-controls_6595b64144ccf1df_6.0.26100.8037_none_3e092faae333b53b\COMCTL32.dll
0x00007ff9f7760000 - 0x00007ff9f7809000 	C:\WINDOWS\System32\msvcrt.dll
0x00007ff9f7810000 - 0x00007ff9f7841000 	C:\WINDOWS\System32\IMM32.DLL
0x00007ff9d3a10000 - 0x00007ff9d3a1c000 	c:\Users\Administrator\.vscode\extensions\redhat.java-1.54.0-win32-x64\jre\21.0.10-win32-x86_64\bin\vcruntime140_1.dll
0x00007ff98fc80000 - 0x00007ff98fd0d000 	c:\Users\Administrator\.vscode\extensions\redhat.java-1.54.0-win32-x64\jre\21.0.10-win32-x86_64\bin\msvcp140.dll
0x00007ff983590000 - 0x00007ff984331000 	c:\Users\Administrator\.vscode\extensions\redhat.java-1.54.0-win32-x64\jre\21.0.10-win32-x86_64\bin\server\jvm.dll
0x00007ff9f7ed0000 - 0x00007ff9f7f8b000 	C:\WINDOWS\System32\ADVAPI32.dll
0x00007ff9f8400000 - 0x00007ff9f84a7000 	C:\WINDOWS\System32\sechost.dll
0x00007ff9f7fa0000 - 0x00007ff9f80b8000 	C:\WINDOWS\System32\RPCRT4.dll
0x00007ff9f76e0000 - 0x00007ff9f7754000 	C:\WINDOWS\System32\WS2_32.dll
0x00007ff9f55c0000 - 0x00007ff9f561e000 	C:\WINDOWS\SYSTEM32\POWRPROF.dll
0x00007ff9e49d0000 - 0x00007ff9e4a05000 	C:\WINDOWS\SYSTEM32\WINMM.dll
0x00007ff9eeb10000 - 0x00007ff9eeb1b000 	C:\WINDOWS\SYSTEM32\VERSION.dll
0x00007ff9f55a0000 - 0x00007ff9f55b4000 	C:\WINDOWS\SYSTEM32\UMPDC.dll
0x00007ff9f44b0000 - 0x00007ff9f44cb000 	C:\WINDOWS\SYSTEM32\kernel.appcore.dll
0x00007ff9cc200000 - 0x00007ff9cc20a000 	c:\Users\Administrator\.vscode\extensions\redhat.java-1.54.0-win32-x64\jre\21.0.10-win32-x86_64\bin\jimage.dll
0x00007ff9e44b0000 - 0x00007ff9e46f2000 	C:\WINDOWS\SYSTEM32\DBGHELP.DLL
0x00007ff9f71b0000 - 0x00007ff9f7532000 	C:\WINDOWS\System32\combase.dll
0x00007ff9f82a0000 - 0x00007ff9f8377000 	C:\WINDOWS\System32\OLEAUT32.dll
0x00007ff9d64a0000 - 0x00007ff9d64db000 	C:\WINDOWS\SYSTEM32\dbgcore.DLL
0x00007ff9f68d0000 - 0x00007ff9f6975000 	C:\WINDOWS\System32\bcryptPrimitives.dll
0x00007ff9cbd70000 - 0x00007ff9cbd7f000 	c:\Users\Administrator\.vscode\extensions\redhat.java-1.54.0-win32-x64\jre\21.0.10-win32-x86_64\bin\instrument.dll
0x00007ff9c4970000 - 0x00007ff9c4990000 	c:\Users\Administrator\.vscode\extensions\redhat.java-1.54.0-win32-x64\jre\21.0.10-win32-x86_64\bin\java.dll
0x00007ff9f84b0000 - 0x00007ff9f8c0f000 	C:\WINDOWS\System32\SHELL32.dll
0x00007ff9f6ab0000 - 0x00007ff9f6c1a000 	C:\WINDOWS\System32\wintypes.dll
0x00007ff9f5d90000 - 0x00007ff9f65f4000 	C:\WINDOWS\System32\windows.storage.dll
0x00007ff9f70b0000 - 0x00007ff9f71a7000 	C:\WINDOWS\System32\SHCORE.dll
0x00007ff9f8dd0000 - 0x00007ff9f8e37000 	C:\WINDOWS\System32\shlwapi.dll
0x00007ff9f5680000 - 0x00007ff9f56a9000 	C:\WINDOWS\SYSTEM32\profapi.dll
0x00007ff9b59f0000 - 0x00007ff9b5a08000 	c:\Users\Administrator\.vscode\extensions\redhat.java-1.54.0-win32-x64\jre\21.0.10-win32-x86_64\bin\zip.dll
0x00007ff9cb930000 - 0x00007ff9cb940000 	C:\Users\Administrator\.vscode\extensions\redhat.java-1.54.0-win32-x64\jre\21.0.10-win32-x86_64\bin\net.dll
0x00007ff9eede0000 - 0x00007ff9eef07000 	C:\WINDOWS\SYSTEM32\WINHTTP.dll
0x00007ff9f4a00000 - 0x00007ff9f4a6b000 	C:\WINDOWS\system32\mswsock.dll
0x00007ff991e00000 - 0x00007ff991e16000 	C:\Users\Administrator\.vscode\extensions\redhat.java-1.54.0-win32-x64\jre\21.0.10-win32-x86_64\bin\nio.dll
0x00007ff9ca180000 - 0x00007ff9ca190000 	c:\Users\Administrator\.vscode\extensions\redhat.java-1.54.0-win32-x64\jre\21.0.10-win32-x86_64\bin\verify.dll
0x00007ff982b20000 - 0x00007ff982b65000 	C:\Users\Administrator\AppData\Roaming\Code\User\globalStorage\redhat.java\1.54.0\config_win\org.eclipse.equinox.launcher\org.eclipse.equinox.launcher.win32.win32.x86_64_1.3.0.v20260203-2149\eclipse_11919.dll
0x00007ff9f7860000 - 0x00007ff9f79f5000 	C:\WINDOWS\System32\ole32.dll
0x00007ff9f4e00000 - 0x00007ff9f4e1b000 	C:\WINDOWS\SYSTEM32\CRYPTSP.dll
0x00007ff9f4410000 - 0x00007ff9f4449000 	C:\WINDOWS\system32\rsaenh.dll
0x00007ff9f4ab0000 - 0x00007ff9f4ae2000 	C:\WINDOWS\SYSTEM32\USERENV.dll
0x00007ff9f5650000 - 0x00007ff9f567a000 	C:\WINDOWS\SYSTEM32\bcrypt.dll
0x00007ff9f4c60000 - 0x00007ff9f4c6c000 	C:\WINDOWS\SYSTEM32\CRYPTBASE.dll
0x00007ff9f3e40000 - 0x00007ff9f3e73000 	C:\WINDOWS\SYSTEM32\IPHLPAPI.DLL
0x00007ff9f8380000 - 0x00007ff9f838a000 	C:\WINDOWS\System32\NSI.dll
0x00007ff982fa0000 - 0x00007ff982fe9000 	C:\Users\Administrator\AppData\Local\Temp\jna-146731693\jna9846652839139127967.dll
0x00007ff9f8390000 - 0x00007ff9f8398000 	C:\WINDOWS\System32\PSAPI.DLL
0x00007ff9f02c0000 - 0x00007ff9f02dd000 	C:\WINDOWS\SYSTEM32\dhcpcsvc6.DLL
0x00007ff9f01a0000 - 0x00007ff9f01c3000 	C:\WINDOWS\SYSTEM32\dhcpcsvc.DLL
0x00007ff9c8820000 - 0x00007ff9c882e000 	C:\Users\Administrator\.vscode\extensions\redhat.java-1.54.0-win32-x64\jre\21.0.10-win32-x86_64\bin\sunmscapi.dll
0x00007ff9f6750000 - 0x00007ff9f68c7000 	C:\WINDOWS\System32\CRYPT32.dll
0x00007ff9f4f60000 - 0x00007ff9f4f90000 	C:\WINDOWS\SYSTEM32\ncrypt.dll
0x00007ff9f4f10000 - 0x00007ff9f4f4f000 	C:\WINDOWS\SYSTEM32\NTASN1.dll
0x00007ff9f3e80000 - 0x00007ff9f3faa000 	C:\WINDOWS\SYSTEM32\DNSAPI.dll
0x00007ff9eef70000 - 0x00007ff9eef7b000 	C:\Windows\System32\rasadhlp.dll
0x00007ff9f03e0000 - 0x00007ff9f0466000 	C:\WINDOWS\System32\fwpuclnt.dll
0x00007ff9b9c40000 - 0x00007ff9b9c49000 	C:\Users\Administrator\.vscode\extensions\redhat.java-1.54.0-win32-x64\jre\21.0.10-win32-x86_64\bin\extnet.dll
0x00007ff991c10000 - 0x00007ff991c37000 	C:\Users\Administrator\.gradle\native\660c5614fbf4a5f2a75b1949f50a0caf5cd603558e7d8a26e50b933a0cfb79d1\windows-amd64\native-platform.dll
0x00007ff9a7990000 - 0x00007ff9a799a000 	C:\Users\Administrator\.vscode\extensions\redhat.java-1.54.0-win32-x64\jre\21.0.10-win32-x86_64\bin\management.dll
0x00007ff9a57f0000 - 0x00007ff9a57fc000 	C:\Users\Administrator\.vscode\extensions\redhat.java-1.54.0-win32-x64\jre\21.0.10-win32-x86_64\bin\management_ext.dll
0x00007ff9f2ef0000 - 0x00007ff9f2ef8000 	C:\WINDOWS\system32\wshunix.dll

JVMTI agents:
c:\Users\Administrator\.vscode\extensions\redhat.java-1.54.0-win32-x64\lombok\lombok-1.18.39-4050.jar path:c:\Users\Administrator\.vscode\extensions\redhat.java-1.54.0-win32-x64\jre\21.0.10-win32-x86_64\bin\instrument.dll, loaded, initialized, instrumentlib options:none

dbghelp: loaded successfully - version: 4.0.5 - missing functions: none
symbol engine: initialized successfully - sym options: 0x614 - pdb path: .;c:\Users\Administrator\.vscode\extensions\redhat.java-1.54.0-win32-x64\jre\21.0.10-win32-x86_64\bin;C:\WINDOWS\SYSTEM32;C:\WINDOWS\WinSxS\amd64_microsoft.windows.common-controls_6595b64144ccf1df_6.0.26100.8037_none_3e092faae333b53b;c:\Users\Administrator\.vscode\extensions\redhat.java-1.54.0-win32-x64\jre\21.0.10-win32-x86_64\bin\server;C:\Users\Administrator\AppData\Roaming\Code\User\globalStorage\redhat.java\1.54.0\config_win\org.eclipse.equinox.launcher\org.eclipse.equinox.launcher.win32.win32.x86_64_1.3.0.v20260203-2149;C:\Users\Administrator\AppData\Local\Temp\jna-146731693;C:\Users\Administrator\.gradle\native\660c5614fbf4a5f2a75b1949f50a0caf5cd603558e7d8a26e50b933a0cfb79d1\windows-amd64

VM Arguments:
jvm_args: --add-modules=ALL-SYSTEM --add-opens=java.base/java.util=ALL-UNNAMED --add-opens=java.base/java.lang=ALL-UNNAMED --add-opens=java.base/sun.nio.fs=ALL-UNNAMED -Declipse.application=org.eclipse.jdt.ls.core.id1 -Dosgi.bundles.defaultStartLevel=4 -Declipse.product=org.eclipse.jdt.ls.core.product -Djava.import.generatesMetadataFilesAtProjectRoot=false -DDetectVMInstallationsJob.disabled=true -Dfile.encoding=utf8 -XX:+UseParallelGC -XX:GCTimeRatio=4 -XX:AdaptiveSizePolicyWeight=90 -Dsun.zip.disableMemoryMapping=true -Xmx2G -Xms100m -Xlog:disable -javaagent:c:\Users\Administrator\.vscode\extensions\redhat.java-1.54.0-win32-x64\lombok\lombok-1.18.39-4050.jar -XX:+HeapDumpOnOutOfMemoryError -XX:HeapDumpPath=c:\Users\Administrator\AppData\Roaming\Code\User\workspaceStorage\95c1adef3cf8799405aa5a7bc42a61d4\redhat.java -Daether.dependencyCollector.impl=bf 
java_command: c:\Users\Administrator\.vscode\extensions\redhat.java-1.54.0-win32-x64\server\plugins\org.eclipse.equinox.launcher_1.7.100.v20251111-0406.jar -configuration c:\Users\Administrator\AppData\Roaming\Code\User\globalStorage\redhat.java\1.54.0\config_win -data c:\Users\Administrator\AppData\Roaming\Code\User\workspaceStorage\95c1adef3cf8799405aa5a7bc42a61d4\redhat.java\jdt_ws --pipe=\\.\pipe\lsp-c34748b8ff6028ab14a930584c81a70f-sock
java_class_path (initial): c:\Users\Administrator\.vscode\extensions\redhat.java-1.54.0-win32-x64\server\plugins\org.eclipse.equinox.launcher_1.7.100.v20251111-0406.jar
Launcher Type: SUN_STANDARD

[Global flags]
    uintx AdaptiveSizePolicyWeight                 = 90                                        {product} {command line}
     intx CICompilerCount                          = 4                                         {product} {ergonomic}
    uintx GCTimeRatio                              = 4                                         {product} {command line}
     bool HeapDumpOnOutOfMemoryError               = true                                   {manageable} {command line}
    ccstr HeapDumpPath                             = c:\Users\Administrator\AppData\Roaming\Code\User\workspaceStorage\95c1adef3cf8799405aa5a7bc42a61d4\redhat.java         {manageable} {command line}
   size_t InitialHeapSize                          = 104857600                                 {product} {command line}
   size_t MaxHeapSize                              = 2147483648                                {product} {command line}
   size_t MaxNewSize                               = 715653120                                 {product} {ergonomic}
   size_t MinHeapDeltaBytes                        = 524288                                    {product} {ergonomic}
   size_t MinHeapSize                              = 104857600                                 {product} {command line}
   size_t NewSize                                  = 34603008                                  {product} {ergonomic}
    uintx NonNMethodCodeHeapSize                   = 5839372                                {pd product} {ergonomic}
    uintx NonProfiledCodeHeapSize                  = 122909434                              {pd product} {ergonomic}
   size_t OldSize                                  = 70254592                                  {product} {ergonomic}
    uintx ProfiledCodeHeapSize                     = 122909434                              {pd product} {ergonomic}
    uintx ReservedCodeCacheSize                    = 251658240                              {pd product} {ergonomic}
     bool SegmentedCodeCache                       = true                                      {product} {ergonomic}
   size_t SoftMaxHeapSize                          = 2147483648                             {manageable} {ergonomic}
     bool UseCompressedOops                        = true                           {product lp64_product} {ergonomic}
     bool UseLargePagesIndividualAllocation        = false                                  {pd product} {ergonomic}
     bool UseParallelGC                            = true                                      {product} {command line}

Logging:
Log output configuration:
 #0: stdout all=off uptime,level,tags foldmultilines=false
 #1: stderr all=off uptime,level,tags foldmultilines=false

Release file:
JAVA_VERSION="21.0.10" 
MODULES="java.base java.compiler java.datatransfer java.xml java.prefs java.desktop java.instrument java.logging java.management java.security.sasl java.naming java.rmi java.management.rmi java.net.http java.scripting java.security.jgss java.transaction.xa java.sql java.sql.rowset java.xml.crypto java.se java.smartcardio jdk.accessibility jdk.internal.jvmstat jdk.attach jdk.charsets jdk.internal.opt jdk.zipfs jdk.compiler jdk.crypto.ec jdk.crypto.cryptoki jdk.crypto.mscapi jdk.dynalink jdk.internal.ed jdk.editpad jdk.hotspot.agent jdk.httpserver jdk.internal.le jdk.internal.vm.ci jdk.internal.vm.compiler jdk.internal.vm.compiler.management jdk.jartool jdk.javadoc jdk.jcmd jdk.management jdk.management.agent jdk.jconsole jdk.jdeps jdk.jdwp.agent jdk.jdi jdk.jfr jdk.jshell jdk.jsobject jdk.jstatd jdk.localedata jdk.management.jfr jdk.naming.dns jdk.naming.rmi jdk.net jdk.nio.mapmode jdk.random jdk.sctp jdk.security.auth jdk.security.jgss jdk.unsupported jdk.unsupported.desktop jdk.xml.dom" 

Environment Variables:
PATH=C:\Program Files\Microsoft\jdk-17.0.19.10-hotspot\bin;C:\WINDOWS\system32;C:\WINDOWS;C:\WINDOWS\System32\Wbem;C:\WINDOWS\System32\WindowsPowerShell\v1.0\;C:\WINDOWS\System32\OpenSSH\;C:\Program Files\dotnet\;C:\Program Files\Docker\Docker\resources\bin;C:\Program Files\Git\cmd;C:\Program Files\nodejs\;C:\Program Files (x86)\NVIDIA Corporation\PhysX\Common;C:\Users\Administrator\AppData\Local\Programs\Python\Python312\Scripts\;C:\Users\Administrator\AppData\Local\Programs\Python\Python312\;C:\Users\Administrator\AppData\Local\Microsoft\WindowsApps;C:\Users\Administrator\AppData\Local\Programs\Microsoft VS Code\bin;C:\Program Files\JetBrains\IntelliJ IDEA 2026.1\bin;C:\Users\Administrator\AppData\Roaming\npm;C:\Users\Administrator\AppData\Local\GitHubDesktop\bin;C:\Users\Administrator\AppData\Local\Google\Cloud SDK\google-cloud-sdk\bin
USERNAME=Administrator
OS=Windows_NT
PROCESSOR_IDENTIFIER=AMD64 Family 25 Model 68 Stepping 1, AuthenticAMD
TMP=C:\Users\ADMINI~1\AppData\Local\Temp
TEMP=C:\Users\ADMINI~1\AppData\Local\Temp




Periodic native trim disabled

---------------  S Y S T E M  ---------------

OS:
 Windows 11 , 64 bit Build 26100 (10.0.26100.7920)
OS uptime: 0 days 3:19 hours
Hyper-V role detected

CPU: total 12 (initial active 12) (12 cores per cpu, 2 threads per core) family 25 model 68 stepping 1 microcode 0xa404107, cx8, cmov, fxsr, ht, mmx, 3dnowpref, sse, sse2, sse3, ssse3, sse4a, sse4.1, sse4.2, popcnt, lzcnt, tsc, tscinvbit, avx, avx2, aes, erms, clmul, bmi1, bmi2, adx, sha, fma, vzeroupper, clflush, clflushopt, hv, rdtscp, rdpid, fsrm, f16c, cet_ss
Processor Information for processor 0
  Max Mhz: 3301, Current Mhz: 3301, Mhz Limit: 3301
Processor Information for processor 1
  Max Mhz: 3301, Current Mhz: 2024, Mhz Limit: 3301
Processor Information for processor 2
  Max Mhz: 3301, Current Mhz: 2024, Mhz Limit: 3301
Processor Information for processor 3
  Max Mhz: 3301, Current Mhz: 3301, Mhz Limit: 3301
Processor Information for processor 4
  Max Mhz: 3301, Current Mhz: 2024, Mhz Limit: 3301
Processor Information for processor 5
  Max Mhz: 3301, Current Mhz: 2024, Mhz Limit: 3301
Processor Information for processor 6
  Max Mhz: 3301, Current Mhz: 3301, Mhz Limit: 3301
Processor Information for processor 7
  Max Mhz: 3301, Current Mhz: 2024, Mhz Limit: 3301
Processor Information for processor 8
  Max Mhz: 3301, Current Mhz: 2024, Mhz Limit: 3301
Processor Information for processor 9
  Max Mhz: 3301, Current Mhz: 2024, Mhz Limit: 3301
Processor Information for processor 10
  Max Mhz: 3301, Current Mhz: 2024, Mhz Limit: 3301
Processor Information for processor 11
  Max Mhz: 3301, Current Mhz: 2024, Mhz Limit: 3301

Memory: 4k page, system-wide physical 15688M (1041M free)
TotalPageFile size 27688M (AvailPageFile size 8M)
current process WorkingSet (physical memory assigned to process): 419M, peak: 1129M
current process commit charge ("private bytes"): 1589M, peak: 1590M

vm_info: OpenJDK 64-Bit Server VM (21.0.10+7-LTS) for windows-amd64 JRE (21.0.10+7-LTS), built on 2026-01-20T00:00:00Z by "admin" with MS VC++ 17.12 (VS2022)

END.
