#
# There is insufficient memory for the Java Runtime Environment to continue.
# Native memory allocation (mmap) failed to map 147849216 bytes. Error detail: G1 virtual space
# Possible reasons:
#   The system is out of physical RAM or swap space
#   This process is running with CompressedOops enabled, and the Java Heap may be blocking the growth of the native heap
# Possible solutions:
#   Reduce memory load on the system
#   Increase physical memory or swap space
#   Check if swap backing store is full
#   Decrease Java heap size (-Xmx/-Xms)
#   Decrease number of Java threads
#   Decrease Java thread stack sizes (-Xss)
#   Set larger code cache with -XX:ReservedCodeCacheSize=
#   JVM is running with Unscaled Compressed Oops mode in which the Java heap is
#     placed in the first 4GB address space. The Java Heap base address is the
#     maximum limit for the native heap growth. Please use -XX:HeapBaseMinAddress
#     to set the Java Heap base and to place the Java Heap above 4GB virtual address.
# This output file may be truncated or incomplete.
#
#  Out of Memory Error (os_windows.cpp:3714), pid=14104, tid=22892
#
# JRE version: OpenJDK Runtime Environment Temurin-21.0.10+7 (21.0.10+7) (build 21.0.10+7-LTS)
# Java VM: OpenJDK 64-Bit Server VM Temurin-21.0.10+7 (21.0.10+7-LTS, mixed mode, sharing, tiered, compressed oops, compressed class ptrs, g1 gc, windows-amd64)
# No core dump will be written. Minidumps are not enabled by default on client versions of Windows
#

---------------  S U M M A R Y ------------

Command Line: -Dorg.gradle.internal.worker.tmpdir=D:\User\Desktop\car_school_automatization\build\tmp\test\work -Xmx512m -Dfile.encoding=UTF-8 -Duser.country=RU -Duser.language=ru -Duser.variant -ea worker.org.gradle.process.internal.worker.GradleWorkerMain 'Gradle Test Executor 2'

Host: AMD Ryzen 5 7535HS with Radeon Graphics        , 12 cores, 15G,  Windows 11 , 64 bit Build 26100 (10.0.26100.7920)
Time: Wed Jun 10 13:46:28 2026 elapsed time: 16.924520 seconds (0d 0h 0m 16s)

---------------  T H R E A D  ---------------

Current thread (0x0000029a5d513bf0):  VMThread "VM Thread"          [id=22892, stack(0x0000009c98200000,0x0000009c98300000) (1024K)]

Stack: [0x0000009c98200000,0x0000009c98300000]
Native frames: (J=compiled Java code, j=interpreted, Vv=VM code, C=native code)
V  [jvm.dll+0x6d7a39]
V  [jvm.dll+0x8b4b26]
V  [jvm.dll+0x8b70de]
V  [jvm.dll+0x8b77c3]
V  [jvm.dll+0x284346]
V  [jvm.dll+0x6d4355]
V  [jvm.dll+0x6c808a]
V  [jvm.dll+0x35edb8]
V  [jvm.dll+0x3669f6]
V  [jvm.dll+0x3b7afe]
V  [jvm.dll+0x3b7da8]
V  [jvm.dll+0x332fbc]
V  [jvm.dll+0x333047]
V  [jvm.dll+0x376e1c]
V  [jvm.dll+0x3755be]
V  [jvm.dll+0x332701]
V  [jvm.dll+0x374c2a]
V  [jvm.dll+0x8bd4b0]
V  [jvm.dll+0x8be824]
V  [jvm.dll+0x8bed50]
V  [jvm.dll+0x8beff3]
V  [jvm.dll+0x85f59d]
V  [jvm.dll+0x6d626d]
C  [ucrtbase.dll+0x37b0]
C  [KERNEL32.DLL+0x2e8d7]
C  [ntdll.dll+0x8c48c]

VM_Operation (0x0000009c97bf7e60): G1CollectForAllocation, mode: safepoint, requested by thread 0x0000029a3fddffa0


---------------  P R O C E S S  ---------------

Threads class SMR info:
_java_thread_list=0x0000029aa61226f0, length=17, elements={
0x0000029a3fddffa0, 0x0000029a5d531550, 0x0000029a5d533bd0, 0x0000029a5d5344a0,
0x0000029a5d534d70, 0x0000029a5d539650, 0x0000029a5d539f40, 0x0000029a5d544a30,
0x0000029a5d566100, 0x0000029a5d7a1640, 0x0000029a5d7aa7c0, 0x0000029aa340aad0,
0x0000029aa3944470, 0x0000029aa37f5fc0, 0x0000029aa317fc80, 0x0000029aa6cd6100,
0x0000029aa6cd45c0
}

Java Threads: ( => current thread )
  0x0000029a3fddffa0 JavaThread "Test worker"                       [_thread_blocked, id=20208, stack(0x0000009c97b00000,0x0000009c97c00000) (1024K)]
  0x0000029a5d531550 JavaThread "Reference Handler"          daemon [_thread_blocked, id=16056, stack(0x0000009c98300000,0x0000009c98400000) (1024K)]
  0x0000029a5d533bd0 JavaThread "Finalizer"                  daemon [_thread_blocked, id=18000, stack(0x0000009c98400000,0x0000009c98500000) (1024K)]
  0x0000029a5d5344a0 JavaThread "Signal Dispatcher"          daemon [_thread_blocked, id=10580, stack(0x0000009c98500000,0x0000009c98600000) (1024K)]
  0x0000029a5d534d70 JavaThread "Attach Listener"            daemon [_thread_blocked, id=2740, stack(0x0000009c98600000,0x0000009c98700000) (1024K)]
  0x0000029a5d539650 JavaThread "Service Thread"             daemon [_thread_blocked, id=19828, stack(0x0000009c98700000,0x0000009c98800000) (1024K)]
  0x0000029a5d539f40 JavaThread "Monitor Deflation Thread"   daemon [_thread_blocked, id=10368, stack(0x0000009c98800000,0x0000009c98900000) (1024K)]
  0x0000029a5d544a30 JavaThread "C2 CompilerThread0"         daemon [_thread_blocked, id=16512, stack(0x0000009c98900000,0x0000009c98a00000) (1024K)]
  0x0000029a5d566100 JavaThread "C1 CompilerThread0"         daemon [_thread_blocked, id=10644, stack(0x0000009c98a00000,0x0000009c98b00000) (1024K)]
  0x0000029a5d7a1640 JavaThread "Notification Thread"        daemon [_thread_blocked, id=14480, stack(0x0000009c98b00000,0x0000009c98c00000) (1024K)]
  0x0000029a5d7aa7c0 JavaThread "Common-Cleaner"             daemon [_thread_blocked, id=18012, stack(0x0000009c98c00000,0x0000009c98d00000) (1024K)]
  0x0000029aa340aad0 JavaThread "/127.0.0.1:53905 to /127.0.0.1:53903 workers"        [_thread_blocked, id=22576, stack(0x0000009c98f00000,0x0000009c99000000) (1024K)]
  0x0000029aa3944470 JavaThread "/127.0.0.1:53905 to /127.0.0.1:53903 workers Thread 2"        [_thread_blocked, id=21180, stack(0x0000009c99000000,0x0000009c99100000) (1024K)]
  0x0000029aa37f5fc0 JavaThread "/127.0.0.1:53905 to /127.0.0.1:53903 workers Thread 3"        [_thread_in_native, id=15420, stack(0x0000009c99100000,0x0000009c99200000) (1024K)]
  0x0000029aa317fc80 JavaThread "HikariPool-1 housekeeper"   daemon [_thread_blocked, id=17208, stack(0x0000009c98d00000,0x0000009c98e00000) (1024K)]
  0x0000029aa6cd6100 JavaThread "C2 CompilerThread1"         daemon [_thread_blocked, id=15604, stack(0x0000009c99c00000,0x0000009c99d00000) (1024K)]
  0x0000029aa6cd45c0 JavaThread "C2 CompilerThread2"         daemon [_thread_blocked, id=15768, stack(0x0000009c99f00000,0x0000009c9a000000) (1024K)]
Total: 17

Other Threads:
=>0x0000029a5d513bf0 VMThread "VM Thread"                           [id=22892, stack(0x0000009c98200000,0x0000009c98300000) (1024K)]
  0x0000029a5d4fc340 WatcherThread "VM Periodic Task Thread"        [id=16820, stack(0x0000009c98100000,0x0000009c98200000) (1024K)]
  0x0000029a4224c160 WorkerThread "GC Thread#0"                     [id=10408, stack(0x0000009c97c00000,0x0000009c97d00000) (1024K)]
  0x0000029aa37f6630 WorkerThread "GC Thread#1"                     [id=16428, stack(0x0000009c99200000,0x0000009c99300000) (1024K)]
  0x0000029aa37f69e0 WorkerThread "GC Thread#2"                     [id=6020, stack(0x0000009c99300000,0x0000009c99400000) (1024K)]
  0x0000029aa3290440 WorkerThread "GC Thread#3"                     [id=10400, stack(0x0000009c99400000,0x0000009c99500000) (1024K)]
  0x0000029aa3291410 WorkerThread "GC Thread#4"                     [id=22560, stack(0x0000009c99500000,0x0000009c99600000) (1024K)]
  0x0000029aa32917c0 WorkerThread "GC Thread#5"                     [id=18928, stack(0x0000009c99600000,0x0000009c99700000) (1024K)]
  0x0000029aa3291b70 WorkerThread "GC Thread#6"                     [id=23368, stack(0x0000009c99700000,0x0000009c99800000) (1024K)]
  0x0000029aa35ada70 WorkerThread "GC Thread#7"                     [id=17572, stack(0x0000009c99800000,0x0000009c99900000) (1024K)]
  0x0000029aa39547d0 WorkerThread "GC Thread#8"                     [id=19040, stack(0x0000009c99900000,0x0000009c99a00000) (1024K)]
  0x0000029aa3f9a950 WorkerThread "GC Thread#9"                     [id=20764, stack(0x0000009c99a00000,0x0000009c99b00000) (1024K)]
  0x0000029a42251150 ConcurrentGCThread "G1 Main Marker"            [id=1572, stack(0x0000009c97d00000,0x0000009c97e00000) (1024K)]
  0x0000029a42253990 WorkerThread "G1 Conc#0"                       [id=18784, stack(0x0000009c97e00000,0x0000009c97f00000) (1024K)]
  0x0000029aa3f9a5a0 WorkerThread "G1 Conc#1"                       [id=8, stack(0x0000009c99d00000,0x0000009c99e00000) (1024K)]
  0x0000029aa3f9a1f0 WorkerThread "G1 Conc#2"                       [id=15736, stack(0x0000009c99e00000,0x0000009c99f00000) (1024K)]
  0x0000029a5d3d5290 ConcurrentGCThread "G1 Refine#0"               [id=17456, stack(0x0000009c97f00000,0x0000009c98000000) (1024K)]
  0x0000029a5d3d58c0 ConcurrentGCThread "G1 Service"                [id=18260, stack(0x0000009c98000000,0x0000009c98100000) (1024K)]
Total: 18

Threads with active compile tasks:
C2 CompilerThread0  16955 10633       4       java.lang.reflect.Field::getDeclaredAnnotations (8 bytes)
C2 CompilerThread1  16955 10625   !   4       org.springframework.util.ReflectionUtils::doWithLocalMethods (71 bytes)
Total: 2

VM state: at safepoint (normal execution)

VM Mutex/Monitor currently owned by a thread:  ([mutex/lock_event])
[0x00007ff97802e560] Threads_lock - owner thread: 0x0000029a5d513bf0
[0x00007ff97802e660] Heap_lock - owner thread: 0x0000029a3fddffa0

Heap address: 0x00000000e0000000, size: 512 MB, Compressed Oops mode: 32-bit

CDS archive(s) mapped at: [0x0000029a5e000000-0x0000029a5ec80000-0x0000029a5ec80000), size 13107200, SharedBaseAddress: 0x0000029a5e000000, ArchiveRelocationMode: 1.
Compressed class space mapped at: 0x0000029a5f000000-0x0000029a9f000000, reserved size: 1073741824
Narrow klass base: 0x0000029a5e000000, Narrow klass shift: 0, Narrow klass range: 0x100000000

GC Precious Log:
 CardTable entry size: 512
 Card Set container configuration: InlinePtr #cards 5 size 8 Array Of Cards #cards 12 size 40 Howl #buckets 4 coarsen threshold 1843 Howl Bitmap #cards 512 size 80 coarsen threshold 460 Card regions per heap region 1 cards per card region 2048
 CPUs: 12 total, 12 available
 Memory: 15688M
 Large Page Support: Disabled
 NUMA Support: Disabled
 Compressed Oops: Enabled (32-bit)
 Heap Region Size: 1M
 Heap Min Capacity: 8M
 Heap Initial Capacity: 246M
 Heap Max Capacity: 512M
 Pre-touch: Disabled
 Parallel Workers: 10
 Concurrent Workers: 3
 Concurrent Refinement Workers: 10
 Periodic GC: Disabled

Heap:
 garbage-first heap   total 107520K, used 65977K [0x00000000e0000000, 0x0000000100000000)
  region size 1024K, 4 young (4096K), 4 survivors (4096K)
 Metaspace       used 93218K, committed 94080K, reserved 1179648K
  class space    used 12906K, committed 13312K, reserved 1048576K

Heap Regions: E=young(eden), S=young(survivor), O=old, HS=humongous(starts), HC=humongous(continues), CS=collection set, F=free, TAMS=top-at-mark-start, PB=parsable bottom
|   0|0x00000000e0000000, 0x00000000e0100000, 0x00000000e0100000|100%|HS|  |TAMS 0x00000000e0000000| PB 0x00000000e0000000| Complete 
|   1|0x00000000e0100000, 0x00000000e0200000, 0x00000000e0200000|100%|HS|  |TAMS 0x00000000e0100000| PB 0x00000000e0100000| Complete 
|   2|0x00000000e0200000, 0x00000000e0300000, 0x00000000e0300000|100%| O|  |TAMS 0x00000000e0200000| PB 0x00000000e0200000| Untracked 
|   3|0x00000000e0300000, 0x00000000e0400000, 0x00000000e0400000|100%| O|  |TAMS 0x00000000e0300000| PB 0x00000000e0300000| Untracked 
|   4|0x00000000e0400000, 0x00000000e0500000, 0x00000000e0500000|100%| O|  |TAMS 0x00000000e0400000| PB 0x00000000e0400000| Untracked 
|   5|0x00000000e0500000, 0x00000000e0600000, 0x00000000e0600000|100%| O|  |TAMS 0x00000000e0500000| PB 0x00000000e0500000| Untracked 
|   6|0x00000000e0600000, 0x00000000e0700000, 0x00000000e0700000|100%| O|  |TAMS 0x00000000e0600000| PB 0x00000000e0600000| Untracked 
|   7|0x00000000e0700000, 0x00000000e0800000, 0x00000000e0800000|100%| O|  |TAMS 0x00000000e0700000| PB 0x00000000e0700000| Untracked 
|   8|0x00000000e0800000, 0x00000000e0900000, 0x00000000e0900000|100%| O|  |TAMS 0x00000000e0800000| PB 0x00000000e0800000| Untracked 
|   9|0x00000000e0900000, 0x00000000e0a00000, 0x00000000e0a00000|100%| O|  |TAMS 0x00000000e0900000| PB 0x00000000e0900000| Untracked 
|  10|0x00000000e0a00000, 0x00000000e0b00000, 0x00000000e0b00000|100%| O|  |TAMS 0x00000000e0a00000| PB 0x00000000e0a00000| Untracked 
|  11|0x00000000e0b00000, 0x00000000e0c00000, 0x00000000e0c00000|100%| O|  |TAMS 0x00000000e0b00000| PB 0x00000000e0b00000| Untracked 
|  12|0x00000000e0c00000, 0x00000000e0d00000, 0x00000000e0d00000|100%| O|  |TAMS 0x00000000e0c00000| PB 0x00000000e0c00000| Untracked 
|  13|0x00000000e0d00000, 0x00000000e0e00000, 0x00000000e0e00000|100%| O|  |TAMS 0x00000000e0d00000| PB 0x00000000e0d00000| Untracked 
|  14|0x00000000e0e00000, 0x00000000e0f00000, 0x00000000e0f00000|100%| O|  |TAMS 0x00000000e0e00000| PB 0x00000000e0e00000| Untracked 
|  15|0x00000000e0f00000, 0x00000000e1000000, 0x00000000e1000000|100%| O|  |TAMS 0x00000000e0f00000| PB 0x00000000e0f00000| Untracked 
|  16|0x00000000e1000000, 0x00000000e1100000, 0x00000000e1100000|100%| O|  |TAMS 0x00000000e1000000| PB 0x00000000e1000000| Untracked 
|  17|0x00000000e1100000, 0x00000000e1200000, 0x00000000e1200000|100%| O|  |TAMS 0x00000000e1100000| PB 0x00000000e1100000| Untracked 
|  18|0x00000000e1200000, 0x00000000e1300000, 0x00000000e1300000|100%| O|  |TAMS 0x00000000e1200000| PB 0x00000000e1200000| Untracked 
|  19|0x00000000e1300000, 0x00000000e1400000, 0x00000000e1400000|100%| O|  |TAMS 0x00000000e1300000| PB 0x00000000e1300000| Untracked 
|  20|0x00000000e1400000, 0x00000000e1500000, 0x00000000e1500000|100%| O|  |TAMS 0x00000000e1400000| PB 0x00000000e1400000| Untracked 
|  21|0x00000000e1500000, 0x00000000e1600000, 0x00000000e1600000|100%| O|  |TAMS 0x00000000e1500000| PB 0x00000000e1500000| Untracked 
|  22|0x00000000e1600000, 0x00000000e1700000, 0x00000000e1700000|100%| O|  |TAMS 0x00000000e1600000| PB 0x00000000e1600000| Untracked 
|  23|0x00000000e1700000, 0x00000000e1800000, 0x00000000e1800000|100%| O|  |TAMS 0x00000000e1700000| PB 0x00000000e1700000| Untracked 
|  24|0x00000000e1800000, 0x00000000e1900000, 0x00000000e1900000|100%| O|  |TAMS 0x00000000e1800000| PB 0x00000000e1800000| Untracked 
|  25|0x00000000e1900000, 0x00000000e1a00000, 0x00000000e1a00000|100%| O|  |TAMS 0x00000000e1900000| PB 0x00000000e1900000| Untracked 
|  26|0x00000000e1a00000, 0x00000000e1b00000, 0x00000000e1b00000|100%| O|  |TAMS 0x00000000e1a00000| PB 0x00000000e1a00000| Untracked 
|  27|0x00000000e1b00000, 0x00000000e1c00000, 0x00000000e1c00000|100%| O|  |TAMS 0x00000000e1b00000| PB 0x00000000e1b00000| Untracked 
|  28|0x00000000e1c00000, 0x00000000e1d00000, 0x00000000e1d00000|100%| O|  |TAMS 0x00000000e1c00000| PB 0x00000000e1c00000| Untracked 
|  29|0x00000000e1d00000, 0x00000000e1e00000, 0x00000000e1e00000|100%| O|  |TAMS 0x00000000e1d00000| PB 0x00000000e1d00000| Untracked 
|  30|0x00000000e1e00000, 0x00000000e1f00000, 0x00000000e1f00000|100%| O|  |TAMS 0x00000000e1e00000| PB 0x00000000e1e00000| Untracked 
|  31|0x00000000e1f00000, 0x00000000e2000000, 0x00000000e2000000|100%| O|  |TAMS 0x00000000e1f00000| PB 0x00000000e1f00000| Untracked 
|  32|0x00000000e2000000, 0x00000000e2100000, 0x00000000e2100000|100%| O|  |TAMS 0x00000000e2000000| PB 0x00000000e2000000| Untracked 
|  33|0x00000000e2100000, 0x00000000e2200000, 0x00000000e2200000|100%| O|  |TAMS 0x00000000e2100000| PB 0x00000000e2100000| Untracked 
|  34|0x00000000e2200000, 0x00000000e2300000, 0x00000000e2300000|100%| O|  |TAMS 0x00000000e2200000| PB 0x00000000e2200000| Untracked 
|  35|0x00000000e2300000, 0x00000000e2400000, 0x00000000e2400000|100%| O|  |TAMS 0x00000000e2300000| PB 0x00000000e2300000| Untracked 
|  36|0x00000000e2400000, 0x00000000e2500000, 0x00000000e2500000|100%| O|  |TAMS 0x00000000e2400000| PB 0x00000000e2400000| Untracked 
|  37|0x00000000e2500000, 0x00000000e2600000, 0x00000000e2600000|100%| O|  |TAMS 0x00000000e2500000| PB 0x00000000e2500000| Untracked 
|  38|0x00000000e2600000, 0x00000000e2700000, 0x00000000e2700000|100%| O|  |TAMS 0x00000000e2600000| PB 0x00000000e2600000| Untracked 
|  39|0x00000000e2700000, 0x00000000e2800000, 0x00000000e2800000|100%| O|  |TAMS 0x00000000e2700000| PB 0x00000000e2700000| Untracked 
|  40|0x00000000e2800000, 0x00000000e2900000, 0x00000000e2900000|100%| O|  |TAMS 0x00000000e2800000| PB 0x00000000e2800000| Untracked 
|  41|0x00000000e2900000, 0x00000000e2a00000, 0x00000000e2a00000|100%| O|  |TAMS 0x00000000e2900000| PB 0x00000000e2900000| Untracked 
|  42|0x00000000e2a00000, 0x00000000e2b00000, 0x00000000e2b00000|100%| O|  |TAMS 0x00000000e2a00000| PB 0x00000000e2a00000| Untracked 
|  43|0x00000000e2b00000, 0x00000000e2c00000, 0x00000000e2c00000|100%| O|  |TAMS 0x00000000e2b00000| PB 0x00000000e2b00000| Untracked 
|  44|0x00000000e2c00000, 0x00000000e2d00000, 0x00000000e2d00000|100%| O|  |TAMS 0x00000000e2c00000| PB 0x00000000e2c00000| Untracked 
|  45|0x00000000e2d00000, 0x00000000e2e00000, 0x00000000e2e00000|100%| O|  |TAMS 0x00000000e2d00000| PB 0x00000000e2d00000| Untracked 
|  46|0x00000000e2e00000, 0x00000000e2f00000, 0x00000000e2f00000|100%| O|  |TAMS 0x00000000e2e00000| PB 0x00000000e2e00000| Untracked 
|  47|0x00000000e2f00000, 0x00000000e3000000, 0x00000000e3000000|100%| O|  |TAMS 0x00000000e2f00000| PB 0x00000000e2f00000| Untracked 
|  48|0x00000000e3000000, 0x00000000e3000000, 0x00000000e3100000|  0%| F|  |TAMS 0x00000000e3000000| PB 0x00000000e3000000| Untracked 
|  49|0x00000000e3100000, 0x00000000e3100000, 0x00000000e3200000|  0%| F|  |TAMS 0x00000000e3100000| PB 0x00000000e3100000| Untracked 
|  50|0x00000000e3200000, 0x00000000e3300000, 0x00000000e3300000|100%| O|  |TAMS 0x00000000e3200000| PB 0x00000000e3200000| Untracked 
|  51|0x00000000e3300000, 0x00000000e3300000, 0x00000000e3400000|  0%| F|  |TAMS 0x00000000e3300000| PB 0x00000000e3300000| Untracked 
|  52|0x00000000e3400000, 0x00000000e3500000, 0x00000000e3500000|100%| O|  |TAMS 0x00000000e3400000| PB 0x00000000e3400000| Untracked 
|  53|0x00000000e3500000, 0x00000000e3600000, 0x00000000e3600000|100%| O|  |TAMS 0x00000000e3500000| PB 0x00000000e3500000| Untracked 
|  54|0x00000000e3600000, 0x00000000e3700000, 0x00000000e3700000|100%| O|  |TAMS 0x00000000e3600000| PB 0x00000000e3600000| Untracked 
|  55|0x00000000e3700000, 0x00000000e3800000, 0x00000000e3800000|100%| O|  |TAMS 0x00000000e3700000| PB 0x00000000e3700000| Untracked 
|  56|0x00000000e3800000, 0x00000000e3900000, 0x00000000e3900000|100%| O|  |TAMS 0x00000000e3800000| PB 0x00000000e3800000| Untracked 
|  57|0x00000000e3900000, 0x00000000e3a00000, 0x00000000e3a00000|100%| O|  |TAMS 0x00000000e3900000| PB 0x00000000e3900000| Untracked 
|  58|0x00000000e3a00000, 0x00000000e3b00000, 0x00000000e3b00000|100%| O|  |TAMS 0x00000000e3a00000| PB 0x00000000e3a00000| Untracked 
|  59|0x00000000e3b00000, 0x00000000e3c00000, 0x00000000e3c00000|100%| O|  |TAMS 0x00000000e3b00000| PB 0x00000000e3b00000| Untracked 
|  60|0x00000000e3c00000, 0x00000000e3d00000, 0x00000000e3d00000|100%| O|  |TAMS 0x00000000e3c00000| PB 0x00000000e3c00000| Untracked 
|  61|0x00000000e3d00000, 0x00000000e3e00000, 0x00000000e3e00000|100%| O|  |TAMS 0x00000000e3d00000| PB 0x00000000e3d00000| Untracked 
|  62|0x00000000e3e00000, 0x00000000e3f00000, 0x00000000e3f00000|100%| O|  |TAMS 0x00000000e3e00000| PB 0x00000000e3e00000| Untracked 
|  63|0x00000000e3f00000, 0x00000000e4000000, 0x00000000e4000000|100%| O|  |TAMS 0x00000000e3f00000| PB 0x00000000e3f00000| Untracked 
|  64|0x00000000e4000000, 0x00000000e4000000, 0x00000000e4100000|  0%| F|  |TAMS 0x00000000e4000000| PB 0x00000000e4000000| Untracked 
|  65|0x00000000e4100000, 0x00000000e4100000, 0x00000000e4200000|  0%| F|  |TAMS 0x00000000e4100000| PB 0x00000000e4100000| Untracked 
|  66|0x00000000e4200000, 0x00000000e4200000, 0x00000000e4300000|  0%| F|  |TAMS 0x00000000e4200000| PB 0x00000000e4200000| Untracked 
|  67|0x00000000e4300000, 0x00000000e4300000, 0x00000000e4400000|  0%| F|  |TAMS 0x00000000e4300000| PB 0x00000000e4300000| Untracked 
|  68|0x00000000e4400000, 0x00000000e4400000, 0x00000000e4500000|  0%| F|  |TAMS 0x00000000e4400000| PB 0x00000000e4400000| Untracked 
|  69|0x00000000e4500000, 0x00000000e4500000, 0x00000000e4600000|  0%| F|  |TAMS 0x00000000e4500000| PB 0x00000000e4500000| Untracked 
|  70|0x00000000e4600000, 0x00000000e4600000, 0x00000000e4700000|  0%| F|  |TAMS 0x00000000e4600000| PB 0x00000000e4600000| Untracked 
|  71|0x00000000e4700000, 0x00000000e4700000, 0x00000000e4800000|  0%| F|  |TAMS 0x00000000e4700000| PB 0x00000000e4700000| Untracked 
|  72|0x00000000e4800000, 0x00000000e4800000, 0x00000000e4900000|  0%| F|  |TAMS 0x00000000e4800000| PB 0x00000000e4800000| Untracked 
|  73|0x00000000e4900000, 0x00000000e4900000, 0x00000000e4a00000|  0%| F|  |TAMS 0x00000000e4900000| PB 0x00000000e4900000| Untracked 
|  74|0x00000000e4a00000, 0x00000000e4a6e490, 0x00000000e4b00000| 43%| S|CS|TAMS 0x00000000e4a00000| PB 0x00000000e4a00000| Complete 
|  75|0x00000000e4b00000, 0x00000000e4c00000, 0x00000000e4c00000|100%| S|CS|TAMS 0x00000000e4b00000| PB 0x00000000e4b00000| Complete 
|  76|0x00000000e4c00000, 0x00000000e4d00000, 0x00000000e4d00000|100%| S|CS|TAMS 0x00000000e4c00000| PB 0x00000000e4c00000| Complete 
|  77|0x00000000e4d00000, 0x00000000e4e00000, 0x00000000e4e00000|100%| S|CS|TAMS 0x00000000e4d00000| PB 0x00000000e4d00000| Complete 
|  78|0x00000000e4e00000, 0x00000000e4e00000, 0x00000000e4f00000|  0%| F|  |TAMS 0x00000000e4e00000| PB 0x00000000e4e00000| Untracked 
|  79|0x00000000e4f00000, 0x00000000e4f00000, 0x00000000e5000000|  0%| F|  |TAMS 0x00000000e4f00000| PB 0x00000000e4f00000| Untracked 
|  80|0x00000000e5000000, 0x00000000e5000000, 0x00000000e5100000|  0%| F|  |TAMS 0x00000000e5000000| PB 0x00000000e5000000| Untracked 
|  81|0x00000000e5100000, 0x00000000e5100000, 0x00000000e5200000|  0%| F|  |TAMS 0x00000000e5100000| PB 0x00000000e5100000| Untracked 
|  82|0x00000000e5200000, 0x00000000e5200000, 0x00000000e5300000|  0%| F|  |TAMS 0x00000000e5200000| PB 0x00000000e5200000| Untracked 
|  83|0x00000000e5300000, 0x00000000e5300000, 0x00000000e5400000|  0%| F|  |TAMS 0x00000000e5300000| PB 0x00000000e5300000| Untracked 
|  84|0x00000000e5400000, 0x00000000e5400000, 0x00000000e5500000|  0%| F|  |TAMS 0x00000000e5400000| PB 0x00000000e5400000| Untracked 
|  85|0x00000000e5500000, 0x00000000e5500000, 0x00000000e5600000|  0%| F|  |TAMS 0x00000000e5500000| PB 0x00000000e5500000| Untracked 
|  86|0x00000000e5600000, 0x00000000e5600000, 0x00000000e5700000|  0%| F|  |TAMS 0x00000000e5600000| PB 0x00000000e5600000| Untracked 
|  87|0x00000000e5700000, 0x00000000e5700000, 0x00000000e5800000|  0%| F|  |TAMS 0x00000000e5700000| PB 0x00000000e5700000| Untracked 
|  88|0x00000000e5800000, 0x00000000e5800000, 0x00000000e5900000|  0%| F|  |TAMS 0x00000000e5800000| PB 0x00000000e5800000| Untracked 
|  89|0x00000000e5900000, 0x00000000e5900000, 0x00000000e5a00000|  0%| F|  |TAMS 0x00000000e5900000| PB 0x00000000e5900000| Untracked 
|  90|0x00000000e5a00000, 0x00000000e5a00000, 0x00000000e5b00000|  0%| F|  |TAMS 0x00000000e5a00000| PB 0x00000000e5a00000| Untracked 
|  91|0x00000000e5b00000, 0x00000000e5b00000, 0x00000000e5c00000|  0%| F|  |TAMS 0x00000000e5b00000| PB 0x00000000e5b00000| Untracked 
|  92|0x00000000e5c00000, 0x00000000e5c00000, 0x00000000e5d00000|  0%| F|  |TAMS 0x00000000e5c00000| PB 0x00000000e5c00000| Untracked 
|  93|0x00000000e5d00000, 0x00000000e5d00000, 0x00000000e5e00000|  0%| F|  |TAMS 0x00000000e5d00000| PB 0x00000000e5d00000| Untracked 
| 235|0x00000000eeb00000, 0x00000000eeb00000, 0x00000000eec00000|  0%| F|  |TAMS 0x00000000eeb00000| PB 0x00000000eeb00000| Untracked 
| 236|0x00000000eec00000, 0x00000000eec00000, 0x00000000eed00000|  0%| F|  |TAMS 0x00000000eec00000| PB 0x00000000eec00000| Untracked 
| 237|0x00000000eed00000, 0x00000000eed00000, 0x00000000eee00000|  0%| F|  |TAMS 0x00000000eed00000| PB 0x00000000eed00000| Untracked 
| 238|0x00000000eee00000, 0x00000000eee00000, 0x00000000eef00000|  0%| F|  |TAMS 0x00000000eee00000| PB 0x00000000eee00000| Untracked 
| 239|0x00000000eef00000, 0x00000000eef00000, 0x00000000ef000000|  0%| F|  |TAMS 0x00000000eef00000| PB 0x00000000eef00000| Untracked 
| 240|0x00000000ef000000, 0x00000000ef000000, 0x00000000ef100000|  0%| F|  |TAMS 0x00000000ef000000| PB 0x00000000ef000000| Untracked 
| 244|0x00000000ef400000, 0x00000000ef400000, 0x00000000ef500000|  0%| F|  |TAMS 0x00000000ef400000| PB 0x00000000ef400000| Untracked 
| 245|0x00000000ef500000, 0x00000000ef500000, 0x00000000ef600000|  0%| F|  |TAMS 0x00000000ef500000| PB 0x00000000ef500000| Untracked 
| 509|0x00000000ffd00000, 0x00000000ffd00000, 0x00000000ffe00000|  0%| F|  |TAMS 0x00000000ffd00000| PB 0x00000000ffd00000| Untracked 
| 510|0x00000000ffe00000, 0x00000000ffe00000, 0x00000000fff00000|  0%| F|  |TAMS 0x00000000ffe00000| PB 0x00000000ffe00000| Untracked 
| 511|0x00000000fff00000, 0x00000000fff00000, 0x0000000100000000|  0%| F|  |TAMS 0x00000000fff00000| PB 0x00000000fff00000| Untracked 

Card table byte_map: [0x0000029a59f70000,0x0000029a5a070000] _byte_map_base: 0x0000029a59870000

Marking Bits: (CMBitMap*) 0x0000029a4224c870
 Bits: [0x0000029a5a070000, 0x0000029a5a870000)

Polling page: 0x0000029a3fff0000

Metaspace:

Usage:
  Non-class:     78.43 MB used.
      Class:     12.60 MB used.
       Both:     91.03 MB used.

Virtual space:
  Non-class space:      128.00 MB reserved,      78.88 MB ( 62%) committed,  2 nodes.
      Class space:        1.00 GB reserved,      13.00 MB (  1%) committed,  1 nodes.
             Both:        1.12 GB reserved,      91.88 MB (  8%) committed. 

Chunk freelists:
   Non-Class:  208.00 KB
       Class:  3.02 MB
        Both:  3.22 MB

MaxMetaspaceSize: unlimited
CompressedClassSpaceSize: 1.00 GB
Initial GC threshold: 21.00 MB
Current GC threshold: 150.44 MB
CDS: on
 - commit_granule_bytes: 65536.
 - commit_granule_words: 8192.
 - virtual_space_node_default_size: 8388608.
 - enlarge_chunks_in_place: 1.
 - use_allocation_guard: 0.


Internal statistics:

num_allocs_failed_limit: 6.
num_arena_births: 1360.
num_arena_deaths: 0.
num_vsnodes_births: 3.
num_vsnodes_deaths: 0.
num_space_committed: 1470.
num_space_uncommitted: 0.
num_chunks_returned_to_freelist: 6.
num_chunks_taken_from_freelist: 4879.
num_chunk_merges: 6.
num_chunk_splits: 3569.
num_chunks_enlarged: 2763.
num_inconsistent_stats: 0.

CodeHeap 'non-profiled nmethods': size=120000Kb used=5848Kb max_used=5848Kb free=114152Kb
 bounds [0x0000029a523f0000, 0x0000029a529b0000, 0x0000029a59920000]
CodeHeap 'profiled nmethods': size=120000Kb used=16660Kb max_used=16660Kb free=103339Kb
 bounds [0x0000029a4a920000, 0x0000029a4b970000, 0x0000029a51e50000]
CodeHeap 'non-nmethods': size=5760Kb used=1642Kb max_used=1704Kb free=4117Kb
 bounds [0x0000029a51e50000, 0x0000029a520c0000, 0x0000029a523f0000]
CodeCache: size=245760Kb, used=24150Kb, max_used=24212Kb, free=221608Kb
 total_blobs=9646, nmethods=8865, adapters=684, full_count=0
Compilation: enabled, stopped_count=0, restarted_count=0

Compilation events (20 events):
Event: 14.884 Thread 0x0000029aa6cd6100 nmethod 10624 0x0000029a529a3a10 code [0x0000029a529a3ba0, 0x0000029a529a3c88]
Event: 14.885 Thread 0x0000029a5d566100 nmethod 10623 0x0000029a4b961610 code [0x0000029a4b961aa0, 0x0000029a4b963bf8]
Event: 14.886 Thread 0x0000029aa6cd6100 10625   !   4       org.springframework.util.ReflectionUtils::doWithLocalMethods (71 bytes)
Event: 14.888 Thread 0x0000029aa6cd45c0 10626       4       org.springframework.core.SerializableTypeWrapper$MethodParameterTypeProvider::getType (8 bytes)
Event: 14.888 Thread 0x0000029aa6cd45c0 nmethod 10626 0x0000029a529a3d90 code [0x0000029a529a3f20, 0x0000029a529a3ff8]
Event: 14.889 Thread 0x0000029aa6cd45c0 10627   !   4       org.springframework.util.ClassUtils::getMostSpecificMethod (83 bytes)
Event: 14.897 Thread 0x0000029a5d544a30 10628       4       org.springframework.core.annotation.TypeMappedAnnotations::scan (66 bytes)
Event: 14.898 Thread 0x0000029a5d544a30 nmethod 10628 0x0000029a529a4110 code [0x0000029a529a42e0, 0x0000029a529a44a8]
Event: 14.899 Thread 0x0000029a5d544a30 10629   !   4       org.springframework.beans.factory.support.FactoryBeanRegistrySupport::getTypeForFactoryBean (22 bytes)
Event: 14.899 Thread 0x0000029a5d566100 10630   !   3       org.springframework.beans.factory.support.AbstractAutowireCapableBeanFactory::createBeanInstance (245 bytes)
Event: 14.899 Thread 0x0000029a5d544a30 nmethod 10629 0x0000029a529a4690 code [0x0000029a529a4820, 0x0000029a529a4908]
Event: 14.899 Thread 0x0000029aa6cd45c0 nmethod 10627 0x0000029a529a4a10 code [0x0000029a529a4c80, 0x0000029a529a5828]
Event: 14.900 Thread 0x0000029a5d544a30 10633       4       java.lang.reflect.Field::getDeclaredAnnotations (8 bytes)
Event: 14.900 Thread 0x0000029a5d566100 nmethod 10630 0x0000029a4b964790 code [0x0000029a4b964b40, 0x0000029a4b9669e8]
Event: 14.900 Thread 0x0000029a5d566100 10631       3       java.lang.Class::isRecord (33 bytes)
Event: 14.901 Thread 0x0000029a5d566100 nmethod 10631 0x0000029a4b967190 code [0x0000029a4b967360, 0x0000029a4b9675c8]
Event: 14.901 Thread 0x0000029a5d566100 10632       3       java.lang.reflect.Method::acquireMethodAccessor (55 bytes)
Event: 14.901 Thread 0x0000029a5d566100 nmethod 10632 0x0000029a4b967690 code [0x0000029a4b9678a0, 0x0000029a4b967e18]
Event: 14.901 Thread 0x0000029a5d566100 10634       3       org.springframework.boot.context.properties.bind.Binder$Context::clearConfigurationProperty (6 bytes)
Event: 14.901 Thread 0x0000029a5d566100 nmethod 10634 0x0000029a4b5a7c90 code [0x0000029a4b5a7e20, 0x0000029a4b5a7f50]

GC Heap History (20 events):
Event: 13.137 GC heap after
{Heap after GC invocations=32 (full 0):
 garbage-first heap   total 75776K, used 45798K [0x00000000e0000000, 0x0000000100000000)
  region size 1024K, 3 young (3072K), 3 survivors (3072K)
 Metaspace       used 87363K, committed 88064K, reserved 1179648K
  class space    used 12165K, committed 12480K, reserved 1048576K
}
Event: 13.291 GC heap before
{Heap before GC invocations=32 (full 0):
 garbage-first heap   total 75776K, used 68326K [0x00000000e0000000, 0x0000000100000000)
  region size 1024K, 26 young (26624K), 3 survivors (3072K)
 Metaspace       used 88813K, committed 89472K, reserved 1179648K
  class space    used 12355K, committed 12672K, reserved 1048576K
}
Event: 13.294 GC heap after
{Heap after GC invocations=33 (full 0):
 garbage-first heap   total 76800K, used 46387K [0x00000000e0000000, 0x0000000100000000)
  region size 1024K, 4 young (4096K), 4 survivors (4096K)
 Metaspace       used 88813K, committed 89472K, reserved 1179648K
  class space    used 12355K, committed 12672K, reserved 1048576K
}
Event: 13.522 GC heap before
{Heap before GC invocations=33 (full 0):
 garbage-first heap   total 76800K, used 69939K [0x00000000e0000000, 0x0000000100000000)
  region size 1024K, 27 young (27648K), 4 survivors (4096K)
 Metaspace       used 89294K, committed 90048K, reserved 1179648K
  class space    used 12399K, committed 12736K, reserved 1048576K
}
Event: 13.525 GC heap after
{Heap after GC invocations=34 (full 0):
 garbage-first heap   total 76800K, used 47140K [0x00000000e0000000, 0x0000000100000000)
  region size 1024K, 3 young (3072K), 3 survivors (3072K)
 Metaspace       used 89294K, committed 90048K, reserved 1179648K
  class space    used 12399K, committed 12736K, reserved 1048576K
}
Event: 13.699 GC heap before
{Heap before GC invocations=35 (full 0):
 garbage-first heap   total 80896K, used 70692K [0x00000000e0000000, 0x0000000100000000)
  region size 1024K, 26 young (26624K), 3 survivors (3072K)
 Metaspace       used 89502K, committed 90176K, reserved 1179648K
  class space    used 12418K, committed 12736K, reserved 1048576K
}
Event: 13.703 GC heap after
{Heap after GC invocations=36 (full 0):
 garbage-first heap   total 80896K, used 51200K [0x00000000e0000000, 0x0000000100000000)
  region size 1024K, 4 young (4096K), 4 survivors (4096K)
 Metaspace       used 89502K, committed 90176K, reserved 1179648K
  class space    used 12418K, committed 12736K, reserved 1048576K
}
Event: 13.922 GC heap before
{Heap before GC invocations=36 (full 0):
 garbage-first heap   total 80896K, used 73728K [0x00000000e0000000, 0x0000000100000000)
  region size 1024K, 26 young (26624K), 4 survivors (4096K)
 Metaspace       used 90468K, committed 91264K, reserved 1179648K
  class space    used 12575K, committed 12928K, reserved 1048576K
}
Event: 13.927 GC heap after
{Heap after GC invocations=37 (full 0):
 garbage-first heap   total 81920K, used 52488K [0x00000000e0000000, 0x0000000100000000)
  region size 1024K, 2 young (2048K), 2 survivors (2048K)
 Metaspace       used 90468K, committed 91264K, reserved 1179648K
  class space    used 12575K, committed 12928K, reserved 1048576K
}
Event: 14.322 GC heap before
{Heap before GC invocations=37 (full 0):
 garbage-first heap   total 81920K, used 73992K [0x00000000e0000000, 0x0000000100000000)
  region size 1024K, 23 young (23552K), 2 survivors (2048K)
 Metaspace       used 91627K, committed 92416K, reserved 1179648K
  class space    used 12697K, committed 13056K, reserved 1048576K
}
Event: 14.327 GC heap after
{Heap after GC invocations=38 (full 0):
 garbage-first heap   total 81920K, used 55981K [0x00000000e0000000, 0x0000000100000000)
  region size 1024K, 3 young (3072K), 3 survivors (3072K)
 Metaspace       used 91627K, committed 92416K, reserved 1179648K
  class space    used 12697K, committed 13056K, reserved 1048576K
}
Event: 14.386 GC heap before
{Heap before GC invocations=39 (full 0):
 garbage-first heap   total 94208K, used 74413K [0x00000000e0000000, 0x0000000100000000)
  region size 1024K, 21 young (21504K), 3 survivors (3072K)
 Metaspace       used 91627K, committed 92416K, reserved 1179648K
  class space    used 12697K, committed 13056K, reserved 1048576K
}
Event: 14.391 GC heap after
{Heap after GC invocations=40 (full 0):
 garbage-first heap   total 94208K, used 61393K [0x00000000e0000000, 0x0000000100000000)
  region size 1024K, 3 young (3072K), 3 survivors (3072K)
 Metaspace       used 91627K, committed 92416K, reserved 1179648K
  class space    used 12697K, committed 13056K, reserved 1048576K
}
Event: 14.427 GC heap before
{Heap before GC invocations=40 (full 0):
 garbage-first heap   total 94208K, used 81873K [0x00000000e0000000, 0x0000000100000000)
  region size 1024K, 23 young (23552K), 3 survivors (3072K)
 Metaspace       used 91638K, committed 92416K, reserved 1179648K
  class space    used 12698K, committed 13056K, reserved 1048576K
}
Event: 14.431 GC heap after
{Heap after GC invocations=41 (full 0):
 garbage-first heap   total 94208K, used 64054K [0x00000000e0000000, 0x0000000100000000)
  region size 1024K, 3 young (3072K), 3 survivors (3072K)
 Metaspace       used 91638K, committed 92416K, reserved 1179648K
  class space    used 12698K, committed 13056K, reserved 1048576K
}
Event: 14.466 GC heap before
{Heap before GC invocations=41 (full 0):
 garbage-first heap   total 94208K, used 83510K [0x00000000e0000000, 0x0000000100000000)
  region size 1024K, 22 young (22528K), 3 survivors (3072K)
 Metaspace       used 91638K, committed 92416K, reserved 1179648K
  class space    used 12698K, committed 13056K, reserved 1048576K
}
Event: 14.469 GC heap after
{Heap after GC invocations=42 (full 0):
 garbage-first heap   total 94208K, used 66419K [0x00000000e0000000, 0x0000000100000000)
  region size 1024K, 3 young (3072K), 3 survivors (3072K)
 Metaspace       used 91638K, committed 92416K, reserved 1179648K
  class space    used 12698K, committed 13056K, reserved 1048576K
}
Event: 14.534 GC heap before
{Heap before GC invocations=43 (full 0):
 garbage-first heap   total 107520K, used 81779K [0x00000000e0000000, 0x0000000100000000)
  region size 1024K, 20 young (20480K), 3 survivors (3072K)
 Metaspace       used 91640K, committed 92416K, reserved 1179648K
  class space    used 12698K, committed 13056K, reserved 1048576K
}
Event: 14.537 GC heap after
{Heap after GC invocations=44 (full 0):
 garbage-first heap   total 107520K, used 66430K [0x00000000e0000000, 0x0000000100000000)
  region size 1024K, 2 young (2048K), 2 survivors (2048K)
 Metaspace       used 91640K, committed 92416K, reserved 1179648K
  class space    used 12698K, committed 13056K, reserved 1048576K
}
Event: 14.903 GC heap before
{Heap before GC invocations=44 (full 0):
 garbage-first heap   total 107520K, used 92030K [0x00000000e0000000, 0x0000000100000000)
  region size 1024K, 27 young (27648K), 2 survivors (2048K)
 Metaspace       used 93218K, committed 94080K, reserved 1179648K
  class space    used 12906K, committed 13312K, reserved 1048576K
}

Dll operation events (9 events):
Event: 0.010 Loaded shared library C:\Users\Administrator\.jdks\temurin-21.0.10\bin\java.dll
Event: 0.046 Loaded shared library C:\Users\Administrator\.jdks\temurin-21.0.10\bin\jsvml.dll
Event: 0.147 Loaded shared library C:\Users\Administrator\.jdks\temurin-21.0.10\bin\net.dll
Event: 0.149 Loaded shared library C:\Users\Administrator\.jdks\temurin-21.0.10\bin\nio.dll
Event: 0.153 Loaded shared library C:\Users\Administrator\.jdks\temurin-21.0.10\bin\zip.dll
Event: 0.267 Loaded shared library C:\Users\Administrator\.jdks\temurin-21.0.10\bin\jimage.dll
Event: 0.531 Loaded shared library C:\Users\Administrator\.jdks\temurin-21.0.10\bin\extnet.dll
Event: 0.597 Loaded shared library C:\Users\Administrator\.jdks\temurin-21.0.10\bin\sunmscapi.dll
Event: 0.647 Loaded shared library C:\Users\Administrator\.jdks\temurin-21.0.10\bin\verify.dll

Deoptimization events (20 events):
Event: 14.748 Thread 0x0000029a3fddffa0 Uncommon trap: trap_request=0xffffffde fr.pc=0x0000029a5245ebcc relative=0x000000000000010c
Event: 14.748 Thread 0x0000029a3fddffa0 Uncommon trap: reason=class_check action=maybe_recompile pc=0x0000029a5245ebcc method=org.springframework.core.SerializableTypeWrapper.unwrap(Ljava/lang/reflect/Type;)Ljava/lang/reflect/Type; @ 10 c2
Event: 14.748 Thread 0x0000029a3fddffa0 DEOPT PACKING pc=0x0000029a5245ebcc sp=0x0000009c97bfa050
Event: 14.748 Thread 0x0000029a3fddffa0 DEOPT UNPACKING pc=0x0000029a51ea4422 sp=0x0000009c97bf9fd8 mode 2
Event: 14.748 Thread 0x0000029a3fddffa0 Uncommon trap: trap_request=0xffffffde fr.pc=0x0000029a5245ebcc relative=0x000000000000010c
Event: 14.748 Thread 0x0000029a3fddffa0 Uncommon trap: reason=class_check action=maybe_recompile pc=0x0000029a5245ebcc method=org.springframework.core.SerializableTypeWrapper.unwrap(Ljava/lang/reflect/Type;)Ljava/lang/reflect/Type; @ 10 c2
Event: 14.748 Thread 0x0000029a3fddffa0 DEOPT PACKING pc=0x0000029a5245ebcc sp=0x0000009c97bfa2e0
Event: 14.748 Thread 0x0000029a3fddffa0 DEOPT UNPACKING pc=0x0000029a51ea4422 sp=0x0000009c97bfa268 mode 2
Event: 14.827 Thread 0x0000029a3fddffa0 Uncommon trap: trap_request=0xffffff45 fr.pc=0x0000029a5264005c relative=0x000000000000165c
Event: 14.827 Thread 0x0000029a3fddffa0 Uncommon trap: reason=unstable_if action=reinterpret pc=0x0000029a5264005c method=org.springframework.boot.context.properties.source.ConfigurationPropertyName$ElementsParser.isAlpha(C)Z @ 9 c2
Event: 14.827 Thread 0x0000029a3fddffa0 DEOPT PACKING pc=0x0000029a5264005c sp=0x0000009c97bf5200
Event: 14.827 Thread 0x0000029a3fddffa0 DEOPT UNPACKING pc=0x0000029a51ea4422 sp=0x0000009c97bf4fa8 mode 2
Event: 14.827 Thread 0x0000029a3fddffa0 Uncommon trap: trap_request=0xffffff45 fr.pc=0x0000029a52551058 relative=0x0000000000000218
Event: 14.827 Thread 0x0000029a3fddffa0 Uncommon trap: reason=unstable_if action=reinterpret pc=0x0000029a52551058 method=org.springframework.boot.context.properties.source.ConfigurationPropertyName$ElementsParser.isAlpha(C)Z @ 9 c2
Event: 14.827 Thread 0x0000029a3fddffa0 DEOPT PACKING pc=0x0000029a52551058 sp=0x0000009c97bf50c0
Event: 14.827 Thread 0x0000029a3fddffa0 DEOPT UNPACKING pc=0x0000029a51ea4422 sp=0x0000009c97bf4fa0 mode 2
Event: 14.827 Thread 0x0000029a3fddffa0 Uncommon trap: trap_request=0xffffff45 fr.pc=0x0000029a5273f5dc relative=0x000000000000067c
Event: 14.827 Thread 0x0000029a3fddffa0 Uncommon trap: reason=unstable_if action=reinterpret pc=0x0000029a5273f5dc method=org.springframework.boot.context.properties.source.ConfigurationPropertyName$ElementsParser.isAlpha(C)Z @ 9 c2
Event: 14.827 Thread 0x0000029a3fddffa0 DEOPT PACKING pc=0x0000029a5273f5dc sp=0x0000009c97bf4fc0
Event: 14.827 Thread 0x0000029a3fddffa0 DEOPT UNPACKING pc=0x0000029a51ea4422 sp=0x0000009c97bf4da0 mode 2

Classes loaded (20 events):
Event: 13.839 Loading class java/lang/invoke/BoundMethodHandle$Species_LLLLLLLLLLLL
Event: 13.839 Loading class java/lang/invoke/BoundMethodHandle$Species_LLLLLLLLLLLL done
Event: 13.841 Loading class java/lang/invoke/BoundMethodHandle$Species_LLLLLLLLLLLLL
Event: 13.841 Loading class java/lang/invoke/BoundMethodHandle$Species_LLLLLLLLLLLLL done
Event: 13.842 Loading class java/lang/invoke/BoundMethodHandle$Species_LLLLLLLLLLLLLL
Event: 13.842 Loading class java/lang/invoke/BoundMethodHandle$Species_LLLLLLLLLLLLLL done
Event: 13.844 Loading class java/lang/invoke/BoundMethodHandle$Species_LLLLLLLLLLLLLLL
Event: 13.844 Loading class java/lang/invoke/BoundMethodHandle$Species_LLLLLLLLLLLLLLL done
Event: 13.894 Loading class java/lang/invoke/BoundMethodHandle$Species_LLLLLLLLLLLLLLLL
Event: 13.894 Loading class java/lang/invoke/BoundMethodHandle$Species_LLLLLLLLLLLLLLLL done
Event: 14.008 Loading class java/util/EnumMap$EntrySet
Event: 14.008 Loading class java/util/EnumMap$EntrySet done
Event: 14.008 Loading class java/util/EnumMap$EntryIterator
Event: 14.008 Loading class java/util/EnumMap$EnumMapIterator
Event: 14.008 Loading class java/util/EnumMap$EnumMapIterator done
Event: 14.008 Loading class java/util/EnumMap$EntryIterator done
Event: 14.176 Loading class java/nio/file/FileAlreadyExistsException
Event: 14.176 Loading class java/nio/file/FileAlreadyExistsException done
Event: 14.689 Loading class java/time/Duration$1
Event: 14.689 Loading class java/time/Duration$1 done

Classes unloaded (0 events):
No events

Classes redefined (0 events):
No events

Internal exceptions (20 events):
Event: 13.834 Thread 0x0000029a3fddffa0 Exception <a 'java/lang/NoSuchMethodError'{0x00000000e3d9dd80}: 'java.lang.Object java.lang.invoke.DirectMethodHandle$Holder.invokeSpecial(java.lang.Object, java.lang.Object, java.lang.Object, java.lang.Object, java.lang.Object, java.lang.Object, java.lang.Object, java.lang.Object, java.lang.Object, java.lang.Object, java.lang.Object, java.lang.Object, java.lang.Object, java.lang.Object, java.lang.Object, java.lang.Object)'> (0x00000000e3d9dd80) 
thrown [s\src\hotspot\share\interpreter\linkResolver.cpp, li
Event: 13.834 Thread 0x0000029a3fddffa0 Exception <a 'java/lang/NoSuchMethodError'{0x00000000e3da3ae8}: 'java.lang.Object java.lang.invoke.DelegatingMethodHandle$Holder.reinvoke_L(java.lang.Object, java.lang.Object, java.lang.Object, java.lang.Object, java.lang.Object, java.lang.Object, java.lang.Object, java.lang.Object, java.lang.Object, java.lang.Object, java.lang.Object, java.lang.Object, java.lang.Object, java.lang.Object, java.lang.Object)'> (0x00000000e3da3ae8) 
thrown [s\src\hotspot\share\interpreter\linkResolver.cpp, line 773]
Event: 13.838 Thread 0x0000029a3fddffa0 Exception <a 'java/lang/NoSuchMethodError'{0x00000000e3de71d8}: 'java.lang.Object java.lang.invoke.DirectMethodHandle$Holder.invokeStatic(java.lang.Object, java.lang.Object, java.lang.Object, java.lang.Object, java.lang.Object, java.lang.Object, java.lang.Object, java.lang.Object, java.lang.Object, java.lang.Object, java.lang.Object, java.lang.Object, java.lang.Object)'> (0x00000000e3de71d8) 
thrown [s\src\hotspot\share\interpreter\linkResolver.cpp, line 773]
Event: 13.839 Thread 0x0000029a3fddffa0 Exception <a 'java/lang/NoSuchMethodError'{0x00000000e3c059e0}: 'java.lang.Object java.lang.invoke.DirectMethodHandle$Holder.invokeStatic(java.lang.Object, java.lang.Object, java.lang.Object, java.lang.Object, java.lang.Object, java.lang.Object, java.lang.Object, java.lang.Object, java.lang.Object, java.lang.Object, java.lang.Object, java.lang.Object, java.lang.Object, java.lang.Object)'> (0x00000000e3c059e0) 
thrown [s\src\hotspot\share\interpreter\linkResolver.cpp, line 773]
Event: 13.840 Thread 0x0000029a3fddffa0 Exception <a 'java/lang/NoSuchMethodError'{0x00000000e3c25268}: 'java.lang.Object java.lang.invoke.DirectMethodHandle$Holder.invokeStatic(java.lang.Object, java.lang.Object, java.lang.Object, java.lang.Object, java.lang.Object, java.lang.Object, java.lang.Object, java.lang.Object, java.lang.Object, java.lang.Object, java.lang.Object, java.lang.Object, java.lang.Object, java.lang.Object, java.lang.Object)'> (0x00000000e3c25268) 
thrown [s\src\hotspot\share\interpreter\linkResolver.cpp, line 773]
Event: 13.841 Thread 0x0000029a3fddffa0 Exception <a 'java/lang/NoSuchMethodError'{0x00000000e3c46828}: 'java.lang.Object java.lang.invoke.DirectMethodHandle$Holder.invokeStatic(java.lang.Object, java.lang.Object, java.lang.Object, java.lang.Object, java.lang.Object, java.lang.Object, java.lang.Object, java.lang.Object, java.lang.Object, java.lang.Object, java.lang.Object, java.lang.Object, java.lang.Object, java.lang.Object, java.lang.Object, java.lang.Object)'> (0x00000000e3c46828) 
thrown [s\src\hotspot\share\interpreter\linkResolver.cpp, lin
Event: 13.843 Thread 0x0000029a3fddffa0 Exception <a 'java/lang/NoSuchMethodError'{0x00000000e3c6b940}: 'java.lang.Object java.lang.invoke.DirectMethodHandle$Holder.invokeStatic(java.lang.Object, java.lang.Object, java.lang.Object, java.lang.Object, java.lang.Object, java.lang.Object, java.lang.Object, java.lang.Object, java.lang.Object, java.lang.Object, java.lang.Object, java.lang.Object, java.lang.Object, java.lang.Object, java.lang.Object, java.lang.Object, java.lang.Object)'> (0x00000000e3c6b940) 
thrown [s\src\hotspot\share\interpreter\lin
Event: 13.845 Thread 0x0000029a3fddffa0 Exception <a 'java/lang/NoSuchMethodError'{0x00000000e3c925b0}: 'java.lang.Object java.lang.invoke.DirectMethodHandle$Holder.invokeStatic(java.lang.Object, java.lang.Object, java.lang.Object, java.lang.Object, java.lang.Object, java.lang.Object, java.lang.Object, java.lang.Object, java.lang.Object, java.lang.Object, java.lang.Object, java.lang.Object, java.lang.Object, java.lang.Object, java.lang.Object, java.lang.Object, java.lang.Object, java.lang.Object)'> (0x00000000e3c925b0) 
thrown [s\src\hotspot\sha
Event: 13.869 Thread 0x0000029a3fddffa0 Exception <a 'java/lang/NoSuchMethodError'{0x00000000e3b9c130}: 'java.lang.Object java.lang.invoke.DirectMethodHandle$Holder.newInvokeSpecial(java.lang.Object, java.lang.Object, java.lang.Object, java.lang.Object, java.lang.Object, java.lang.Object, java.lang.Object, java.lang.Object, java.lang.Object, java.lang.Object, java.lang.Object, java.lang.Object, java.lang.Object, java.lang.Object)'> (0x00000000e3b9c130) 
thrown [s\src\hotspot\share\interpreter\linkResolver.cpp, line 773]
Event: 13.869 Thread 0x0000029a3fddffa0 Exception <a 'java/lang/NoSuchMethodError'{0x00000000e3ba1510}: 'java.lang.Object java.lang.invoke.DelegatingMethodHandle$Holder.reinvoke_L(java.lang.Object, java.lang.Object, java.lang.Object, java.lang.Object, java.lang.Object, java.lang.Object, java.lang.Object, java.lang.Object, java.lang.Object, java.lang.Object, java.lang.Object, java.lang.Object, java.lang.Object, java.lang.Object)'> (0x00000000e3ba1510) 
thrown [s\src\hotspot\share\interpreter\linkResolver.cpp, line 773]
Event: 13.890 Thread 0x0000029a3fddffa0 Exception <a 'java/lang/NoSuchMethodError'{0x00000000e3aabe78}: 'java.lang.Object java.lang.invoke.DirectMethodHandle$Holder.newInvokeSpecial(java.lang.Object, java.lang.Object, java.lang.Object, java.lang.Object, java.lang.Object, java.lang.Object, java.lang.Object, java.lang.Object, java.lang.Object, java.lang.Object, java.lang.Object, java.lang.Object, java.lang.Object, java.lang.Object, java.lang.Object, java.lang.Object)'> (0x00000000e3aabe78) 
thrown [s\src\hotspot\share\interpreter\linkResolver.cpp,
Event: 13.891 Thread 0x0000029a3fddffa0 Exception <a 'java/lang/NoSuchMethodError'{0x00000000e3ab1df0}: 'java.lang.Object java.lang.invoke.DirectMethodHandle$Holder.invokeSpecial(java.lang.Object, java.lang.Object, java.lang.Object, java.lang.Object, java.lang.Object, java.lang.Object, java.lang.Object, java.lang.Object, java.lang.Object, java.lang.Object, java.lang.Object, java.lang.Object, java.lang.Object, java.lang.Object, java.lang.Object, java.lang.Object, java.lang.Object)'> (0x00000000e3ab1df0) 
thrown [s\src\hotspot\share\interpreter\li
Event: 13.891 Thread 0x0000029a3fddffa0 Exception <a 'java/lang/NoSuchMethodError'{0x00000000e3ab6cd0}: 'java.lang.Object java.lang.invoke.DelegatingMethodHandle$Holder.reinvoke_L(java.lang.Object, java.lang.Object, java.lang.Object, java.lang.Object, java.lang.Object, java.lang.Object, java.lang.Object, java.lang.Object, java.lang.Object, java.lang.Object, java.lang.Object, java.lang.Object, java.lang.Object, java.lang.Object, java.lang.Object, java.lang.Object)'> (0x00000000e3ab6cd0) 
thrown [s\src\hotspot\share\interpreter\linkResolver.cpp, l
Event: 13.894 Thread 0x0000029a3fddffa0 Exception <a 'java/lang/NoSuchMethodError'{0x00000000e39269d8}: 'java.lang.Object java.lang.invoke.DirectMethodHandle$Holder.invokeStatic(java.lang.Object, java.lang.Object, java.lang.Object, java.lang.Object, java.lang.Object, java.lang.Object, java.lang.Object, java.lang.Object, java.lang.Object, java.lang.Object, java.lang.Object, java.lang.Object, java.lang.Object, java.lang.Object, java.lang.Object, java.lang.Object, java.lang.Object, java.lang.Object, java.lang.Object)'> (0x00000000e39269d8) 
thrown 
Event: 14.175 Thread 0x0000029a3fddffa0 Exception <a 'sun/nio/fs/WindowsException'{0x00000000e42a1ea0}> (0x00000000e42a1ea0) 
thrown [s\src\hotspot\share\prims\jni.cpp, line 520]
Event: 14.201 Thread 0x0000029a3fddffa0 Exception <a 'java/lang/NoSuchMethodError'{0x00000000e42c18e8}: 'java.lang.Object java.lang.invoke.DirectMethodHandle$Holder.newInvokeSpecial(java.lang.Object, java.lang.Object, java.lang.Object, java.lang.Object, java.lang.Object, java.lang.Object, java.lang.Object, java.lang.Object, java.lang.Object, java.lang.Object, java.lang.Object, java.lang.Object, java.lang.Object)'> (0x00000000e42c18e8) 
thrown [s\src\hotspot\share\interpreter\linkResolver.cpp, line 773]
Event: 14.201 Thread 0x0000029a3fddffa0 Exception <a 'java/lang/NoSuchMethodError'{0x00000000e42c6b30}: 'java.lang.Object java.lang.invoke.DelegatingMethodHandle$Holder.reinvoke_L(java.lang.Object, java.lang.Object, java.lang.Object, java.lang.Object, java.lang.Object, java.lang.Object, java.lang.Object, java.lang.Object, java.lang.Object, java.lang.Object, java.lang.Object, java.lang.Object, java.lang.Object)'> (0x00000000e42c6b30) 
thrown [s\src\hotspot\share\interpreter\linkResolver.cpp, line 773]
Event: 14.265 Thread 0x0000029a3fddffa0 Exception <a 'java/lang/NoSuchMethodError'{0x00000000e40e2ff8}: 'java.lang.Object java.lang.invoke.DirectMethodHandle$Holder.newInvokeSpecial(java.lang.Object, java.lang.Object, java.lang.Object, java.lang.Object, java.lang.Object, java.lang.Object, java.lang.Object, java.lang.Object, java.lang.Object, java.lang.Object)'> (0x00000000e40e2ff8) 
thrown [s\src\hotspot\share\interpreter\linkResolver.cpp, line 773]
Event: 14.621 Thread 0x0000029a3fddffa0 Exception <a 'java/lang/NoSuchMethodError'{0x00000000eefde180}: 'java.lang.Object java.lang.invoke.DirectMethodHandle$Holder.newInvokeSpecial(java.lang.Object, java.lang.Object, java.lang.Object, java.lang.Object, java.lang.Object, java.lang.Object, java.lang.Object, java.lang.Object, java.lang.Object)'> (0x00000000eefde180) 
thrown [s\src\hotspot\share\interpreter\linkResolver.cpp, line 773]
Event: 14.866 Thread 0x0000029a3fddffa0 Exception <a 'java/lang/NoSuchMethodError'{0x00000000e50ea2d0}: 'java.lang.Object java.lang.invoke.DirectMethodHandle$Holder.invokeVirtual(java.lang.Object, java.lang.Object, java.lang.Object, java.lang.Object, java.lang.Object, java.lang.Object)'> (0x00000000e50ea2d0) 
thrown [s\src\hotspot\share\interpreter\linkResolver.cpp, line 773]

ZGC Phase Switch (0 events):
No events

VM Operations (20 events):
Event: 14.327 Executing safepoint VM operation: G1CollectForAllocation (G1 Evacuation Pause) done
Event: 14.363 Executing safepoint VM operation: G1PauseRemark
Event: 14.370 Executing safepoint VM operation: G1PauseRemark done
Event: 14.383 Executing safepoint VM operation: G1PauseCleanup
Event: 14.383 Executing safepoint VM operation: G1PauseCleanup done
Event: 14.386 Executing safepoint VM operation: G1CollectForAllocation (G1 Evacuation Pause)
Event: 14.391 Executing safepoint VM operation: G1CollectForAllocation (G1 Evacuation Pause) done
Event: 14.427 Executing safepoint VM operation: G1CollectForAllocation (G1 Evacuation Pause)
Event: 14.431 Executing safepoint VM operation: G1CollectForAllocation (G1 Evacuation Pause) done
Event: 14.466 Executing safepoint VM operation: G1CollectForAllocation (G1 Evacuation Pause)
Event: 14.469 Executing safepoint VM operation: G1CollectForAllocation (G1 Evacuation Pause) done
Event: 14.510 Executing safepoint VM operation: G1PauseRemark
Event: 14.515 Executing safepoint VM operation: G1PauseRemark done
Event: 14.530 Executing safepoint VM operation: G1PauseCleanup
Event: 14.530 Executing safepoint VM operation: G1PauseCleanup done
Event: 14.534 Executing safepoint VM operation: G1CollectForAllocation (G1 Evacuation Pause)
Event: 14.537 Executing safepoint VM operation: G1CollectForAllocation (G1 Evacuation Pause) done
Event: 14.871 Executing non-safepoint VM operation: HandshakeAllThreads (Deoptimize)
Event: 14.871 Executing non-safepoint VM operation: HandshakeAllThreads (Deoptimize) done
Event: 14.903 Executing safepoint VM operation: G1CollectForAllocation (G1 Evacuation Pause)

Memory protections (0 events):
No events

Nmethod flushes (20 events):
Event: 14.514 Thread 0x0000029a5d513bf0 flushing  nmethod 0x0000029a4ae64d10
Event: 14.514 Thread 0x0000029a5d513bf0 flushing  nmethod 0x0000029a4af9db10
Event: 14.514 Thread 0x0000029a5d513bf0 flushing  nmethod 0x0000029a4aff6310
Event: 14.514 Thread 0x0000029a5d513bf0 flushing  nmethod 0x0000029a4b1fbb10
Event: 14.514 Thread 0x0000029a5d513bf0 flushing  nmethod 0x0000029a5264f290
Event: 14.514 Thread 0x0000029a5d513bf0 flushing  nmethod 0x0000029a4ac11790
Event: 14.514 Thread 0x0000029a5d513bf0 flushing  nmethod 0x0000029a4ac8f390
Event: 14.514 Thread 0x0000029a5d513bf0 flushing  nmethod 0x0000029a4adfb310
Event: 14.514 Thread 0x0000029a5d513bf0 flushing  nmethod 0x0000029a4aef4d90
Event: 14.514 Thread 0x0000029a5d513bf0 flushing  nmethod 0x0000029a4af7c510
Event: 14.514 Thread 0x0000029a5d513bf0 flushing  nmethod 0x0000029a4b175410
Event: 14.514 Thread 0x0000029a5d513bf0 flushing  nmethod 0x0000029a4b2ced10
Event: 14.514 Thread 0x0000029a5d513bf0 flushing  nmethod 0x0000029a4b5a7c90
Event: 14.514 Thread 0x0000029a5d513bf0 flushing  nmethod 0x0000029a4b777910
Event: 14.514 Thread 0x0000029a5d513bf0 flushing  nmethod 0x0000029a4b79aa10
Event: 14.514 Thread 0x0000029a5d513bf0 flushing  nmethod 0x0000029a4a984690
Event: 14.514 Thread 0x0000029a5d513bf0 flushing  nmethod 0x0000029a4aba5490
Event: 14.514 Thread 0x0000029a5d513bf0 flushing  nmethod 0x0000029a4b05c390
Event: 14.514 Thread 0x0000029a5d513bf0 flushing  nmethod 0x0000029a4b756a90
Event: 14.514 Thread 0x0000029a5d513bf0 flushing  nmethod 0x0000029a4b75c890

Events (20 events):
Event: 6.231 Thread 0x0000029a5d566100 Thread added: 0x0000029aa75ae520
Event: 7.021 Thread 0x0000029aa75ae520 Thread exited: 0x0000029aa75ae520
Event: 7.082 Thread 0x0000029a5d566100 Thread added: 0x0000029a5d6d62d0
Event: 8.220 Thread 0x0000029a5d6d62d0 Thread exited: 0x0000029a5d6d62d0
Event: 8.449 Thread 0x0000029aa72693a0 Thread exited: 0x0000029aa72693a0
Event: 9.055 Thread 0x0000029a3fddffa0 Thread added: 0x0000029aa317fc80
Event: 9.159 Thread 0x0000029aa317fc80 Thread added: 0x0000029aa3180310
Event: 9.422 Thread 0x0000029a5d566100 Thread added: 0x0000029aa4700050
Event: 10.098 Thread 0x0000029aa4700050 Thread exited: 0x0000029aa4700050
Event: 10.612 Thread 0x0000029a5d566100 Thread added: 0x0000029aa639c250
Event: 10.636 Thread 0x0000029a5d566100 Thread added: 0x0000029aa6204440
Event: 11.243 Thread 0x0000029aa6204440 Thread exited: 0x0000029aa6204440
Event: 11.259 Thread 0x0000029aa639c250 Thread exited: 0x0000029aa639c250
Event: 11.424 Thread 0x0000029a3fddffa0 Thread added: 0x0000029aa61da120
Event: 11.426 Thread 0x0000029aa61da120 Thread exited: 0x0000029aa61da120
Event: 11.511 Thread 0x0000029a5d566100 Thread added: 0x0000029aa6cd6100
Event: 11.549 Thread 0x0000029a5d566100 Thread added: 0x0000029aa6cd45c0
Event: 12.183 Thread 0x0000029aa6cd45c0 Thread exited: 0x0000029aa6cd45c0
Event: 12.528 Thread 0x0000029a5d566100 Thread added: 0x0000029aa6cd45c0
Event: 14.544 Thread 0x0000029aa3180310 Thread exited: 0x0000029aa3180310


Dynamic libraries:
0x00007ff7accc0000 - 0x00007ff7accce000 	C:\Users\Administrator\.jdks\temurin-21.0.10\bin\java.exe
0x00007ff9f8e80000 - 0x00007ff9f90e7000 	C:\WINDOWS\SYSTEM32\ntdll.dll
0x00007ff9f8150000 - 0x00007ff9f8219000 	C:\WINDOWS\System32\KERNEL32.DLL
0x00007ff9f5840000 - 0x00007ff9f5c31000 	C:\WINDOWS\System32\KERNELBASE.dll
0x00007ff9f5c40000 - 0x00007ff9f5d8b000 	C:\WINDOWS\System32\ucrtbase.dll
0x00007ff9edb80000 - 0x00007ff9edb9e000 	C:\Users\Administrator\.jdks\temurin-21.0.10\bin\VCRUNTIME140.dll
0x00007ff9edba0000 - 0x00007ff9edbb8000 	C:\Users\Administrator\.jdks\temurin-21.0.10\bin\jli.dll
0x00007ff9f7ac0000 - 0x00007ff9f7c85000 	C:\WINDOWS\System32\USER32.dll
0x00007ff9f5810000 - 0x00007ff9f5837000 	C:\WINDOWS\System32\win32u.dll
0x00007ff9dac40000 - 0x00007ff9daed3000 	C:\WINDOWS\WinSxS\amd64_microsoft.windows.common-controls_6595b64144ccf1df_6.0.26100.8037_none_3e092faae333b53b\COMCTL32.dll
0x00007ff9f7c90000 - 0x00007ff9f7cbb000 	C:\WINDOWS\System32\GDI32.dll
0x00007ff9f7760000 - 0x00007ff9f7809000 	C:\WINDOWS\System32\msvcrt.dll
0x00007ff9f6980000 - 0x00007ff9f6aab000 	C:\WINDOWS\System32\gdi32full.dll
0x00007ff9f5760000 - 0x00007ff9f5803000 	C:\WINDOWS\System32\msvcp_win.dll
0x00007ff9f7810000 - 0x00007ff9f7841000 	C:\WINDOWS\System32\IMM32.DLL
0x00007ff9edb70000 - 0x00007ff9edb7c000 	C:\Users\Administrator\.jdks\temurin-21.0.10\bin\vcruntime140_1.dll
0x00007ff9edae0000 - 0x00007ff9edb6d000 	C:\Users\Administrator\.jdks\temurin-21.0.10\bin\msvcp140.dll
0x00007ff977370000 - 0x00007ff978111000 	C:\Users\Administrator\.jdks\temurin-21.0.10\bin\server\jvm.dll
0x00007ff9f7ed0000 - 0x00007ff9f7f8b000 	C:\WINDOWS\System32\ADVAPI32.dll
0x00007ff9f8400000 - 0x00007ff9f84a7000 	C:\WINDOWS\System32\sechost.dll
0x00007ff9f7fa0000 - 0x00007ff9f80b8000 	C:\WINDOWS\System32\RPCRT4.dll
0x00007ff9f76e0000 - 0x00007ff9f7754000 	C:\WINDOWS\System32\WS2_32.dll
0x00007ff9e49d0000 - 0x00007ff9e4a05000 	C:\WINDOWS\SYSTEM32\WINMM.dll
0x00007ff9f55c0000 - 0x00007ff9f561e000 	C:\WINDOWS\SYSTEM32\POWRPROF.dll
0x00007ff9eeb10000 - 0x00007ff9eeb1b000 	C:\WINDOWS\SYSTEM32\VERSION.dll
0x00007ff9f55a0000 - 0x00007ff9f55b4000 	C:\WINDOWS\SYSTEM32\UMPDC.dll
0x00007ff9f44b0000 - 0x00007ff9f44cb000 	C:\WINDOWS\SYSTEM32\kernel.appcore.dll
0x00007ff9edad0000 - 0x00007ff9edada000 	C:\Users\Administrator\.jdks\temurin-21.0.10\bin\jimage.dll
0x00007ff9e44b0000 - 0x00007ff9e46f2000 	C:\WINDOWS\SYSTEM32\DBGHELP.DLL
0x00007ff9f71b0000 - 0x00007ff9f7532000 	C:\WINDOWS\System32\combase.dll
0x00007ff9f82a0000 - 0x00007ff9f8377000 	C:\WINDOWS\System32\OLEAUT32.dll
0x00007ff9d64a0000 - 0x00007ff9d64db000 	C:\WINDOWS\SYSTEM32\dbgcore.DLL
0x00007ff9f68d0000 - 0x00007ff9f6975000 	C:\WINDOWS\System32\bcryptPrimitives.dll
0x00007ff9edab0000 - 0x00007ff9edad0000 	C:\Users\Administrator\.jdks\temurin-21.0.10\bin\java.dll
0x00007ff9f84b0000 - 0x00007ff9f8c0f000 	C:\WINDOWS\System32\SHELL32.dll
0x00007ff9f6ab0000 - 0x00007ff9f6c1a000 	C:\WINDOWS\System32\wintypes.dll
0x00007ff9f5d90000 - 0x00007ff9f65f4000 	C:\WINDOWS\System32\windows.storage.dll
0x00007ff9f70b0000 - 0x00007ff9f71a7000 	C:\WINDOWS\System32\SHCORE.dll
0x00007ff9f8dd0000 - 0x00007ff9f8e37000 	C:\WINDOWS\System32\shlwapi.dll
0x00007ff9f5680000 - 0x00007ff9f56a9000 	C:\WINDOWS\SYSTEM32\profapi.dll
0x00007ff9ed9d0000 - 0x00007ff9edaa7000 	C:\Users\Administrator\.jdks\temurin-21.0.10\bin\jsvml.dll
0x00007ff9ed9c0000 - 0x00007ff9ed9d0000 	C:\Users\Administrator\.jdks\temurin-21.0.10\bin\net.dll
0x00007ff9eede0000 - 0x00007ff9eef07000 	C:\WINDOWS\SYSTEM32\WINHTTP.dll
0x00007ff9f4a00000 - 0x00007ff9f4a6b000 	C:\WINDOWS\system32\mswsock.dll
0x00007ff9ed9a0000 - 0x00007ff9ed9b6000 	C:\Users\Administrator\.jdks\temurin-21.0.10\bin\nio.dll
0x00007ff9ed980000 - 0x00007ff9ed998000 	C:\Users\Administrator\.jdks\temurin-21.0.10\bin\zip.dll
0x00007ff9ed970000 - 0x00007ff9ed979000 	C:\Users\Administrator\.jdks\temurin-21.0.10\bin\extnet.dll
0x00007ff9ed960000 - 0x00007ff9ed96e000 	C:\Users\Administrator\.jdks\temurin-21.0.10\bin\sunmscapi.dll
0x00007ff9f6750000 - 0x00007ff9f68c7000 	C:\WINDOWS\System32\CRYPT32.dll
0x00007ff9f4f60000 - 0x00007ff9f4f90000 	C:\WINDOWS\SYSTEM32\ncrypt.dll
0x00007ff9f4f10000 - 0x00007ff9f4f4f000 	C:\WINDOWS\SYSTEM32\NTASN1.dll
0x00007ff9f2ef0000 - 0x00007ff9f2ef8000 	C:\WINDOWS\system32\wshunix.dll
0x00007ff9f4e00000 - 0x00007ff9f4e1b000 	C:\WINDOWS\SYSTEM32\CRYPTSP.dll
0x00007ff9f4410000 - 0x00007ff9f4449000 	C:\WINDOWS\system32\rsaenh.dll
0x00007ff9f4ab0000 - 0x00007ff9f4ae2000 	C:\WINDOWS\SYSTEM32\USERENV.dll
0x00007ff9f5650000 - 0x00007ff9f567a000 	C:\WINDOWS\SYSTEM32\bcrypt.dll
0x00007ff9f4c60000 - 0x00007ff9f4c6c000 	C:\WINDOWS\SYSTEM32\CRYPTBASE.dll
0x00007ff9f3e40000 - 0x00007ff9f3e73000 	C:\WINDOWS\SYSTEM32\IPHLPAPI.DLL
0x00007ff9f8380000 - 0x00007ff9f838a000 	C:\WINDOWS\System32\NSI.dll
0x00007ff9ed950000 - 0x00007ff9ed960000 	C:\Users\Administrator\.jdks\temurin-21.0.10\bin\verify.dll

JVMTI agents: none

dbghelp: loaded successfully - version: 4.0.5 - missing functions: none
symbol engine: initialized successfully - sym options: 0x614 - pdb path: .;C:\Users\Administrator\.jdks\temurin-21.0.10\bin;C:\WINDOWS\SYSTEM32;C:\WINDOWS\WinSxS\amd64_microsoft.windows.common-controls_6595b64144ccf1df_6.0.26100.8037_none_3e092faae333b53b;C:\Users\Administrator\.jdks\temurin-21.0.10\bin\server

VM Arguments:
jvm_args: -Dorg.gradle.internal.worker.tmpdir=D:\User\Desktop\car_school_automatization\build\tmp\test\work -Xmx512m -Dfile.encoding=UTF-8 -Duser.country=RU -Duser.language=ru -Duser.variant -ea 
java_command: worker.org.gradle.process.internal.worker.GradleWorkerMain 'Gradle Test Executor 2'
java_class_path (initial): C:\\Users\\Administrator\\.gradle\\caches\\9.3.0\\workerMain\\gradle-worker.jar;D:\\User\\Desktop\\car_school_automatization\\build\\classes\\java\\test;D:\\User\\Desktop\\car_school_automatization\\build\\classes\\kotlin\\test;D:\\User\\Desktop\\car_school_automatization\\build\\resources\\test;D:\\User\\Desktop\\car_school_automatization\\build\\classes\\java\\main;D:\\User\\Desktop\\car_school_automatization\\build\\classes\\kotlin\\main;D:\\User\\Desktop\\car_school_automatization\\build\\resources\\main;C:\\Users\\Administrator\\.gradle\\caches\\modules-2\\files-2.1\\org.springframework.boot\\spring-boot-starter-security\\3.4.3\\b474a2f9fdd7e46cfb662b13bb38d9da9e7682d0\\spring-boot-starter-security-3.4.3.jar;C:\\Users\\Administrator\\.gradle\\caches\\modules-2\\files-2.1\\org.springframework.boot\\spring-boot-starter-data-jpa\\3.4.3\\29c90fec6e887dc01df09ea4c3548b5a04b7afb4\\spring-boot-starter-data-jpa-3.4.3.jar;C:\\Users\\Administrator\\.gradle\\caches\\modules-2\\files-2.1\\org.springframework.boot\\spring-boot-starter-web\\3.4.3\\87e7a401e7d249fefc7f372f5681e8620234624c\\spring-boot-starter-web-3.4.3.jar;C:\\Users\\Administrator\\.gradle\\caches\\modules-2\\files-2.1\\org.springframework.boot\\spring-boot-starter-validation\\3.4.3\\cbbea0ff19a55bc84926a04be99045c7eba2420\\spring-boot-starter-validation-3.4.3.jar;C:\\Users\\Administrator\\.gradle\\caches\\modules-2\\files-2.1\\org.mapstruct\\mapstruct\\1.5.5.Final\\2ca3cbe39b6e9ea8d5ea521965a89bef2a1e8eeb\\mapstruct-1.5.5.Final.jar;C:\\Users\\Administrator\\.gradle\\caches\\modules-2\\files-2.1\\org.springdoc\\springdoc-openapi-starter-webmvc-ui\\2.7.0\\4426174e7fa7428a1c5f2edbd352c89e3e6b9794\\springdoc-openapi-starter-webmvc-ui-2.7.0.jar;C:\\Users\\Administrator\\.gradle\\caches\\modules-2\\files-2.1\\io.jsonwebtoken\\jjwt-impl\\0.13.0\\9e7c70dd7014909556755fb01c465dd184b4b1d9\\jjwt-impl-0.13.0.jar;C:\\Users\\Administrator\\.gradle\\caches\\modules-2\\files-2.1\\io.jsonwebtoken\\jjwt-jackson\\0.13.0\\cfe37531887657716ec20b5ef22f22b32e8bf4a8\\jjwt-jackson-0.13.0.jar;C:\\Users\\Administrator\\.gradle\\caches\\modules-2\\files-2.1\\io.jsonwebtoken\\jjwt-api\\0.13.0\\ce631a0342b08953355f333b488d2b03445b9f3e\\jjwt-api-0.13.0.jar;C:\\Users\\Administrator\\.gradle\\caches\\modules-2\\files-2.1\\org.mockito.kotlin\\mockito-kotlin\\6.2.3\\fc93a652dd44155611773a12c71dcbad0b07c20b\\mockito-kotlin-6.2.3.jar;C:\\Users\\Administrator\\.gradle\\caches\\modules-2\\files-2.1\\org.jetbrains.kotlin\\kotlin-reflect\\2.2.0\\4258f471b10f4fce1b1c000b59495b7413e1af9a\\kotlin-reflect-2.2.0.jar;C:\\Users\\Administrator\\.gradle\\caches\\modules-2\\files-2.1\\org.jetbrains.kotlin\\kotlin-stdlib-jdk7\\2.2.0\\bfd42edfc4f88de5a02131108ab800fb32d53d03\\kotlin-stdlib-jdk7-2.2.0.jar;C:\\Users\\Administrator\\.gradle\\caches\\modules-2\\files-2.1\\org.jetbrains.kotlin\\kotlin-stdlib\\2.2.0\\fdfc65fbc42fda253a26f61dac3c0aca335fae96\\kotlin-stdlib-2.2.0.jar;C:\\Users\\Administrator\\.gradle\\caches\\modules-2\\files-2.1\\org.jetbrains.kotlin\\kotlin-stdlib-jdk8\\2.2.0\\ed572b04cd66acce7837ad753e4fe64d9c536025\\kotlin-stdlib-jdk8-2.2.0.jar;C:\\Users\\Administrator\\.gradle\\caches\\modules-2\\files-2.1\\org.postgresql\\postgresql\\42.7.5\\747897987b86c741fb8b56f6b81929ae1e6e4b46\\postgresql-42.7.5.jar;C:\\Users\\Administrator\\.gradle\\caches\\modules-2\\files-2.1\\org.springframework.boot\\spring-boot-starter-test\\3.4.3\\cb43483437a2151f522141247198e071ad77cf35\\spring-boot-starter-test-3.4.3.jar;C:\\Users\\Administrator\\.gradle\\caches\\modules-2\\files-2.1\\org.springframework.security\\spring-security-test\\6.4.3\\ab1ebd14fc144b50d437a951f7ed694c4340f079\\spring-security-test-6.4.3.jar;C:\\Users\\Administrator\\.gradle\\caches\\modules-2\\files-2.1\\io.cucumber\\cucumber-java\\7.15.0\\d9c1557029c12d20ff31c667472a31772c608023\\cucumber-java-7.15.0.jar;C:\\Users\\Administrator\\.gradle\\caches\\modules-2\\files-2.1\\io.cucumber\\cucumber-spring\\7.15.0\\a74ffd23d267a2b152c8698daa0535d586863445\\cucumber-spring-7.15.0.jar;C:\\Users\\Administrator\\.gradle\\caches\\modules-2\\files-2.1\\io.cucumber\\cucumber-junit-platform-engine\\7.15.0\\f71fbd66fd25d8effa32673100c025b7f7358da2\\cucumber-junit-platform-engine-7.15.0.jar;C:\\Users\\Administrator\\.gradle\\caches\\modules-2\\files-2.1\\org.junit.platform\\junit-platform-suite-engine\\1.11.4\\679cc57f175e5924686d600a8b2bb02fecd16623\\junit-platform-suite-engine-1.11.4.jar;C:\\Users\\Administrator\\.gradle\\caches\\modules-2\\files-2.1\\org.junit.platform\\junit-platform-suite-commons\\1.11.4\\b381d0e04bd2721c4bf348d5be61d2b4768df305\\junit-platform-suite-commons-1.11.4.jar;C:\\Users\\Administrator\\.gradle\\caches\\modules-2\\files-2.1\\org.junit.platform\\junit-platform-launcher\\1.11.4\\3d83c201899d8c5e74e1a5d628eab900342a0e48\\junit-platform-launcher-1.11.4.jar;C:\\Users\\Administrator\\.gradle\\caches\\modules-2\\files-2.1\\org.junit.jupiter\\junit-jupiter\\5.11.4\\a699f024a4a4706b36bddbeb42d499aff9e09379\\junit-jupiter-5.11.4.jar;C:\\Users\\Administrator\\.gradle\\caches\\modules-2\\files-2.1\\org.junit.jupiter\\junit-jupiter-engine\\5.11.4\\dc10ec209623986a68ea07f67cdc7d2a65a60355\\junit-jupiter-engine-5.11.4.jar;C:\\Users\\Administrator\\.gradle\\caches\\modules-2\\files-2.1\\org.junit.platform\\junit-platform-engine\\1.11.4\\21f61b123ad6ac8f7e73971bff3a096c8d8e1cd0\\junit-platform-engine-1.11.4.jar;C:\\Users\\Administrator\\.gradle\\caches\\modules-2\\files-2.1\\org.junit.platform\\junit-platform-suite-api\\1.11.4\\745fc2bfc37c15a6233bbc1328524fd1b1429279\\junit-platform-suite-api-1.11.4.jar;C:\\Users\\Administrator\\.gradle\\caches\\modules-2\\files-2.1\\org.mockito\\mockito-junit-jupiter\\5.14.2\\3cfc377d4bb9fe729f3dd9098d9a9b27da58324a\\mockito-junit-jupiter-5.14.2.jar;C:\\Users\\Administrator\\.gradle\\caches\\modules-2\\files-2.1\\org.junit.jupiter\\junit-jupiter-params\\5.11.4\\e4c86fbe2a39c60c6b87260ef7f7e7c1a1906481\\junit-jupiter-params-5.11.4.jar;C:\\Users\\Administrator\\.gradle\\caches\\modules-2\\files-2.1\\org.junit.jupiter\\junit-jupiter-api\\5.11.4\\308315b28e667db4091b2ba1f7aa220d1ddadb97\\junit-jupiter-api-5.11.4.jar;C:\\Users\\Administrator\\.gradle\\caches\\modules-2\\files-2.1\\org.junit.platform\\junit-platform-commons\\1.11.4\\8898eea3ed0da2641548d602c3e308804f166303\\junit-platform-commons-1.11.4.jar;C:\\Users\\Administrator\\.gradle\\caches\\modules-2\\files-2.1\\org.junit.platform\\junit-platform-suite\\1.10.2\\3234255109e0654a8785dcdbe1d35f8efe9fa77c\\junit-platform-suite-1.10.2.jar;C:\\Users\\Administrator\\.gradle\\caches\\modules-2\\files-2.1\\com.h2database\\h2\\2.3.232\\4fcc05d966ccdb2812ae8b9a718f69226c0cf4e2\\h2-2.3.232.jar;C:\\Users\\Administrator\\.gradle\\caches\\modules-2\\files-2.1\\org.springframework.boot\\spring-boot-starter-jdbc\\3.4.3\\87c09bd67ea27fcd30d6413fdbc5bfa1f688e5e8\\spring-boot-starter-jdbc-3.4.3.jar;C:\\Users\\Administrator\\.gradle\\caches\\modules-2\\files-2.1\\org.springframework.boot\\spring-boot-starter-json\\3.4.3\\7a4d63165404da67ed3802678994c21a0763723\\spring-boot-starter-json-3.4.3.jar;C:\\Users\\Administrator\\.gradle\\caches\\modules-2\\files-2.1\\org.springframework.boot\\spring-boot-starter\\3.4.3\\247fdc05cd6de013c3fd26628fa221dd095b391\\spring-boot-starter-3.4.3.jar;C:\\Users\\Administrator\\.gradle\\caches\\modules-2\\files-2.1\\org.springframework.security\\spring-security-config\\6.4.3\\52d7cedfde4f9a4e78f27b754e8be89ec25e871\\spring-security-config-6.4.3.jar;C:\\Users\\Administrator\\.gradle\\caches\\modules-2\\files-2.1\\org.springframework.security\\spring-security-web\\6.4.3\\7e0887e8fccda083d8bb4abb58997909480ea4a0\\spring-security-web-6.4.3.jar;C:\\Users\\Administrator\\.gradle\\caches\\modules-2\\files-2.1\\org.springframework.data\\spring-data-jpa\\3.4.3\\7e4c0e9c14f4d971a9de6aff3c9beece2001480b\\spring-data-jpa-3.4.3.jar;C:\\Users\\Administrator\\.gradle\\caches\\modules-2\\files-2.1\\org.springdoc\\springdoc-openapi-starter-webmvc-api\\2.7.0\\37d5234d1fd470918775569ebe240e18c367340f\\springdoc-openapi-starter-webmvc-api-2.7.0.jar;C:\\Users\\Administrator\\.gradle\\caches\\modules-2\\files-2.1\\org.springframework\\spring-webmvc\\6.2.3\\485f6e351bba471fc8f841f39eaf6488896369ff\\spring-webmvc-6.2.3.jar;C:\\Users\\Administrator\\.gradle\\caches\\modules-2\\files-2.1\\org.springframework.security\\spring-security-core\\6.4.3\\3023090cb32ecfe266726edc498ae8cb112f4e7f\\spring-security-core-6.4.3.jar;C:\\Users\\Administrator\\.gradle\\caches\\modules-2\\files-2.1\\org.springframework.boot\\spring-boot-test-autoconfigure\\3.4.3\\7c4be29065b5b21ba7c13515d795fe8d76e57a79\\spring-boot-test-autoconfigure-3.4.3.jar;C:\\Users\\Administrator\\.gradle\\caches\\modules-2\\files-2.1\\org.springframework.boot\\spring-boot-test\\3.4.3\\ba8b542af8fda08840925ef1bdfe78c1b7222b82\\spring-boot-test-3.4.3.jar;C:\\Users\\Administrator\\.gradle\\caches\\modules-2\\files-2.1\\org.springdoc\\springdoc-openapi-starter-common\\2.7.0\\bba119cebeab38aa8ba9a506d76bd611407348c1\\springdoc-openapi-starter-common-2.7.0.jar;C:\\Users\\Administrator\\.gradle\\caches\\modules-2\\files-2.1\\org.springframework.boot\\spring-boot-autoconfigure\\3.4.3\\6172c599082196b340910d67c5c790c32f10e417\\spring-boot-autoconfigure-3.4.3.jar;C:\\Users\\Administrator\\.gradle\\caches\\modules-2\\files-2.1\\org.springframework.boot\\spring-boot\\3.4.3\\a7138bcecd59ed27660b3894a7812d65db4951e6\\spring-boot-3.4.3.jar;C:\\Users\\Administrator\\.gradle\\caches\\modules-2\\files-2.1\\org.springframework\\spring-context\\6.2.3\\35acadc000b8aaff77e3412dd9acb51aa70c8515\\spring-context-6.2.3.jar;C:\\Users\\Administrator\\.gradle\\caches\\modules-2\\files-2.1\\org.springframework\\spring-aop\\6.2.3\\7983418fa64505d144b60826fb1352ad336c60a0\\spring-aop-6.2.3.jar;C:\\Users\\Administrator\\.gradle\\caches\\modules-2\\files-2.1\\org.hibernate.orm\\hibernate-core\\6.6.8.Final\\2738c642d5e505249faa2f923e03541aa6b96916\\hibernate-core-6.6.8.Final.jar;C:\\Users\\Administrator\\.gradle\\caches\\modules-2\\files-2.1\\org.springframework\\spring-aspects\\6.2.3\\f90a794dd3f81a1addc0552bc091e3f85b2428de\\spring-aspects-6.2.3.jar;C:\\Users\\Administrator\\.gradle\\caches\\modules-2\\files-2.1\\org.springframework.boot\\spring-boot-starter-tomcat\\3.4.3\\40246b02bf8bf905dd5fb3d57f48bfc2c9b49bb9\\spring-boot-starter-tomcat-3.4.3.jar;C:\\Users\\Administrator\\.gradle\\caches\\modules-2\\files-2.1\\org.springframework\\spring-web\\6.2.3\\662ac5ee41af27d183f97032b2fec2b652d379f5\\spring-web-6.2.3.jar;C:\\Users\\Administrator\\.gradle\\caches\\modules-2\\files-2.1\\org.apache.tomcat.embed\\tomcat-embed-el\\10.1.36\\4e4235a18244af30bb32d9b5a9400fb8edb3bc20\\tomcat-embed-el-10.1.36.jar;C:\\Users\\Administrator\\.gradle\\caches\\modules-2\\files-2.1\\org.hibernate.validator\\hibernate-validator\\8.0.2.Final\\220e64815dd87535525331de20570017f899eb13\\hibernate-validator-8.0.2.Final.jar;C:\\Users\\Administrator\\.gradle\\caches\\modules-2\\files-2.1\\org.webjars\\swagger-ui\\5.18.2\\368118833fc82beedbc17783972c836aa22e0872\\swagger-ui-5.18.2.jar;C:\\Users\\Administrator\\.gradle\\caches\\modules-2\\files-2.1\\org.webjars\\webjars-locator-lite\\1.0.1\\b4389136604123d4fe4199cc29b94a33206996bc\\webjars-locator-lite-1.0.1.jar;C:\\Users\\Administrator\\.gradle\\caches\\modules-2\\files-2.1\\io.swagger.core.v3\\swagger-core-jakarta\\2.2.25\\83eceb1d4af30f9131b0e0c607b83b2c921c2525\\swagger-core-jakarta-2.2.25.jar;C:\\Users\\Administrator\\.gradle\\caches\\modules-2\\files-2.1\\com.fasterxml.jackson.datatype\\jackson-datatype-jsr310\\2.18.2\\7b6ff96adf421f4c6edbd694e797dd8fe434510a\\jackson-datatype-jsr310-2.18.2.jar;C:\\Users\\Administrator\\.gradle\\caches\\modules-2\\files-2.1\\com.fasterxml.jackson.module\\jackson-module-parameter-names\\2.18.2\\72960cb3277347a748911d100c3302d60e8a616a\\jackson-module-parameter-names-2.18.2.jar;C:\\Users\\Administrator\\.gradle\\caches\\modules-2\\files-2.1\\io.swagger.core.v3\\swagger-models-jakarta\\2.2.25\\abfe0fce84b0d8d8371f52405816a30cdba64493\\swagger-models-jakarta-2.2.25.jar;C:\\Users\\Administrator\\.gradle\\caches\\modules-2\\files-2.1\\com.fasterxml.jackson.core\\jackson-annotations\\2.18.2\\985d77751ebc7fce5db115a986bc9aa82f973f4a\\jackson-annotations-2.18.2.jar;C:\\Users\\Administrator\\.gradle\\caches\\modules-2\\files-2.1\\com.fasterxml.jackson.dataformat\\jackson-dataformat-yaml\\2.18.2\\d000e13505d1cf564371516fa3d5b8769a779dc9\\jackson-dataformat-yaml-2.18.2.jar;C:\\Users\\Administrator\\.gradle\\caches\\modules-2\\files-2.1\\com.fasterxml.jackson.core\\jackson-core\\2.18.2\\fb64ccac5c27dca8819418eb4e443a9f496d9ee7\\jackson-core-2.18.2.jar;C:\\Users\\Administrator\\.gradle\\caches\\modules-2\\files-2.1\\com.fasterxml.jackson.datatype\\jackson-datatype-jdk8\\2.18.2\\9ed6d538ebcc66864e114a7040953dce6ab6ea53\\jackson-datatype-jdk8-2.18.2.jar;C:\\Users\\Administrator\\.gradle\\caches\\modules-2\\files-2.1\\com.fasterxml.jackson.core\\jackson-databind\\2.18.2\\deef8697b92141fb6caf7aa86966cff4eec9b04f\\jackson-databind-2.18.2.jar;C:\\Users\\Administrator\\.gradle\\caches\\modules-2\\files-2.1\\org.checkerframework\\checker-qual\\3.48.3\\c48effe7d78de3cf5e8a98c614281ec6a2466a77\\checker-qual-3.48.3.jar;C:\\Users\\Administrator\\.gradle\\caches\\modules-2\\files-2.1\\com.jayway.jsonpath\\json-path\\2.9.0\\37fe2217f577b0b68b18e62c4d17a8858ecf9b69\\json-path-2.9.0.jar;C:\\Users\\Administrator\\.gradle\\caches\\modules-2\\files-2.1\\org.glassfish.jaxb\\jaxb-runtime\\4.0.5\\ca84c2a7169b5293e232b9d00d1e4e36d4c3914a\\jaxb-runtime-4.0.5.jar;C:\\Users\\Administrator\\.gradle\\caches\\modules-2\\files-2.1\\org.glassfish.jaxb\\jaxb-core\\4.0.5\\7b4b11ea5542eea4ad55e1080b23be436795b3\\jaxb-core-4.0.5.jar;C:\\Users\\Administrator\\.gradle\\caches\\modules-2\\files-2.1\\jakarta.xml.bind\\jakarta.xml.bind-api\\4.0.2\\6cd5a999b834b63238005b7144136379dc36cad2\\jakarta.xml.bind-api-4.0.2.jar;C:\\Users\\Administrator\\.gradle\\caches\\modules-2\\files-2.1\\net.minidev\\json-smart\\2.5.2\\95d166b18f95907be0f46cdb9e1c0695eed03387\\json-smart-2.5.2.jar;C:\\Users\\Administrator\\.gradle\\caches\\modules-2\\files-2.1\\org.assertj\\assertj-core\\3.26.3\\d26263eb7524252d98e602fc6942996a3195e29\\assertj-core-3.26.3.jar;C:\\Users\\Administrator\\.gradle\\caches\\modules-2\\files-2.1\\org.awaitility\\awaitility\\4.2.2\\7336242073ebf83fe034e42b46a403c5501b63c9\\awaitility-4.2.2.jar;C:\\Users\\Administrator\\.gradle\\caches\\modules-2\\files-2.1\\org.hamcrest\\hamcrest\\2.2\\1820c0968dba3a11a1b30669bb1f01978a91dedc\\hamcrest-2.2.jar;C:\\Users\\Administrator\\.gradle\\caches\\modules-2\\files-2.1\\org.mockito\\mockito-core\\5.14.2\\f7bf936008d7664e2002c3faf0c02071c8d10e7c\\mockito-core-5.14.2.jar;C:\\Users\\Administrator\\.gradle\\caches\\modules-2\\files-2.1\\org.skyscreamer\\jsonassert\\1.5.3\\aaa43e0823d2a0e106e8754d6a9c4ab24e05e9bc\\jsonassert-1.5.3.jar;C:\\Users\\Administrator\\.gradle\\caches\\modules-2\\files-2.1\\org.springframework\\spring-test\\6.2.3\\92fbfd7a88dd007f4c669d8a317227d2757a4d2a\\spring-test-6.2.3.jar;C:\\Users\\Administrator\\.gradle\\caches\\modules-2\\files-2.1\\org.springframework\\spring-orm\\6.2.3\\b99b9917702591c2ef0cfa7a9bff6bf757015437\\spring-orm-6.2.3.jar;C:\\Users\\Administrator\\.gradle\\caches\\modules-2\\files-2.1\\org.springframework\\spring-jdbc\\6.2.3\\37a5f7fd424fe555a556138c8ac4f8d6dd312c19\\spring-jdbc-6.2.3.jar;C:\\Users\\Administrator\\.gradle\\caches\\modules-2\\files-2.1\\org.springframework.data\\spring-data-commons\\3.4.3\\2b61ff4aef4a81071ce7eaf1ec29ef9e553bf930\\spring-data-commons-3.4.3.jar;C:\\Users\\Administrator\\.gradle\\caches\\modules-2\\files-2.1\\org.springframework\\spring-tx\\6.2.3\\29c8703a756f9a41bc8e14e2aae7890658c54abf\\spring-tx-6.2.3.jar;C:\\Users\\Administrator\\.gradle\\caches\\modules-2\\files-2.1\\org.springframework\\spring-beans\\6.2.3\\de660324c90e9b015886d85c746860478fa7d99c\\spring-beans-6.2.3.jar;C:\\Users\\Administrator\\.gradle\\caches\\modules-2\\files-2.1\\org.springframework\\spring-expression\\6.2.3\\bda43c7be1bb69cce2a380c2bbaf05062631d42d\\spring-expression-6.2.3.jar;C:\\Users\\Administrator\\.gradle\\caches\\modules-2\\files-2.1\\org.springframework\\spring-core\\6.2.3\\13ec11e345b915d7ceea37446f1b1eefdcaad62c\\spring-core-6.2.3.jar;C:\\Users\\Administrator\\.gradle\\caches\\modules-2\\files-2.1\\org.xmlunit\\xmlunit-core\\2.10.0\\1355088731b4ec2107ff7f319f0d7445d916bab\\xmlunit-core-2.10.0.jar;C:\\Users\\Administrator\\.gradle\\caches\\modules-2\\files-2.1\\io.cucumber\\cucumber-core\\7.15.0\\b0ab1c36e6e2564570cf23cbec430dd486879772\\cucumber-core-7.15.0.jar;C:\\Users\\Administrator\\.gradle\\caches\\modules-2\\files-2.1\\io.cucumber\\cucumber-expressions\\17.0.1\\14c630335855061e4e425b940405c60cf805f64e\\cucumber-expressions-17.0.1.jar;C:\\Users\\Administrator\\.gradle\\caches\\modules-2\\files-2.1\\io.cucumber\\datatable\\7.15.0\\d2cd786670df5f97099c7e5e6f147c894064551f\\datatable-7.15.0.jar;C:\\Users\\Administrator\\.gradle\\caches\\modules-2\\files-2.1\\io.cucumber\\cucumber-gherkin-messages\\7.15.0\\c2710ad50095c3051893208dd88826d70f02c576\\cucumber-gherkin-messages-7.15.0.jar;C:\\Users\\Administrator\\.gradle\\caches\\modules-2\\files-2.1\\io.cucumber\\cucumber-gherkin\\7.15.0\\d9a17045953650bfb78a960306c2042c83af89fe\\cucumber-gherkin-7.15.0.jar;C:\\Users\\Administrator\\.gradle\\caches\\modules-2\\files-2.1\\io.cucumber\\cucumber-plugin\\7.15.0\\c448856656fe18b688c36059a29bfda0f65a77eb\\cucumber-plugin-7.15.0.jar;C:\\Users\\Administrator\\.gradle\\caches\\modules-2\\files-2.1\\io.cucumber\\docstring\\7.15.0\\154dfddbe879ab777b3c0d2927f07fabeae47476\\docstring-7.15.0.jar;C:\\Users\\Administrator\\.gradle\\caches\\modules-2\\files-2.1\\org.apiguardian\\apiguardian-api\\1.1.2\\a231e0d844d2721b0fa1b238006d15c6ded6842a\\apiguardian-api-1.1.2.jar;C:\\Users\\Administrator\\.gradle\\caches\\modules-2\\files-2.1\\org.springframework.boot\\spring-boot-starter-logging\\3.4.3\\e5aee6af32c2dbcc9fb379bcd6c5e5b931db93f1\\spring-boot-starter-logging-3.4.3.jar;C:\\Users\\Administrator\\.gradle\\caches\\modules-2\\files-2.1\\jakarta.annotation\\jakarta.annotation-api\\2.1.1\\48b9bda22b091b1f48b13af03fe36db3be6e1ae3\\jakarta.annotation-api-2.1.1.jar;C:\\Users\\Administrator\\.gradle\\caches\\modules-2\\files-2.1\\org.yaml\\snakeyaml\\2.3\\936b36210e27320f920536f695cf1af210c44586\\snakeyaml-2.3.jar;C:\\Users\\Administrator\\.gradle\\caches\\modules-2\\files-2.1\\com.zaxxer\\HikariCP\\5.1.0\\8c96e36c14461fc436bb02b264b96ef3ca5dca8c\\HikariCP-5.1.0.jar;C:\\Users\\Administrator\\.gradle\\caches\\modules-2\\files-2.1\\jakarta.persistence\\jakarta.persistence-api\\3.1.0\\66901fa1c373c6aff65c13791cc11da72060a8d6\\jakarta.persistence-api-3.1.0.jar;C:\\Users\\Administrator\\.gradle\\caches\\modules-2\\files-2.1\\jakarta.transaction\\jakarta.transaction-api\\2.0.1\\51a520e3fae406abb84e2e1148e6746ce3f80a1a\\jakarta.transaction-api-2.0.1.jar;C:\\Users\\Administrator\\.gradle\\caches\\modules-2\\files-2.1\\org.jboss.logging\\jboss-logging\\3.6.1.Final\\886afbb445b4016a37c8960a7aef6ebd769ce7e5\\jboss-logging-3.6.1.Final.jar;C:\\Users\\Administrator\\.gradle\\caches\\modules-2\\files-2.1\\org.hibernate.common\\hibernate-commons-annotations\\7.0.3.Final\\e183c4be8bb41d12e9f19b374e00c34a0a85f439\\hibernate-commons-annotations-7.0.3.Final.jar;C:\\Users\\Administrator\\.gradle\\caches\\modules-2\\files-2.1\\io.smallrye\\jandex\\3.2.0\\f17ad860f62a08487b9edabde608f8ac55c62fa7\\jandex-3.2.0.jar;C:\\Users\\Administrator\\.gradle\\caches\\modules-2\\files-2.1\\com.fasterxml\\classmate\\1.7.0\\e98374da1f2143ac8e6e0a95036994bb19137a3\\classmate-1.7.0.jar;C:\\Users\\Administrator\\.gradle\\caches\\modules-2\\files-2.1\\net.bytebuddy\\byte-buddy\\1.15.11\\f61886478e0f9ee4c21d09574736f0ff45e0a46c\\byte-buddy-1.15.11.jar;C:\\Users\\Administrator\\.gradle\\caches\\modules-2\\files-2.1\\jakarta.inject\\jakarta.inject-api\\2.0.1\\4c28afe1991a941d7702fe1362c365f0a8641d1e\\jakarta.inject-api-2.0.1.jar;C:\\Users\\Administrator\\.gradle\\caches\\modules-2\\files-2.1\\org.antlr\\antlr4-runtime\\4.13.0\\5a02e48521624faaf5ff4d99afc88b01686af655\\antlr4-runtime-4.13.0.jar;C:\\Users\\Administrator\\.gradle\\caches\\modules-2\\files-2.1\\ch.qos.logback\\logback-classic\\1.5.16\\113979db51dfad6dc895b34460d7b7ff64ffe7d2\\logback-classic-1.5.16.jar;C:\\Users\\Administrator\\.gradle\\caches\\modules-2\\files-2.1\\org.apache.logging.log4j\\log4j-to-slf4j\\2.24.3\\da1143e2a2531ee1c2d90baa98eb50a28a39d5a7\\log4j-to-slf4j-2.24.3.jar;C:\\Users\\Administrator\\.gradle\\caches\\modules-2\\files-2.1\\org.slf4j\\jul-to-slf4j\\2.0.16\\6d57da3e961daac65bcca0dd3def6cd11e48a24a\\jul-to-slf4j-2.0.16.jar;C:\\Users\\Administrator\\.gradle\\caches\\modules-2\\files-2.1\\org.slf4j\\slf4j-api\\2.0.16\\172931663a09a1fa515567af5fbef00897d3c04\\slf4j-api-2.0.16.jar;C:\\Users\\Administrator\\.gradle\\caches\\modules-2\\files-2.1\\org.aspectj\\aspectjweaver\\1.9.22.1\\bca243d0af0db4758fbae45c5f4995cb5dabb612\\aspectjweaver-1.9.22.1.jar;C:\\Users\\Administrator\\.gradle\\caches\\modules-2\\files-2.1\\org.apache.tomcat.embed\\tomcat-embed-websocket\\10.1.36\\222960bc8895aa543e405382094c7fb118544d0d\\tomcat-embed-websocket-10.1.36.jar;C:\\Users\\Administrator\\.gradle\\caches\\modules-2\\files-2.1\\org.apache.tomcat.embed\\tomcat-embed-core\\10.1.36\\3ccaa558e32e317e35d6674d65d7d9aa182e082f\\tomcat-embed-core-10.1.36.jar;C:\\Users\\Administrator\\.gradle\\caches\\modules-2\\files-2.1\\io.micrometer\\micrometer-observation\\1.14.4\\c17efe9e6695a0a849a95d0e77422516a345e779\\micrometer-observation-1.14.4.jar;C:\\Users\\Administrator\\.gradle\\caches\\modules-2\\files-2.1\\jakarta.validation\\jakarta.validation-api\\3.0.2\\92b6631659ba35ca09e44874d3eb936edfeee532\\jakarta.validation-api-3.0.2.jar;C:\\Users\\Administrator\\.gradle\\caches\\modules-2\\files-2.1\\org.jspecify\\jspecify\\1.0.0\\7425a601c1c7ec76645a78d22b8c6a627edee507\\jspecify-1.0.0.jar;C:\\Users\\Administrator\\.gradle\\caches\\modules-2\\files-2.1\\org.jetbrains\\annotations\\13.0\\919f0dfe192fb4e063e7dacadee7f8bb9a2672a9\\annotations-13.0.jar;C:\\Users\\Administrator\\.gradle\\caches\\modules-2\\files-2.1\\org.eclipse.angus\\angus-activation\\2.0.2\\41f1e0ddd157c856926ed149ab837d110955a9fc\\angus-activation-2.0.2.jar;C:\\Users\\Administrator\\.gradle\\caches\\modules-2\\files-2.1\\jakarta.activation\\jakarta.activation-api\\2.1.3\\fa165bd70cda600368eee31555222776a46b881f\\jakarta.activation-api-2.1.3.jar;C:\\Users\\Administrator\\.gradle\\caches\\modules-2\\files-2.1\\net.minidev\\accessors-smart\\2.5.2\\ce16fd235cfee48e67eda33e684423bba09f7d07\\accessors-smart-2.5.2.jar;C:\\Users\\Administrator\\.gradle\\caches\\modules-2\\files-2.1\\net.bytebuddy\\byte-buddy-agent\\1.15.11\\a38b16385e867f59a641330f0362ebe742788ed8\\byte-buddy-agent-1.15.11.jar;C:\\Users\\Administrator\\.gradle\\caches\\modules-2\\files-2.1\\org.objenesis\\objenesis\\3.3\\1049c09f1de4331e8193e579448d0916d75b7631\\objenesis-3.3.jar;C:\\Users\\Administrator\\.gradle\\caches\\modules-2\\files-2.1\\com.vaadin.external.google\\android-json\\0.0.20131108.vaadin1\\fa26d351fe62a6a17f5cda1287c1c6110dec413f\\android-json-0.0.20131108.vaadin1.jar;C:\\Users\\Administrator\\.gradle\\caches\\modules-2\\files-2.1\\org.springframework\\spring-jcl\\6.2.3\\ce8bf55aa240fdeab07b3da1f462c79112a33aff\\spring-jcl-6.2.3.jar;C:\\Users\\Administrator\\.gradle\\caches\\modules-2\\files-2.1\\org.springframework.security\\spring-security-crypto\\6.4.3\\157bf3d0173f12882938e244ba5c1359d72908d9\\spring-security-crypto-6.4.3.jar;C:\\Users\\Administrator\\.gradle\\caches\\modules-2\\files-2.1\\io.cucumber\\html-formatter\\20.4.0\\1f8e4ed1dc5699b4418710e60b006d38f815b02b\\html-formatter-20.4.0.jar;C:\\Users\\Administrator\\.gradle\\caches\\modules-2\\files-2.1\\io.cucumber\\junit-xml-formatter\\0.2.0\\b5602d3fa7a1bdc1531ed92e4c02886708b98788\\junit-xml-formatter-0.2.0.jar;C:\\Users\\Administrator\\.gradle\\caches\\modules-2\\files-2.1\\io.cucumber\\gherkin\\26.2.0\\306fbc8c165ad21c8a7c6519865c663bcfadbcc5\\gherkin-26.2.0.jar;C:\\Users\\Administrator\\.gradle\\caches\\modules-2\\files-2.1\\io.cucumber\\messages\\22.0.0\\5e44123c146b13987a58a7dcff6a92b5cb64b53a\\messages-22.0.0.jar;C:\\Users\\Administrator\\.gradle\\caches\\modules-2\\files-2.1\\io.cucumber\\tag-expressions\\6.0.0\\8c64b7f2caf44ae014a2ed3a030c7dc91154641f\\tag-expressions-6.0.0.jar;C:\\Users\\Administrator\\.gradle\\caches\\modules-2\\files-2.1\\io.cucumber\\ci-environment\\10.0.0\\eb6836690eace2b36a2ed8ed41723e02eca96038\\ci-environment-10.0.0.jar;C:\\Users\\Administrator\\.gradle\\caches\\modules-2\\files-2.1\\org.opentest4j\\opentest4j\\1.3.0\\152ea56b3a72f655d4fd677fc0ef2596c3dd5e6e\\opentest4j-1.3.0.jar;C:\\Users\\Administrator\\.gradle\\caches\\modules-2\\files-2.1\\io.micrometer\\micrometer-commons\\1.14.4\\3664f95586514d8f9adc81a5f7a5ef9f66b65599\\micrometer-commons-1.14.4.jar;C:\\Users\\Administrator\\.gradle\\caches\\modules-2\\files-2.1\\org.ow2.asm\\asm\\9.7.1\\f0ed132a49244b042cd0e15702ab9f2ce3cc8436\\asm-9.7.1.jar;C:\\Users\\Administrator\\.gradle\\caches\\modules-2\\files-2.1\\ch.qos.logback\\logback-core\\1.5.16\\4f17700f046900aea2fadf115e2d67fec921f7fd\\logback-core-1.5.16.jar;C:\\Users\\Administrator\\.gradle\\caches\\modules-2\\files-2.1\\org.apache.logging.log4j\\log4j-api\\2.24.3\\b02c125db8b6d295adf72ae6e71af5d83bce2370\\log4j-api-2.24.3.jar;C:\\Users\\Administrator\\.gradle\\caches\\modules-2\\files-2.1\\org.glassfish.jaxb\\txw2\\4.0.5\\f36a4ef12120a9bb06d766d6a0e54b144fd7ed98\\txw2-4.0.5.jar;C:\\Users\\Administrator\\.gradle\\caches\\modules-2\\files-2.1\\com.sun.istack\\istack-commons-runtime\\4.1.2\\18ec117c85f3ba0ac65409136afa8e42bc74e739\\istack-commons-runtime-4.1.2.jar;C:\\Users\\Administrator\\.gradle\\caches\\modules-2\\files-2.1\\org.apache.commons\\commons-lang3\\3.17.0\\b17d2136f0460dcc0d2016ceefca8723bdf4ee70\\commons-lang3-3.17.0.jar;C:\\Users\\Administrator\\.gradle\\caches\\modules-2\\files-2.1\\io.swagger.core.v3\\swagger-annotations-jakarta\\2.2.25\\6d8682e3c878769b2658397dacbd2474602487dc\\swagger-annotations-jakarta-2.2.25.jar
Launcher Type: SUN_STANDARD

[Global flags]
     intx CICompilerCount                          = 4                                         {product} {ergonomic}
     uint ConcGCThreads                            = 3                                         {product} {ergonomic}
     uint G1ConcRefinementThreads                  = 10                                        {product} {ergonomic}
   size_t G1HeapRegionSize                         = 1048576                                   {product} {ergonomic}
    uintx GCDrainStackTargetSize                   = 64                                        {product} {ergonomic}
   size_t InitialHeapSize                          = 257949696                                 {product} {ergonomic}
   size_t MarkStackSize                            = 4194304                                   {product} {ergonomic}
   size_t MaxHeapSize                              = 536870912                                 {product} {command line}
   size_t MaxNewSize                               = 321912832                                 {product} {ergonomic}
   size_t MinHeapDeltaBytes                        = 1048576                                   {product} {ergonomic}
   size_t MinHeapSize                              = 8388608                                   {product} {ergonomic}
    uintx NonNMethodCodeHeapSize                   = 5839372                                {pd product} {ergonomic}
    uintx NonProfiledCodeHeapSize                  = 122909434                              {pd product} {ergonomic}
    uintx ProfiledCodeHeapSize                     = 122909434                              {pd product} {ergonomic}
    uintx ReservedCodeCacheSize                    = 251658240                              {pd product} {ergonomic}
     bool SegmentedCodeCache                       = true                                      {product} {ergonomic}
   size_t SoftMaxHeapSize                          = 536870912                              {manageable} {ergonomic}
     bool UseCompressedOops                        = true                           {product lp64_product} {ergonomic}
     bool UseG1GC                                  = true                                      {product} {ergonomic}
     bool UseLargePagesIndividualAllocation        = false                                  {pd product} {ergonomic}

Logging:
Log output configuration:
 #0: stdout all=warning uptime,level,tags foldmultilines=false
 #1: stderr all=off uptime,level,tags foldmultilines=false

Release file:
IMPLEMENTOR="Eclipse Adoptium" 
IMPLEMENTOR_VERSION="Temurin-21.0.10+7" 
JAVA_RUNTIME_VERSION="21.0.10+7-LTS" 
JAVA_VERSION="21.0.10" 
JAVA_VERSION_DATE="2026-01-20" 
LIBC="default" 
MODULES="java.base java.compiler java.datatransfer java.xml java.prefs java.desktop java.instrument java.logging java.management java.security.sasl java.naming java.rmi java.management.rmi java.net.http java.scripting java.security.jgss java.transaction.xa java.sql java.sql.rowset java.xml.crypto java.se java.smartcardio jdk.accessibility jdk.internal.jvmstat jdk.attach jdk.charsets jdk.internal.opt jdk.zipfs jdk.compiler jdk.crypto.ec jdk.crypto.cryptoki jdk.crypto.mscapi jdk.dynalink jdk.internal.ed jdk.editpad jdk.hotspot.agent jdk.httpserver jdk.incubator.vector jdk.internal.le jdk.internal.vm.ci jdk.internal.vm.compiler jdk.internal.vm.compiler.management jdk.jartool jdk.javadoc jdk.jcmd jdk.management jdk.management.agent jdk.jconsole jdk.jdeps jdk.jdwp.agent jdk.jdi jdk.jfr jdk.jlink jdk.jpackage jdk.jshell jdk.jsobject jdk.jstatd jdk.localedata jdk.management.jfr jdk.naming.dns jdk.naming.rmi jdk.net jdk.nio.mapmode jdk.random jdk.sctp jdk.security.auth jdk.security.jgss jdk.unsupported jdk.unsupported.desktop jdk.xml.dom" 
OS_ARCH="x86_64" 
OS_NAME="Windows" 
SOURCE=".:git:a633eafe0fcc" 
BUILD_SOURCE="git:458965074606f027bd5afce2cfd5c1055dea0438"
BUILD_SOURCE_REPO="https://github.com/adoptium/temurin-build.git"
SOURCE_REPO="https://github.com/adoptium/jdk21u.git"
FULL_VERSION="21.0.10+7-LTS"
SEMANTIC_VERSION="21.0.10+7"
BUILD_INFO="OS: Windows Server 2022 Version: 10.0"
JVM_VARIANT="Hotspot"
JVM_VERSION="21.0.10+7-LTS"
IMAGE_TYPE="JDK"

Environment Variables:
PATH=C:\Users\Administrator\AppData\Local\Programs\Microsoft VS Code\bin;C:\Program Files\Microsoft\jdk-17.0.19.10-hotspot\bin;C:\WINDOWS\system32;C:\WINDOWS;C:\WINDOWS\System32\Wbem;C:\WINDOWS\System32\WindowsPowerShell\v1.0\;C:\WINDOWS\System32\OpenSSH\;C:\Program Files\dotnet\;C:\Program Files\Docker\Docker\resources\bin;C:\Program Files\Git\cmd;C:\Program Files\nodejs\;C:\Program Files (x86)\NVIDIA Corporation\PhysX\Common;C:\Users\Administrator\AppData\Local\Programs\Python\Python312\Scripts\;C:\Users\Administrator\AppData\Local\Programs\Python\Python312\;C:\Users\Administrator\AppData\Local\Microsoft\WindowsApps;C:\Users\Administrator\AppData\Local\Programs\Microsoft VS Code\bin;C:\Program Files\JetBrains\IntelliJ IDEA 2026.1\bin;C:\Users\Administrator\AppData\Roaming\npm;C:\Users\Administrator\AppData\Local\GitHubDesktop\bin;C:\Users\Administrator\AppData\Local\Google\Cloud SDK\google-cloud-sdk\bin
USERNAME=Administrator
DISPLAY=
TERM=xterm-256color
OS=Windows_NT
PROCESSOR_IDENTIFIER=AMD64 Family 25 Model 68 Stepping 1, AuthenticAMD
TMP=C:\Users\ADMINI~1\AppData\Local\Temp
TEMP=C:\Users\ADMINI~1\AppData\Local\Temp




Periodic native trim disabled

---------------  S Y S T E M  ---------------

OS:
 Windows 11 , 64 bit Build 26100 (10.0.26100.7920)
OS uptime: 0 days 3:19 hours
Hyper-V role detected

CPU: total 12 (initial active 12) (12 cores per cpu, 2 threads per core) family 25 model 68 stepping 1 microcode 0xa404107, cx8, cmov, fxsr, ht, mmx, 3dnowpref, sse, sse2, sse3, ssse3, sse4a, sse4.1, sse4.2, popcnt, lzcnt, tsc, tscinvbit, avx, avx2, aes, erms, clmul, bmi1, bmi2, adx, sha, fma, vzeroupper, clflush, clflushopt, hv, rdtscp, rdpid, fsrm, f16c, cet_ss
Processor Information for the first 12 processors :
  Max Mhz: 3301, Current Mhz: 3301, Mhz Limit: 3301

Memory: 4k page, system-wide physical 15688M (1221M free)
TotalPageFile size 27688M (AvailPageFile size 98M)
current process WorkingSet (physical memory assigned to process): 329M, peak: 368M
current process commit charge ("private bytes"): 377M, peak: 548M

vm_info: OpenJDK 64-Bit Server VM (21.0.10+7-LTS) for windows-amd64 JRE (21.0.10+7-LTS), built on 2026-01-20T00:00:00Z by "admin" with MS VC++ 17.12 (VS2022)

END.
